#
# There is insufficient memory for the Java Runtime Environment to continue.
# Native memory allocation (malloc) failed to allocate 889936 bytes for Chunk::new
# Possible reasons:
#   The system is out of physical RAM or swap space
#   The process is running with CompressedOops enabled, and the Java Heap may be blocking the growth of the native heap
# Possible solutions:
#   Reduce memory load on the system
#   Increase physical memory or swap space
#   Check if swap backing store is full
#   Decrease Java heap size (-Xmx/-Xms)
#   Decrease number of Java threads
#   Decrease Java thread stack sizes (-Xss)
#   Set larger code cache with -XX:ReservedCodeCacheSize=
#   JVM is running with Unscaled Compressed Oops mode in which the Java heap is
#     placed in the first 4GB address space. The Java Heap base address is the
#     maximum limit for the native heap growth. Please use -XX:HeapBaseMinAddress
#     to set the Java Heap base and to place the Java Heap above 4GB virtual address.
# This output file may be truncated or incomplete.
#
#  Out of Memory Error (./src/hotspot/share/memory/arena.cpp:197), pid=26332, tid=66144
#
# JRE version: OpenJDK Runtime Environment (11.0.10) (build 11.0.10+0-b96-7249189)
# Java VM: OpenJDK 64-Bit Server VM (11.0.10+0-b96-7249189, mixed mode, tiered, compressed oops, g1 gc, windows-amd64)
# No core dump will be written. Minidumps are not enabled by default on client versions of Windows
#

---------------  S U M M A R Y ------------

Command Line: --add-opens=java.base/java.util=ALL-UNNAMED --add-opens=java.base/java.lang=ALL-UNNAMED --add-opens=java.base/java.lang.invoke=ALL-UNNAMED --add-opens=java.base/java.util=ALL-UNNAMED --add-opens=java.prefs/java.util.prefs=ALL-UNNAMED --add-opens=java.prefs/java.util.prefs=ALL-UNNAMED --add-opens=java.base/java.nio.charset=ALL-UNNAMED --add-opens=java.base/java.net=ALL-UNNAMED --add-opens=java.base/java.util.concurrent.atomic=ALL-UNNAMED -Xmx2048m -Dfile.encoding=UTF-8 -Duser.country=CN -Duser.language=zh -Duser.variant org.gradle.launcher.daemon.bootstrap.GradleDaemon 7.0.2

Host: AMD Ryzen 5 4600U with Radeon Graphics         , 12 cores, 13G,  Windows 10 , 64 bit Build 22000 (10.0.22000.434)
Time: Tue Mar  8 08:55:52 2022 中国标准时间 elapsed time: 3.219380 seconds (0d 0h 0m 3s)

---------------  T H R E A D  ---------------

Current thread (0x0000014e20d0e800):  JavaThread "C2 CompilerThread2" daemon [_thread_in_native, id=66144, stack(0x0000003f1d700000,0x0000003f1d800000)]


Current CompileTask:
C2:   3219 2406   !   4       java.net.URL::<init> (543 bytes)

Stack: [0x0000003f1d700000,0x0000003f1d800000]
Native frames: (J=compiled Java code, j=interpreted, Vv=VM code, C=native code)
V  [jvm.dll+0x5ecfaa]
V  [jvm.dll+0x722bd5]
V  [jvm.dll+0x72412d]
V  [jvm.dll+0x7247e3]
V  [jvm.dll+0x242928]
V  [jvm.dll+0xbc4fc]
V  [jvm.dll+0xbca0c]
V  [jvm.dll+0x2b4fd4]
V  [jvm.dll+0x506028]
V  [jvm.dll+0x203253]
V  [jvm.dll+0x1fd07c]
V  [jvm.dll+0x1fa77f]
V  [jvm.dll+0x18354c]
V  [jvm.dll+0x208ee7]
V  [jvm.dll+0x207731]
V  [jvm.dll+0x6eb1cf]
V  [jvm.dll+0x6e3d45]
V  [jvm.dll+0x5ebe96]
C  [ucrtbase.dll+0x26c0c]
C  [KERNEL32.DLL+0x154e0]
C  [ntdll.dll+0x485b]


---------------  P R O C E S S  ---------------

Threads class SMR info:
_java_thread_list=0x0000014e2213eb40, length=42, elements={
0x0000014e0366f000, 0x0000014e1e782800, 0x0000014e1e78d000, 0x0000014e1e7f9800,
0x0000014e1e7fa800, 0x0000014e1e7fc000, 0x0000014e1e7fd000, 0x0000014e1e801000,
0x0000014e1e82a000, 0x0000014e1e8ef800, 0x0000014e21744800, 0x0000014e1eacb000,
0x0000014e20b30000, 0x0000014e20387000, 0x0000014e20c13000, 0x0000014e20257000,
0x0000014e20dd9000, 0x0000014e1fd81800, 0x0000014e201d0800, 0x0000014e21f2c000,
0x0000014e2101d800, 0x0000014e2101e000, 0x0000014e21021800, 0x0000014e2101f000,
0x0000014e21020000, 0x0000014e21020800, 0x0000014e21022000, 0x0000014e2101c800,
0x0000014e21023000, 0x0000014e2223a800, 0x0000014e22238800, 0x0000014e22239800,
0x0000014e2223b000, 0x0000014e2223c000, 0x0000014e20d0e800, 0x0000014e22236800,
0x0000014e22237000, 0x0000014e2223d000, 0x0000014e22238000, 0x0000014e2223e800,
0x0000014e22243800, 0x0000014e22240000
}

Java Threads: ( => current thread )
  0x0000014e0366f000 JavaThread "main" [_thread_blocked, id=65408, stack(0x0000003f1a300000,0x0000003f1a400000)]
  0x0000014e1e782800 JavaThread "Reference Handler" daemon [_thread_blocked, id=77972, stack(0x0000003f1aa00000,0x0000003f1ab00000)]
  0x0000014e1e78d000 JavaThread "Finalizer" daemon [_thread_blocked, id=80604, stack(0x0000003f1ab00000,0x0000003f1ac00000)]
  0x0000014e1e7f9800 JavaThread "Signal Dispatcher" daemon [_thread_blocked, id=57960, stack(0x0000003f1ac00000,0x0000003f1ad00000)]
  0x0000014e1e7fa800 JavaThread "Attach Listener" daemon [_thread_blocked, id=79344, stack(0x0000003f1ad00000,0x0000003f1ae00000)]
  0x0000014e1e7fc000 JavaThread "Service Thread" daemon [_thread_blocked, id=57948, stack(0x0000003f1ae00000,0x0000003f1af00000)]
  0x0000014e1e7fd000 JavaThread "C2 CompilerThread0" daemon [_thread_in_native, id=23016, stack(0x0000003f1af00000,0x0000003f1b000000)]
  0x0000014e1e801000 JavaThread "C1 CompilerThread0" daemon [_thread_blocked, id=77884, stack(0x0000003f1b000000,0x0000003f1b100000)]
  0x0000014e1e82a000 JavaThread "Sweeper thread" daemon [_thread_blocked, id=68456, stack(0x0000003f1b100000,0x0000003f1b200000)]
  0x0000014e1e8ef800 JavaThread "Common-Cleaner" daemon [_thread_blocked, id=66612, stack(0x0000003f1b200000,0x0000003f1b300000)]
  0x0000014e21744800 JavaThread "Daemon health stats" [_thread_blocked, id=81652, stack(0x0000003f1ba00000,0x0000003f1bb00000)]
  0x0000014e1eacb000 JavaThread "Incoming local TCP Connector on port 63981" [_thread_in_native, id=28064, stack(0x0000003f1b400000,0x0000003f1b500000)]
  0x0000014e20b30000 JavaThread "Daemon periodic checks" [_thread_blocked, id=65336, stack(0x0000003f1b900000,0x0000003f1ba00000)]
  0x0000014e20387000 JavaThread "Daemon" [_thread_blocked, id=65692, stack(0x0000003f1bb00000,0x0000003f1bc00000)]
  0x0000014e20c13000 JavaThread "Handler for socket connection from /127.0.0.1:63981 to /127.0.0.1:63982" [_thread_in_native, id=50652, stack(0x0000003f1bc00000,0x0000003f1bd00000)]
  0x0000014e20257000 JavaThread "C2 CompilerThread1" daemon [_thread_in_native, id=81828, stack(0x0000003f1bd00000,0x0000003f1be00000)]
  0x0000014e20dd9000 JavaThread "Cancel handler" [_thread_blocked, id=30680, stack(0x0000003f1be00000,0x0000003f1bf00000)]
  0x0000014e1fd81800 JavaThread "Daemon worker" [_thread_in_native, id=80192, stack(0x0000003f1bf00000,0x0000003f1c000000)]
  0x0000014e201d0800 JavaThread "Asynchronous log dispatcher for DefaultDaemonConnection: socket connection from /127.0.0.1:63981 to /127.0.0.1:63982" [_thread_blocked, id=20692, stack(0x0000003f1c000000,0x0000003f1c100000)]
  0x0000014e21f2c000 JavaThread "Stdin handler" [_thread_blocked, id=80184, stack(0x0000003f1c100000,0x0000003f1c200000)]
  0x0000014e2101d800 JavaThread "Daemon client event forwarder" [_thread_blocked, id=44472, stack(0x0000003f1c200000,0x0000003f1c300000)]
  0x0000014e2101e000 JavaThread "Cache worker for file hash cache (C:\Users\lenovo\.gradle\caches\7.0.2\fileHashes)" [_thread_blocked, id=70360, stack(0x0000003f1c300000,0x0000003f1c400000)]
  0x0000014e21021800 JavaThread "File lock request listener" [_thread_in_native, id=70596, stack(0x0000003f1c400000,0x0000003f1c500000)]
  0x0000014e2101f000 JavaThread "Cache worker for journal cache (C:\Users\lenovo\.gradle\caches\journal-1)" [_thread_blocked, id=344, stack(0x0000003f1cc00000,0x0000003f1cd00000)]
  0x0000014e21020000 JavaThread "Cache worker for file hash cache (E:\Android_Homework_XHJ\FirstHomework\.gradle\7.0.2\fileHashes)" [_thread_blocked, id=78900, stack(0x0000003f1cd00000,0x0000003f1ce00000)]
  0x0000014e21020800 JavaThread "File watcher server" daemon [_thread_in_native, id=57032, stack(0x0000003f1ce00000,0x0000003f1cf00000)]
  0x0000014e21022000 JavaThread "File watcher consumer" daemon [_thread_blocked, id=81244, stack(0x0000003f1cf00000,0x0000003f1d000000)]
  0x0000014e2101c800 JavaThread "jar transforms" [_thread_blocked, id=73656, stack(0x0000003f1d000000,0x0000003f1d100000)]
  0x0000014e21023000 JavaThread "jar transforms Thread 2" [_thread_blocked, id=81544, stack(0x0000003f1d100000,0x0000003f1d200000)]
  0x0000014e2223a800 JavaThread "jar transforms Thread 3" [_thread_blocked, id=68988, stack(0x0000003f1d200000,0x0000003f1d300000)]
  0x0000014e22238800 JavaThread "jar transforms Thread 4" [_thread_blocked, id=18732, stack(0x0000003f1d300000,0x0000003f1d400000)]
  0x0000014e22239800 JavaThread "jar transforms Thread 5" [_thread_blocked, id=73072, stack(0x0000003f1d400000,0x0000003f1d500000)]
  0x0000014e2223b000 JavaThread "jar transforms Thread 6" [_thread_blocked, id=80116, stack(0x0000003f1d500000,0x0000003f1d600000)]
  0x0000014e2223c000 JavaThread "jar transforms Thread 7" [_thread_blocked, id=79372, stack(0x0000003f1d600000,0x0000003f1d700000)]
=>0x0000014e20d0e800 JavaThread "C2 CompilerThread2" daemon [_thread_in_native, id=66144, stack(0x0000003f1d700000,0x0000003f1d800000)]
  0x0000014e22236800 JavaThread "jar transforms Thread 8" [_thread_blocked, id=79396, stack(0x0000003f1d800000,0x0000003f1d900000)]
  0x0000014e22237000 JavaThread "jar transforms Thread 9" [_thread_blocked, id=72996, stack(0x0000003f1d900000,0x0000003f1da00000)]
  0x0000014e2223d000 JavaThread "jar transforms Thread 10" [_thread_blocked, id=77364, stack(0x0000003f1da00000,0x0000003f1db00000)]
  0x0000014e22238000 JavaThread "jar transforms Thread 11" [_thread_blocked, id=4060, stack(0x0000003f1db00000,0x0000003f1dc00000)]
  0x0000014e2223e800 JavaThread "jar transforms Thread 12" [_thread_blocked, id=81504, stack(0x0000003f1dc00000,0x0000003f1dd00000)]
  0x0000014e22243800 JavaThread "Cache worker for checksums cache (E:\Android_Homework_XHJ\FirstHomework\.gradle\checksums)" [_thread_blocked, id=76684, stack(0x0000003f1dd00000,0x0000003f1de00000)]
  0x0000014e22240000 JavaThread "Cache worker for cache directory md-supplier (C:\Users\lenovo\.gradle\caches\7.0.2\md-supplier)" [_thread_blocked, id=37884, stack(0x0000003f1de00000,0x0000003f1df00000)]

Other Threads:
  0x0000014e1df5b000 VMThread "VM Thread" [stack: 0x0000003f1a900000,0x0000003f1aa00000] [id=75380]
  0x0000014e1e97c000 WatcherThread [stack: 0x0000003f1b300000,0x0000003f1b400000] [id=81240]
  0x0000014e03685000 GCTaskThread "GC Thread#0" [stack: 0x0000003f1a400000,0x0000003f1a500000] [id=63004]
  0x0000014e1f1c5800 GCTaskThread "GC Thread#1" [stack: 0x0000003f1b500000,0x0000003f1b600000] [id=81604]
  0x0000014e1f601000 GCTaskThread "GC Thread#2" [stack: 0x0000003f1b600000,0x0000003f1b700000] [id=24288]
  0x0000014e1f1ab800 GCTaskThread "GC Thread#3" [stack: 0x0000003f1b700000,0x0000003f1b800000] [id=67288]
  0x0000014e1f566000 GCTaskThread "GC Thread#4" [stack: 0x0000003f1b800000,0x0000003f1b900000] [id=78904]
  0x0000014e20d3f000 GCTaskThread "GC Thread#5" [stack: 0x0000003f1c500000,0x0000003f1c600000] [id=10876]
  0x0000014e1ff79800 GCTaskThread "GC Thread#6" [stack: 0x0000003f1c600000,0x0000003f1c700000] [id=78228]
  0x0000014e1ff7a000 GCTaskThread "GC Thread#7" [stack: 0x0000003f1c700000,0x0000003f1c800000] [id=21904]
  0x0000014e2107b000 GCTaskThread "GC Thread#8" [stack: 0x0000003f1c800000,0x0000003f1c900000] [id=78252]
  0x0000014e2107c000 GCTaskThread "GC Thread#9" [stack: 0x0000003f1c900000,0x0000003f1ca00000] [id=23880]
  0x0000014e036b9000 ConcurrentGCThread "G1 Main Marker" [stack: 0x0000003f1a500000,0x0000003f1a600000] [id=80764]
  0x0000014e036ba000 ConcurrentGCThread "G1 Conc#0" [stack: 0x0000003f1a600000,0x0000003f1a700000] [id=66448]
  0x0000014e1f48e800 ConcurrentGCThread "G1 Conc#1" [stack: 0x0000003f1ca00000,0x0000003f1cb00000] [id=64804]
  0x0000014e2175d800 ConcurrentGCThread "G1 Conc#2" [stack: 0x0000003f1cb00000,0x0000003f1cc00000] [id=71056]
  0x0000014e0374d800 ConcurrentGCThread "G1 Refine#0" [stack: 0x0000003f1a700000,0x0000003f1a800000] [id=80596]
  0x0000014e1ddca800 ConcurrentGCThread "G1 Young RemSet Sampling" [stack: 0x0000003f1a800000,0x0000003f1a900000] [id=81212]

Threads with active compile tasks:
C2 CompilerThread0   3247 2207       4       java.net.URLClassLoader$1::run (5 bytes)
C2 CompilerThread1   3247 2208   !   4       java.net.URLClassLoader$1::run (63 bytes)
C2 CompilerThread2   3247 2406   !   4       java.net.URL::<init> (543 bytes)

VM state:not at safepoint (normal execution)

VM Mutex/Monitor currently owned by a thread: None

Heap address: 0x0000000080000000, size: 2048 MB, Compressed Oops mode: 32-bit
Narrow klass base: 0x0000000000000000, Narrow klass shift: 3
Compressed class space size: 1073741824 Address: 0x0000000100000000

Heap:
 garbage-first heap   total 227328K, used 56099K [0x0000000080000000, 0x0000000100000000)
  region size 1024K, 30 young (30720K), 6 survivors (6144K)
 Metaspace       used 28374K, capacity 29250K, committed 29568K, reserved 1075200K
  class space    used 3780K, capacity 4100K, committed 4224K, reserved 1048576K
Heap Regions: E=young(eden), S=young(survivor), O=old, HS=humongous(starts), HC=humongous(continues), CS=collection set, F=free, A=archive, TAMS=top-at-mark-start (previous, next)
|   0|0x0000000080000000, 0x0000000080100000, 0x0000000080100000|100%|HS|  |TAMS 0x0000000080000000, 0x0000000080000000| Complete 
|   1|0x0000000080100000, 0x0000000080200000, 0x0000000080200000|100%|HC|  |TAMS 0x0000000080100000, 0x0000000080100000| Complete 
|   2|0x0000000080200000, 0x0000000080300000, 0x0000000080300000|100%| O|  |TAMS 0x0000000080200000, 0x0000000080200000| Untracked 
|   3|0x0000000080300000, 0x0000000080400000, 0x0000000080400000|100%|HS|  |TAMS 0x0000000080400000, 0x0000000080300000| Complete 
|   4|0x0000000080400000, 0x0000000080500000, 0x0000000080500000|100%|HC|  |TAMS 0x0000000080500000, 0x0000000080400000| Complete 
|   5|0x0000000080500000, 0x0000000080600000, 0x0000000080600000|100%|HC|  |TAMS 0x0000000080600000, 0x0000000080500000| Complete 
|   6|0x0000000080600000, 0x0000000080700000, 0x0000000080700000|100%| O|  |TAMS 0x0000000080700000, 0x0000000080600000| Untracked 
|   7|0x0000000080700000, 0x0000000080800000, 0x0000000080800000|100%| O|  |TAMS 0x0000000080800000, 0x0000000080700000| Untracked 
|   8|0x0000000080800000, 0x0000000080900000, 0x0000000080900000|100%| O|  |TAMS 0x00000000808fcc00, 0x0000000080800000| Untracked 
|   9|0x0000000080900000, 0x0000000080a00000, 0x0000000080a00000|100%|HS|  |TAMS 0x0000000080900000, 0x0000000080900000| Complete 
|  10|0x0000000080a00000, 0x0000000080b00000, 0x0000000080b00000|100%|HC|  |TAMS 0x0000000080a00000, 0x0000000080a00000| Complete 
|  11|0x0000000080b00000, 0x0000000080c00000, 0x0000000080c00000|100%|HC|  |TAMS 0x0000000080b00000, 0x0000000080b00000| Complete 
|  12|0x0000000080c00000, 0x0000000080d00000, 0x0000000080d00000|100%|HS|  |TAMS 0x0000000080c00000, 0x0000000080c00000| Complete 
|  13|0x0000000080d00000, 0x0000000080e00000, 0x0000000080e00000|100%|HC|  |TAMS 0x0000000080d00000, 0x0000000080d00000| Complete 
|  14|0x0000000080e00000, 0x0000000080f00000, 0x0000000080f00000|100%|HC|  |TAMS 0x0000000080e00000, 0x0000000080e00000| Complete 
|  15|0x0000000080f00000, 0x0000000081000000, 0x0000000081000000|100%|HC|  |TAMS 0x0000000080f00000, 0x0000000080f00000| Complete 
|  16|0x0000000081000000, 0x0000000081100000, 0x0000000081100000|100%|HC|  |TAMS 0x0000000081000000, 0x0000000081000000| Complete 
|  17|0x0000000081100000, 0x0000000081200000, 0x0000000081200000|100%| O|  |TAMS 0x0000000081100000, 0x0000000081100000| Untracked 
|  18|0x0000000081200000, 0x0000000081300000, 0x0000000081300000|100%| O|  |TAMS 0x0000000081200000, 0x0000000081200000| Untracked 
|  19|0x0000000081300000, 0x0000000081400000, 0x0000000081400000|100%| O|  |TAMS 0x0000000081300000, 0x0000000081300000| Untracked 
|  20|0x0000000081400000, 0x0000000081500000, 0x0000000081500000|100%| O|  |TAMS 0x0000000081400000, 0x0000000081400000| Untracked 
|  21|0x0000000081500000, 0x0000000081600000, 0x0000000081600000|100%| O|  |TAMS 0x0000000081500000, 0x0000000081500000| Untracked 
|  22|0x0000000081600000, 0x0000000081700000, 0x0000000081700000|100%| O|  |TAMS 0x0000000081600000, 0x0000000081600000| Untracked 
|  23|0x0000000081700000, 0x0000000081800000, 0x0000000081800000|100%| O|  |TAMS 0x0000000081700000, 0x0000000081700000| Untracked 
|  24|0x0000000081800000, 0x0000000081900000, 0x0000000081900000|100%| O|  |TAMS 0x0000000081800000, 0x0000000081800000| Untracked 
|  25|0x0000000081900000, 0x0000000081a00000, 0x0000000081a00000|100%| O|  |TAMS 0x0000000081900000, 0x0000000081900000| Untracked 
|  26|0x0000000081a00000, 0x0000000081a10400, 0x0000000081b00000|  6%| O|  |TAMS 0x0000000081a00000, 0x0000000081a00000| Untracked 
|  27|0x0000000081b00000, 0x0000000081b00000, 0x0000000081c00000|  0%| F|  |TAMS 0x0000000081b00000, 0x0000000081b00000| Untracked 
|  28|0x0000000081c00000, 0x0000000081c00000, 0x0000000081d00000|  0%| F|  |TAMS 0x0000000081c00000, 0x0000000081c00000| Untracked 
|  29|0x0000000081d00000, 0x0000000081d00000, 0x0000000081e00000|  0%| F|  |TAMS 0x0000000081d00000, 0x0000000081d00000| Untracked 
|  30|0x0000000081e00000, 0x0000000081e00000, 0x0000000081f00000|  0%| F|  |TAMS 0x0000000081e00000, 0x0000000081e00000| Untracked 
|  31|0x0000000081f00000, 0x0000000081f00000, 0x0000000082000000|  0%| F|  |TAMS 0x0000000081f00000, 0x0000000081f00000| Untracked 
|  32|0x0000000082000000, 0x0000000082000000, 0x0000000082100000|  0%| F|  |TAMS 0x0000000082000000, 0x0000000082000000| Untracked 
|  33|0x0000000082100000, 0x0000000082100000, 0x0000000082200000|  0%| F|  |TAMS 0x0000000082100000, 0x0000000082100000| Untracked 
|  34|0x0000000082200000, 0x0000000082200000, 0x0000000082300000|  0%| F|  |TAMS 0x0000000082200000, 0x0000000082200000| Untracked 
|  35|0x0000000082300000, 0x0000000082300000, 0x0000000082400000|  0%| F|  |TAMS 0x0000000082300000, 0x0000000082300000| Untracked 
|  36|0x0000000082400000, 0x0000000082400000, 0x0000000082500000|  0%| F|  |TAMS 0x0000000082400000, 0x0000000082400000| Untracked 
|  37|0x0000000082500000, 0x0000000082500000, 0x0000000082600000|  0%| F|  |TAMS 0x0000000082500000, 0x0000000082500000| Untracked 
|  38|0x0000000082600000, 0x0000000082600000, 0x0000000082700000|  0%| F|  |TAMS 0x0000000082600000, 0x0000000082600000| Untracked 
|  39|0x0000000082700000, 0x0000000082700000, 0x0000000082800000|  0%| F|  |TAMS 0x0000000082700000, 0x0000000082700000| Untracked 
|  40|0x0000000082800000, 0x0000000082800000, 0x0000000082900000|  0%| F|  |TAMS 0x0000000082800000, 0x0000000082800000| Untracked 
|  41|0x0000000082900000, 0x0000000082900000, 0x0000000082a00000|  0%| F|  |TAMS 0x0000000082900000, 0x0000000082900000| Untracked 
|  42|0x0000000082a00000, 0x0000000082a00000, 0x0000000082b00000|  0%| F|  |TAMS 0x0000000082a00000, 0x0000000082a00000| Untracked 
|  43|0x0000000082b00000, 0x0000000082b00000, 0x0000000082c00000|  0%| F|  |TAMS 0x0000000082b00000, 0x0000000082b00000| Untracked 
|  44|0x0000000082c00000, 0x0000000082c00000, 0x0000000082d00000|  0%| F|  |TAMS 0x0000000082c00000, 0x0000000082c00000| Untracked 
|  45|0x0000000082d00000, 0x0000000082d00000, 0x0000000082e00000|  0%| F|  |TAMS 0x0000000082d00000, 0x0000000082d00000| Untracked 
|  46|0x0000000082e00000, 0x0000000082e00000, 0x0000000082f00000|  0%| F|  |TAMS 0x0000000082e00000, 0x0000000082e00000| Untracked 
|  47|0x0000000082f00000, 0x0000000082f00000, 0x0000000083000000|  0%| F|  |TAMS 0x0000000082f00000, 0x0000000082f00000| Untracked 
|  48|0x0000000083000000, 0x0000000083000000, 0x0000000083100000|  0%| F|  |TAMS 0x0000000083000000, 0x0000000083000000| Untracked 
|  49|0x0000000083100000, 0x0000000083100000, 0x0000000083200000|  0%| F|  |TAMS 0x0000000083100000, 0x0000000083100000| Untracked 
|  50|0x0000000083200000, 0x0000000083200000, 0x0000000083300000|  0%| F|  |TAMS 0x0000000083200000, 0x0000000083200000| Untracked 
|  51|0x0000000083300000, 0x0000000083300000, 0x0000000083400000|  0%| F|  |TAMS 0x0000000083300000, 0x0000000083300000| Untracked 
|  52|0x0000000083400000, 0x0000000083400000, 0x0000000083500000|  0%| F|  |TAMS 0x0000000083400000, 0x0000000083400000| Untracked 
|  53|0x0000000083500000, 0x0000000083500000, 0x0000000083600000|  0%| F|  |TAMS 0x0000000083500000, 0x0000000083500000| Untracked 
|  54|0x0000000083600000, 0x0000000083600000, 0x0000000083700000|  0%| F|  |TAMS 0x0000000083600000, 0x0000000083600000| Untracked 
|  55|0x0000000083700000, 0x0000000083700000, 0x0000000083800000|  0%| F|  |TAMS 0x0000000083700000, 0x0000000083700000| Untracked 
|  56|0x0000000083800000, 0x0000000083800000, 0x0000000083900000|  0%| F|  |TAMS 0x0000000083800000, 0x0000000083800000| Untracked 
|  57|0x0000000083900000, 0x0000000083900000, 0x0000000083a00000|  0%| F|  |TAMS 0x0000000083900000, 0x0000000083900000| Untracked 
|  58|0x0000000083a00000, 0x0000000083a00000, 0x0000000083b00000|  0%| F|  |TAMS 0x0000000083a00000, 0x0000000083a00000| Untracked 
|  59|0x0000000083b00000, 0x0000000083b00000, 0x0000000083c00000|  0%| F|  |TAMS 0x0000000083b00000, 0x0000000083b00000| Untracked 
|  60|0x0000000083c00000, 0x0000000083c00000, 0x0000000083d00000|  0%| F|  |TAMS 0x0000000083c00000, 0x0000000083c00000| Untracked 
|  61|0x0000000083d00000, 0x0000000083d00000, 0x0000000083e00000|  0%| F|  |TAMS 0x0000000083d00000, 0x0000000083d00000| Untracked 
|  62|0x0000000083e00000, 0x0000000083e00000, 0x0000000083f00000|  0%| F|  |TAMS 0x0000000083e00000, 0x0000000083e00000| Untracked 
|  63|0x0000000083f00000, 0x0000000083f00000, 0x0000000084000000|  0%| F|  |TAMS 0x0000000083f00000, 0x0000000083f00000| Untracked 
|  64|0x0000000084000000, 0x0000000084000000, 0x0000000084100000|  0%| F|  |TAMS 0x0000000084000000, 0x0000000084000000| Untracked 
|  65|0x0000000084100000, 0x0000000084100000, 0x0000000084200000|  0%| F|  |TAMS 0x0000000084100000, 0x0000000084100000| Untracked 
|  66|0x0000000084200000, 0x0000000084200000, 0x0000000084300000|  0%| F|  |TAMS 0x0000000084200000, 0x0000000084200000| Untracked 
|  67|0x0000000084300000, 0x0000000084300000, 0x0000000084400000|  0%| F|  |TAMS 0x0000000084300000, 0x0000000084300000| Untracked 
|  68|0x0000000084400000, 0x0000000084400000, 0x0000000084500000|  0%| F|  |TAMS 0x0000000084400000, 0x0000000084400000| Untracked 
|  69|0x0000000084500000, 0x0000000084500000, 0x0000000084600000|  0%| F|  |TAMS 0x0000000084500000, 0x0000000084500000| Untracked 
|  70|0x0000000084600000, 0x0000000084600000, 0x0000000084700000|  0%| F|  |TAMS 0x0000000084600000, 0x0000000084600000| Untracked 
|  71|0x0000000084700000, 0x0000000084700000, 0x0000000084800000|  0%| F|  |TAMS 0x0000000084700000, 0x0000000084700000| Untracked 
|  72|0x0000000084800000, 0x0000000084800000, 0x0000000084900000|  0%| F|  |TAMS 0x0000000084800000, 0x0000000084800000| Untracked 
|  73|0x0000000084900000, 0x0000000084900000, 0x0000000084a00000|  0%| F|  |TAMS 0x0000000084900000, 0x0000000084900000| Untracked 
|  74|0x0000000084a00000, 0x0000000084a00000, 0x0000000084b00000|  0%| F|  |TAMS 0x0000000084a00000, 0x0000000084a00000| Untracked 
|  75|0x0000000084b00000, 0x0000000084b00000, 0x0000000084c00000|  0%| F|  |TAMS 0x0000000084b00000, 0x0000000084b00000| Untracked 
|  76|0x0000000084c00000, 0x0000000084c00000, 0x0000000084d00000|  0%| F|  |TAMS 0x0000000084c00000, 0x0000000084c00000| Untracked 
|  77|0x0000000084d00000, 0x0000000084d00000, 0x0000000084e00000|  0%| F|  |TAMS 0x0000000084d00000, 0x0000000084d00000| Untracked 
|  78|0x0000000084e00000, 0x0000000084e00000, 0x0000000084f00000|  0%| F|  |TAMS 0x0000000084e00000, 0x0000000084e00000| Untracked 
|  79|0x0000000084f00000, 0x0000000084f00000, 0x0000000085000000|  0%| F|  |TAMS 0x0000000084f00000, 0x0000000084f00000| Untracked 
|  80|0x0000000085000000, 0x0000000085000000, 0x0000000085100000|  0%| F|  |TAMS 0x0000000085000000, 0x0000000085000000| Untracked 
|  81|0x0000000085100000, 0x0000000085100000, 0x0000000085200000|  0%| F|  |TAMS 0x0000000085100000, 0x0000000085100000| Untracked 
|  82|0x0000000085200000, 0x0000000085200000, 0x0000000085300000|  0%| F|  |TAMS 0x0000000085200000, 0x0000000085200000| Untracked 
|  83|0x0000000085300000, 0x0000000085300000, 0x0000000085400000|  0%| F|  |TAMS 0x0000000085300000, 0x0000000085300000| Untracked 
|  84|0x0000000085400000, 0x0000000085400000, 0x0000000085500000|  0%| F|  |TAMS 0x0000000085400000, 0x0000000085400000| Untracked 
|  85|0x0000000085500000, 0x0000000085500000, 0x0000000085600000|  0%| F|  |TAMS 0x0000000085500000, 0x0000000085500000| Untracked 
|  86|0x0000000085600000, 0x0000000085600000, 0x0000000085700000|  0%| F|  |TAMS 0x0000000085600000, 0x0000000085600000| Untracked 
|  87|0x0000000085700000, 0x0000000085700000, 0x0000000085800000|  0%| F|  |TAMS 0x0000000085700000, 0x0000000085700000| Untracked 
|  88|0x0000000085800000, 0x0000000085800000, 0x0000000085900000|  0%| F|  |TAMS 0x0000000085800000, 0x0000000085800000| Untracked 
|  89|0x0000000085900000, 0x0000000085900000, 0x0000000085a00000|  0%| F|  |TAMS 0x0000000085900000, 0x0000000085900000| Untracked 
|  90|0x0000000085a00000, 0x0000000085a00000, 0x0000000085b00000|  0%| F|  |TAMS 0x0000000085a00000, 0x0000000085a00000| Untracked 
|  91|0x0000000085b00000, 0x0000000085b00000, 0x0000000085c00000|  0%| F|  |TAMS 0x0000000085b00000, 0x0000000085b00000| Untracked 
|  92|0x0000000085c00000, 0x0000000085c00000, 0x0000000085d00000|  0%| F|  |TAMS 0x0000000085c00000, 0x0000000085c00000| Untracked 
|  93|0x0000000085d00000, 0x0000000085d00000, 0x0000000085e00000|  0%| F|  |TAMS 0x0000000085d00000, 0x0000000085d00000| Untracked 
|  94|0x0000000085e00000, 0x0000000085e00000, 0x0000000085f00000|  0%| F|  |TAMS 0x0000000085e00000, 0x0000000085e00000| Untracked 
|  95|0x0000000085f00000, 0x0000000085f00000, 0x0000000086000000|  0%| F|  |TAMS 0x0000000085f00000, 0x0000000085f00000| Untracked 
|  96|0x0000000086000000, 0x0000000086000000, 0x0000000086100000|  0%| F|  |TAMS 0x0000000086000000, 0x0000000086000000| Untracked 
|  97|0x0000000086100000, 0x0000000086100000, 0x0000000086200000|  0%| F|  |TAMS 0x0000000086100000, 0x0000000086100000| Untracked 
|  98|0x0000000086200000, 0x0000000086200000, 0x0000000086300000|  0%| F|  |TAMS 0x0000000086200000, 0x0000000086200000| Untracked 
|  99|0x0000000086300000, 0x0000000086300000, 0x0000000086400000|  0%| F|  |TAMS 0x0000000086300000, 0x0000000086300000| Untracked 
| 100|0x0000000086400000, 0x0000000086400000, 0x0000000086500000|  0%| F|  |TAMS 0x0000000086400000, 0x0000000086400000| Untracked 
| 101|0x0000000086500000, 0x0000000086500000, 0x0000000086600000|  0%| F|  |TAMS 0x0000000086500000, 0x0000000086500000| Untracked 
| 102|0x0000000086600000, 0x0000000086600000, 0x0000000086700000|  0%| F|  |TAMS 0x0000000086600000, 0x0000000086600000| Untracked 
| 103|0x0000000086700000, 0x0000000086700000, 0x0000000086800000|  0%| F|  |TAMS 0x0000000086700000, 0x0000000086700000| Untracked 
| 104|0x0000000086800000, 0x0000000086800000, 0x0000000086900000|  0%| F|  |TAMS 0x0000000086800000, 0x0000000086800000| Untracked 
| 105|0x0000000086900000, 0x0000000086900000, 0x0000000086a00000|  0%| F|  |TAMS 0x0000000086900000, 0x0000000086900000| Untracked 
| 106|0x0000000086a00000, 0x0000000086a00000, 0x0000000086b00000|  0%| F|  |TAMS 0x0000000086a00000, 0x0000000086a00000| Untracked 
| 107|0x0000000086b00000, 0x0000000086b00000, 0x0000000086c00000|  0%| F|  |TAMS 0x0000000086b00000, 0x0000000086b00000| Untracked 
| 108|0x0000000086c00000, 0x0000000086c00000, 0x0000000086d00000|  0%| F|  |TAMS 0x0000000086c00000, 0x0000000086c00000| Untracked 
| 109|0x0000000086d00000, 0x0000000086d00000, 0x0000000086e00000|  0%| F|  |TAMS 0x0000000086d00000, 0x0000000086d00000| Untracked 
| 110|0x0000000086e00000, 0x0000000086e00000, 0x0000000086f00000|  0%| F|  |TAMS 0x0000000086e00000, 0x0000000086e00000| Untracked 
| 111|0x0000000086f00000, 0x0000000086f00000, 0x0000000087000000|  0%| F|  |TAMS 0x0000000086f00000, 0x0000000086f00000| Untracked 
| 112|0x0000000087000000, 0x0000000087000000, 0x0000000087100000|  0%| F|  |TAMS 0x0000000087000000, 0x0000000087000000| Untracked 
| 113|0x0000000087100000, 0x0000000087100000, 0x0000000087200000|  0%| F|  |TAMS 0x0000000087100000, 0x0000000087100000| Untracked 
| 114|0x0000000087200000, 0x0000000087200000, 0x0000000087300000|  0%| F|  |TAMS 0x0000000087200000, 0x0000000087200000| Untracked 
| 115|0x0000000087300000, 0x0000000087300000, 0x0000000087400000|  0%| F|  |TAMS 0x0000000087300000, 0x0000000087300000| Untracked 
| 116|0x0000000087400000, 0x0000000087400000, 0x0000000087500000|  0%| F|  |TAMS 0x0000000087400000, 0x0000000087400000| Untracked 
| 117|0x0000000087500000, 0x0000000087500000, 0x0000000087600000|  0%| F|  |TAMS 0x0000000087500000, 0x0000000087500000| Untracked 
| 118|0x0000000087600000, 0x0000000087600000, 0x0000000087700000|  0%| F|  |TAMS 0x0000000087600000, 0x0000000087600000| Untracked 
| 119|0x0000000087700000, 0x0000000087700000, 0x0000000087800000|  0%| F|  |TAMS 0x0000000087700000, 0x0000000087700000| Untracked 
| 120|0x0000000087800000, 0x0000000087800000, 0x0000000087900000|  0%| F|  |TAMS 0x0000000087800000, 0x0000000087800000| Untracked 
| 121|0x0000000087900000, 0x0000000087900000, 0x0000000087a00000|  0%| F|  |TAMS 0x0000000087900000, 0x0000000087900000| Untracked 
| 122|0x0000000087a00000, 0x0000000087a00000, 0x0000000087b00000|  0%| F|  |TAMS 0x0000000087a00000, 0x0000000087a00000| Untracked 
| 123|0x0000000087b00000, 0x0000000087b00000, 0x0000000087c00000|  0%| F|  |TAMS 0x0000000087b00000, 0x0000000087b00000| Untracked 
| 124|0x0000000087c00000, 0x0000000087c00000, 0x0000000087d00000|  0%| F|  |TAMS 0x0000000087c00000, 0x0000000087c00000| Untracked 
| 125|0x0000000087d00000, 0x0000000087d00000, 0x0000000087e00000|  0%| F|  |TAMS 0x0000000087d00000, 0x0000000087d00000| Untracked 
| 126|0x0000000087e00000, 0x0000000087e00000, 0x0000000087f00000|  0%| F|  |TAMS 0x0000000087e00000, 0x0000000087e00000| Untracked 
| 127|0x0000000087f00000, 0x0000000087f00000, 0x0000000088000000|  0%| F|  |TAMS 0x0000000087f00000, 0x0000000087f00000| Untracked 
| 128|0x0000000088000000, 0x0000000088000000, 0x0000000088100000|  0%| F|  |TAMS 0x0000000088000000, 0x0000000088000000| Untracked 
| 129|0x0000000088100000, 0x0000000088100000, 0x0000000088200000|  0%| F|  |TAMS 0x0000000088100000, 0x0000000088100000| Untracked 
| 130|0x0000000088200000, 0x0000000088200000, 0x0000000088300000|  0%| F|  |TAMS 0x0000000088200000, 0x0000000088200000| Untracked 
| 131|0x0000000088300000, 0x0000000088300000, 0x0000000088400000|  0%| F|  |TAMS 0x0000000088300000, 0x0000000088300000| Untracked 
| 132|0x0000000088400000, 0x0000000088400000, 0x0000000088500000|  0%| F|  |TAMS 0x0000000088400000, 0x0000000088400000| Untracked 
| 133|0x0000000088500000, 0x0000000088500000, 0x0000000088600000|  0%| F|  |TAMS 0x0000000088500000, 0x0000000088500000| Untracked 
| 134|0x0000000088600000, 0x0000000088600000, 0x0000000088700000|  0%| F|  |TAMS 0x0000000088600000, 0x0000000088600000| Untracked 
| 135|0x0000000088700000, 0x0000000088700000, 0x0000000088800000|  0%| F|  |TAMS 0x0000000088700000, 0x0000000088700000| Untracked 
| 136|0x0000000088800000, 0x0000000088800000, 0x0000000088900000|  0%| F|  |TAMS 0x0000000088800000, 0x0000000088800000| Untracked 
| 137|0x0000000088900000, 0x0000000088900000, 0x0000000088a00000|  0%| F|  |TAMS 0x0000000088900000, 0x0000000088900000| Untracked 
| 138|0x0000000088a00000, 0x0000000088a00000, 0x0000000088b00000|  0%| F|  |TAMS 0x0000000088a00000, 0x0000000088a00000| Untracked 
| 139|0x0000000088b00000, 0x0000000088b00000, 0x0000000088c00000|  0%| F|  |TAMS 0x0000000088b00000, 0x0000000088b00000| Untracked 
| 140|0x0000000088c00000, 0x0000000088c00000, 0x0000000088d00000|  0%| F|  |TAMS 0x0000000088c00000, 0x0000000088c00000| Untracked 
| 141|0x0000000088d00000, 0x0000000088d00000, 0x0000000088e00000|  0%| F|  |TAMS 0x0000000088d00000, 0x0000000088d00000| Untracked 
| 142|0x0000000088e00000, 0x0000000088e00000, 0x0000000088f00000|  0%| F|  |TAMS 0x0000000088e00000, 0x0000000088e00000| Untracked 
| 143|0x0000000088f00000, 0x0000000088f00000, 0x0000000089000000|  0%| F|  |TAMS 0x0000000088f00000, 0x0000000088f00000| Untracked 
| 144|0x0000000089000000, 0x0000000089000000, 0x0000000089100000|  0%| F|  |TAMS 0x0000000089000000, 0x0000000089000000| Untracked 
| 145|0x0000000089100000, 0x0000000089100000, 0x0000000089200000|  0%| F|  |TAMS 0x0000000089100000, 0x0000000089100000| Untracked 
| 146|0x0000000089200000, 0x0000000089200000, 0x0000000089300000|  0%| F|  |TAMS 0x0000000089200000, 0x0000000089200000| Untracked 
| 147|0x0000000089300000, 0x0000000089300000, 0x0000000089400000|  0%| F|  |TAMS 0x0000000089300000, 0x0000000089300000| Untracked 
| 148|0x0000000089400000, 0x0000000089400000, 0x0000000089500000|  0%| F|  |TAMS 0x0000000089400000, 0x0000000089400000| Untracked 
| 149|0x0000000089500000, 0x0000000089500000, 0x0000000089600000|  0%| F|  |TAMS 0x0000000089500000, 0x0000000089500000| Untracked 
| 150|0x0000000089600000, 0x0000000089600000, 0x0000000089700000|  0%| F|  |TAMS 0x0000000089600000, 0x0000000089600000| Untracked 
| 151|0x0000000089700000, 0x0000000089700000, 0x0000000089800000|  0%| F|  |TAMS 0x0000000089700000, 0x0000000089700000| Untracked 
| 152|0x0000000089800000, 0x0000000089800000, 0x0000000089900000|  0%| F|  |TAMS 0x0000000089800000, 0x0000000089800000| Untracked 
| 153|0x0000000089900000, 0x0000000089900000, 0x0000000089a00000|  0%| F|  |TAMS 0x0000000089900000, 0x0000000089900000| Untracked 
| 154|0x0000000089a00000, 0x0000000089a00000, 0x0000000089b00000|  0%| F|  |TAMS 0x0000000089a00000, 0x0000000089a00000| Untracked 
| 155|0x0000000089b00000, 0x0000000089b00000, 0x0000000089c00000|  0%| F|  |TAMS 0x0000000089b00000, 0x0000000089b00000| Untracked 
| 156|0x0000000089c00000, 0x0000000089c00000, 0x0000000089d00000|  0%| F|  |TAMS 0x0000000089c00000, 0x0000000089c00000| Untracked 
| 157|0x0000000089d00000, 0x0000000089d00000, 0x0000000089e00000|  0%| F|  |TAMS 0x0000000089d00000, 0x0000000089d00000| Untracked 
| 158|0x0000000089e00000, 0x0000000089eb8980, 0x0000000089f00000| 72%| S|CS|TAMS 0x0000000089e00000, 0x0000000089e00000| Complete 
| 159|0x0000000089f00000, 0x000000008a000000, 0x000000008a000000|100%| S|CS|TAMS 0x0000000089f00000, 0x0000000089f00000| Complete 
| 160|0x000000008a000000, 0x000000008a100000, 0x000000008a100000|100%| S|CS|TAMS 0x000000008a000000, 0x000000008a000000| Complete 
| 161|0x000000008a100000, 0x000000008a200000, 0x000000008a200000|100%| S|CS|TAMS 0x000000008a100000, 0x000000008a100000| Complete 
| 162|0x000000008a200000, 0x000000008a300000, 0x000000008a300000|100%| S|CS|TAMS 0x000000008a200000, 0x000000008a200000| Complete 
| 163|0x000000008a300000, 0x000000008a400000, 0x000000008a400000|100%| S|CS|TAMS 0x000000008a300000, 0x000000008a300000| Complete 
| 164|0x000000008a400000, 0x000000008a400000, 0x000000008a500000|  0%| F|  |TAMS 0x000000008a400000, 0x000000008a400000| Untracked 
| 165|0x000000008a500000, 0x000000008a500000, 0x000000008a600000|  0%| F|  |TAMS 0x000000008a500000, 0x000000008a500000| Untracked 
| 166|0x000000008a600000, 0x000000008a600000, 0x000000008a700000|  0%| F|  |TAMS 0x000000008a600000, 0x000000008a600000| Untracked 
| 167|0x000000008a700000, 0x000000008a700000, 0x000000008a800000|  0%| F|  |TAMS 0x000000008a700000, 0x000000008a700000| Untracked 
| 168|0x000000008a800000, 0x000000008a800000, 0x000000008a900000|  0%| F|  |TAMS 0x000000008a800000, 0x000000008a800000| Untracked 
| 169|0x000000008a900000, 0x000000008a900000, 0x000000008aa00000|  0%| F|  |TAMS 0x000000008a900000, 0x000000008a900000| Untracked 
| 170|0x000000008aa00000, 0x000000008aa00000, 0x000000008ab00000|  0%| F|  |TAMS 0x000000008aa00000, 0x000000008aa00000| Untracked 
| 171|0x000000008ab00000, 0x000000008ab00000, 0x000000008ac00000|  0%| F|  |TAMS 0x000000008ab00000, 0x000000008ab00000| Untracked 
| 172|0x000000008ac00000, 0x000000008ac00000, 0x000000008ad00000|  0%| F|  |TAMS 0x000000008ac00000, 0x000000008ac00000| Untracked 
| 173|0x000000008ad00000, 0x000000008ad00000, 0x000000008ae00000|  0%| F|  |TAMS 0x000000008ad00000, 0x000000008ad00000| Untracked 
| 174|0x000000008ae00000, 0x000000008ae00000, 0x000000008af00000|  0%| F|  |TAMS 0x000000008ae00000, 0x000000008ae00000| Untracked 
| 175|0x000000008af00000, 0x000000008af00000, 0x000000008b000000|  0%| F|  |TAMS 0x000000008af00000, 0x000000008af00000| Untracked 
| 176|0x000000008b000000, 0x000000008b000000, 0x000000008b100000|  0%| F|  |TAMS 0x000000008b000000, 0x000000008b000000| Untracked 
| 177|0x000000008b100000, 0x000000008b100000, 0x000000008b200000|  0%| F|  |TAMS 0x000000008b100000, 0x000000008b100000| Untracked 
| 178|0x000000008b200000, 0x000000008b200000, 0x000000008b300000|  0%| F|  |TAMS 0x000000008b200000, 0x000000008b200000| Untracked 
| 179|0x000000008b300000, 0x000000008b300000, 0x000000008b400000|  0%| F|  |TAMS 0x000000008b300000, 0x000000008b300000| Untracked 
| 180|0x000000008b400000, 0x000000008b400000, 0x000000008b500000|  0%| F|  |TAMS 0x000000008b400000, 0x000000008b400000| Untracked 
| 181|0x000000008b500000, 0x000000008b500000, 0x000000008b600000|  0%| F|  |TAMS 0x000000008b500000, 0x000000008b500000| Untracked 
| 182|0x000000008b600000, 0x000000008b600000, 0x000000008b700000|  0%| F|  |TAMS 0x000000008b600000, 0x000000008b600000| Untracked 
| 183|0x000000008b700000, 0x000000008b700000, 0x000000008b800000|  0%| F|  |TAMS 0x000000008b700000, 0x000000008b700000| Untracked 
| 184|0x000000008b800000, 0x000000008b800000, 0x000000008b900000|  0%| F|  |TAMS 0x000000008b800000, 0x000000008b800000| Untracked 
| 185|0x000000008b900000, 0x000000008b900000, 0x000000008ba00000|  0%| F|  |TAMS 0x000000008b900000, 0x000000008b900000| Untracked 
| 186|0x000000008ba00000, 0x000000008ba00000, 0x000000008bb00000|  0%| F|  |TAMS 0x000000008ba00000, 0x000000008ba00000| Untracked 
| 187|0x000000008bb00000, 0x000000008bb00000, 0x000000008bc00000|  0%| F|  |TAMS 0x000000008bb00000, 0x000000008bb00000| Untracked 
| 188|0x000000008bc00000, 0x000000008bc00000, 0x000000008bd00000|  0%| F|  |TAMS 0x000000008bc00000, 0x000000008bc00000| Untracked 
| 189|0x000000008bd00000, 0x000000008bd00000, 0x000000008be00000|  0%| F|  |TAMS 0x000000008bd00000, 0x000000008bd00000| Untracked 
| 190|0x000000008be00000, 0x000000008be00000, 0x000000008bf00000|  0%| F|  |TAMS 0x000000008be00000, 0x000000008be00000| Untracked 
| 191|0x000000008bf00000, 0x000000008bf00000, 0x000000008c000000|  0%| F|  |TAMS 0x000000008bf00000, 0x000000008bf00000| Untracked 
| 192|0x000000008c000000, 0x000000008c000000, 0x000000008c100000|  0%| F|  |TAMS 0x000000008c000000, 0x000000008c000000| Untracked 
| 193|0x000000008c100000, 0x000000008c100000, 0x000000008c200000|  0%| F|  |TAMS 0x000000008c100000, 0x000000008c100000| Untracked 
| 194|0x000000008c200000, 0x000000008c200000, 0x000000008c300000|  0%| F|  |TAMS 0x000000008c200000, 0x000000008c200000| Untracked 
| 195|0x000000008c300000, 0x000000008c300000, 0x000000008c400000|  0%| F|  |TAMS 0x000000008c300000, 0x000000008c300000| Untracked 
| 196|0x000000008c400000, 0x000000008c480800, 0x000000008c500000| 50%| E|  |TAMS 0x000000008c400000, 0x000000008c400000| Complete 
| 197|0x000000008c500000, 0x000000008c600000, 0x000000008c600000|100%| E|CS|TAMS 0x000000008c500000, 0x000000008c500000| Complete 
| 198|0x000000008c600000, 0x000000008c700000, 0x000000008c700000|100%| E|CS|TAMS 0x000000008c600000, 0x000000008c600000| Complete 
| 199|0x000000008c700000, 0x000000008c800000, 0x000000008c800000|100%| E|CS|TAMS 0x000000008c700000, 0x000000008c700000| Complete 
| 200|0x000000008c800000, 0x000000008c900000, 0x000000008c900000|100%| E|CS|TAMS 0x000000008c800000, 0x000000008c800000| Complete 
| 201|0x000000008c900000, 0x000000008ca00000, 0x000000008ca00000|100%| E|CS|TAMS 0x000000008c900000, 0x000000008c900000| Complete 
| 202|0x000000008ca00000, 0x000000008cb00000, 0x000000008cb00000|100%| E|CS|TAMS 0x000000008ca00000, 0x000000008ca00000| Complete 
| 203|0x000000008cb00000, 0x000000008cc00000, 0x000000008cc00000|100%| E|CS|TAMS 0x000000008cb00000, 0x000000008cb00000| Complete 
| 204|0x000000008cc00000, 0x000000008cd00000, 0x000000008cd00000|100%| E|CS|TAMS 0x000000008cc00000, 0x000000008cc00000| Complete 
| 205|0x000000008cd00000, 0x000000008ce00000, 0x000000008ce00000|100%| E|CS|TAMS 0x000000008cd00000, 0x000000008cd00000| Complete 
| 206|0x000000008ce00000, 0x000000008cf00000, 0x000000008cf00000|100%| E|CS|TAMS 0x000000008ce00000, 0x000000008ce00000| Complete 
| 207|0x000000008cf00000, 0x000000008d000000, 0x000000008d000000|100%| E|CS|TAMS 0x000000008cf00000, 0x000000008cf00000| Complete 
| 208|0x000000008d000000, 0x000000008d100000, 0x000000008d100000|100%| E|CS|TAMS 0x000000008d000000, 0x000000008d000000| Complete 
| 209|0x000000008d100000, 0x000000008d200000, 0x000000008d200000|100%| E|CS|TAMS 0x000000008d100000, 0x000000008d100000| Complete 
| 210|0x000000008d200000, 0x000000008d300000, 0x000000008d300000|100%| E|CS|TAMS 0x000000008d200000, 0x000000008d200000| Complete 
| 211|0x000000008d300000, 0x000000008d400000, 0x000000008d400000|100%| E|CS|TAMS 0x000000008d300000, 0x000000008d300000| Complete 
| 212|0x000000008d400000, 0x000000008d500000, 0x000000008d500000|100%| E|CS|TAMS 0x000000008d400000, 0x000000008d400000| Complete 
| 213|0x000000008d500000, 0x000000008d600000, 0x000000008d600000|100%| E|CS|TAMS 0x000000008d500000, 0x000000008d500000| Complete 
| 214|0x000000008d600000, 0x000000008d700000, 0x000000008d700000|100%| E|CS|TAMS 0x000000008d600000, 0x000000008d600000| Complete 
| 215|0x000000008d700000, 0x000000008d800000, 0x000000008d800000|100%| E|CS|TAMS 0x000000008d700000, 0x000000008d700000| Complete 
| 216|0x000000008d800000, 0x000000008d900000, 0x000000008d900000|100%| E|CS|TAMS 0x000000008d800000, 0x000000008d800000| Complete 
| 217|0x000000008d900000, 0x000000008da00000, 0x000000008da00000|100%| E|CS|TAMS 0x000000008d900000, 0x000000008d900000| Complete 
| 218|0x000000008da00000, 0x000000008db00000, 0x000000008db00000|100%| E|CS|TAMS 0x000000008da00000, 0x000000008da00000| Complete 
| 219|0x000000008db00000, 0x000000008dc00000, 0x000000008dc00000|100%| E|CS|TAMS 0x000000008db00000, 0x000000008db00000| Complete 
| 220|0x000000008dc00000, 0x000000008dd00000, 0x000000008dd00000|100%| E|CS|TAMS 0x000000008dc00000, 0x000000008dc00000| Complete 
| 221|0x000000008dd00000, 0x000000008de00000, 0x000000008de00000|100%| E|CS|TAMS 0x000000008dd00000, 0x000000008dd00000| Complete 

Card table byte_map: [0x0000014e16ab0000,0x0000014e16eb0000] _byte_map_base: 0x0000014e166b0000

Marking Bits (Prev, Next): (CMBitMap*) 0x0000014e036b0050, (CMBitMap*) 0x0000014e036b0018
 Prev Bits: [0x0000014e192b0000, 0x0000014e1b2b0000)
 Next Bits: [0x0000014e172b0000, 0x0000014e192b0000)

Polling page: 0x0000014e01600000

Metaspace:

Usage:
  Non-class:     24.69 MB capacity,    24.15 MB ( 98%) used,   489.27 KB (  2%) free+waste,    65.63 KB ( <1%) overhead. 
      Class:      4.04 MB capacity,     3.72 MB ( 92%) used,   294.15 KB (  7%) free+waste,    33.31 KB ( <1%) overhead. 
       Both:     28.73 MB capacity,    27.87 MB ( 97%) used,   783.42 KB (  3%) free+waste,    98.94 KB ( <1%) overhead. 

Virtual space:
  Non-class space:       26.00 MB reserved,      24.75 MB ( 95%) committed 
      Class space:        1.00 GB reserved,       4.13 MB ( <1%) committed 
             Both:        1.03 GB reserved,      28.88 MB (  3%) committed 

Chunk freelists:
   Non-Class:  55.00 KB
       Class:  24.00 KB
        Both:  79.00 KB

MaxMetaspaceSize: 17179869184.00 GB
CompressedClassSpaceSize: 1.00 GB

CodeHeap 'non-profiled nmethods': size=120000Kb used=1238Kb max_used=1238Kb free=118761Kb
 bounds [0x0000014e0ec30000, 0x0000014e0eea0000, 0x0000014e16160000]
CodeHeap 'profiled nmethods': size=120000Kb used=5292Kb max_used=5292Kb free=114707Kb
 bounds [0x0000014e07700000, 0x0000014e07c30000, 0x0000014e0ec30000]
CodeHeap 'non-nmethods': size=5760Kb used=1163Kb max_used=1193Kb free=4596Kb
 bounds [0x0000014e07160000, 0x0000014e073d0000, 0x0000014e07700000]
 total_blobs=2997 nmethods=2489 adapters=419
 compilation: enabled
              stopped_count=0, restarted_count=0
 full_count=0

Compilation events (20 events):
Event: 3.196 Thread 0x0000014e1e801000 nmethod 2429 0x0000014e07c00c90 code [0x0000014e07c00f60, 0x0000014e07c01988]
Event: 3.197 Thread 0x0000014e1e801000 2433       3       org.objectweb.asm.Type::getInternalName (16 bytes)
Event: 3.197 Thread 0x0000014e1e801000 nmethod 2433 0x0000014e07c01d90 code [0x0000014e07c01f40, 0x0000014e07c02088]
Event: 3.197 Thread 0x0000014e1e801000 2434       3       org.objectweb.asm.MethodWriter::visitVarInsn (302 bytes)
Event: 3.197 Thread 0x0000014e1e801000 nmethod 2434 0x0000014e07c02190 code [0x0000014e07c02400, 0x0000014e07c02e08]
Event: 3.197 Thread 0x0000014e1e801000 2437       3       org.objectweb.asm.Label::resolve (219 bytes)
Event: 3.198 Thread 0x0000014e1e801000 nmethod 2437 0x0000014e07c03090 code [0x0000014e07c03280, 0x0000014e07c037b8]
Event: 3.198 Thread 0x0000014e1e801000 2435       3       org.objectweb.asm.Frame::getLocal (46 bytes)
Event: 3.198 Thread 0x0000014e1e801000 nmethod 2435 0x0000014e07c03a90 code [0x0000014e07c03c40, 0x0000014e07c03e38]
Event: 3.198 Thread 0x0000014e1e801000 2436       3       org.objectweb.asm.Label::<init> (5 bytes)
Event: 3.198 Thread 0x0000014e1e801000 nmethod 2436 0x0000014e07c03f10 code [0x0000014e07c040c0, 0x0000014e07c04218]
Event: 3.198 Thread 0x0000014e1e801000 2431       3       com.google.common.collect.ImmutableList::iterator (5 bytes)
Event: 3.198 Thread 0x0000014e1e801000 nmethod 2431 0x0000014e07c04310 code [0x0000014e07c04560, 0x0000014e07c04fe8]
Event: 3.198 Thread 0x0000014e1e801000 2432       3       com.google.common.collect.ImmutableList::listIterator (6 bytes)
Event: 3.199 Thread 0x0000014e1e801000 nmethod 2432 0x0000014e07c05310 code [0x0000014e07c05580, 0x0000014e07c060b8]
Event: 3.215 Thread 0x0000014e1e801000 2438       3       org.gradle.internal.reflect.MutableClassDetails::method (12 bytes)
Event: 3.215 Thread 0x0000014e1e801000 nmethod 2438 0x0000014e07c06410 code [0x0000014e07c065c0, 0x0000014e07c06788]
Event: 3.215 Thread 0x0000014e1e801000 2439       3       org.gradle.internal.reflect.MethodSet::add (50 bytes)
Event: 3.216 Thread 0x0000014e1e801000 nmethod 2439 0x0000014e07c06890 code [0x0000014e07c06ac0, 0x0000014e07c07338]
Event: 3.216 Thread 0x0000014e1e801000 2440       3       org.gradle.internal.reflect.MethodSet$MethodKey::<init> (6 bytes)

GC Heap History (6 events):
Event: 0.650 GC heap before
{Heap before GC invocations=0 (full 0):
 garbage-first heap   total 227328K, used 29696K [0x0000000080000000, 0x0000000100000000)
  region size 1024K, 24 young (24576K), 0 survivors (0K)
 Metaspace       used 10151K, capacity 10403K, committed 10624K, reserved 1058816K
  class space    used 1059K, capacity 1106K, committed 1152K, reserved 1048576K
}
Event: 0.654 GC heap after
{Heap after GC invocations=1 (full 0):
 garbage-first heap   total 227328K, used 9203K [0x0000000080000000, 0x0000000100000000)
  region size 1024K, 3 young (3072K), 3 survivors (3072K)
 Metaspace       used 10151K, capacity 10403K, committed 10624K, reserved 1058816K
  class space    used 1059K, capacity 1106K, committed 1152K, reserved 1048576K
}
Event: 2.390 GC heap before
{Heap before GC invocations=1 (full 0):
 garbage-first heap   total 227328K, used 105459K [0x0000000080000000, 0x0000000100000000)
  region size 1024K, 98 young (100352K), 3 survivors (3072K)
 Metaspace       used 20583K, capacity 21135K, committed 21248K, reserved 1067008K
  class space    used 2512K, capacity 2733K, committed 2816K, reserved 1048576K
}
Event: 2.397 GC heap after
{Heap after GC invocations=2 (full 0):
 garbage-first heap   total 227328K, used 17003K [0x0000000080000000, 0x0000000100000000)
  region size 1024K, 11 young (11264K), 11 survivors (11264K)
 Metaspace       used 20583K, capacity 21135K, committed 21248K, reserved 1067008K
  class space    used 2512K, capacity 2733K, committed 2816K, reserved 1048576K
}
Event: 2.991 GC heap before
{Heap before GC invocations=3 (full 0):
 garbage-first heap   total 227328K, used 85611K [0x0000000080000000, 0x0000000100000000)
  region size 1024K, 69 young (70656K), 11 survivors (11264K)
 Metaspace       used 26349K, capacity 27081K, committed 27264K, reserved 1073152K
  class space    used 3455K, capacity 3702K, committed 3712K, reserved 1048576K
}
Event: 3.002 GC heap after
{Heap after GC invocations=4 (full 0):
 garbage-first heap   total 227328K, used 32547K [0x0000000080000000, 0x0000000100000000)
  region size 1024K, 6 young (6144K), 6 survivors (6144K)
 Metaspace       used 26349K, capacity 27081K, committed 27264K, reserved 1073152K
  class space    used 3455K, capacity 3702K, committed 3712K, reserved 1048576K
}

Deoptimization events (20 events):
Event: 2.915 Thread 0x0000014e1fd81800 DEOPT PACKING pc=0x0000014e07a04fda sp=0x0000003f1bff6490
Event: 2.915 Thread 0x0000014e1fd81800 DEOPT UNPACKING pc=0x0000014e071876ce sp=0x0000003f1bff5918 mode 0
Event: 2.919 Thread 0x0000014e1fd81800 Uncommon trap: trap_request=0xffffff4d fr.pc=0x0000014e0ecb0188 relative=0x0000000000001bc8
Event: 2.919 Thread 0x0000014e1fd81800 Uncommon trap: reason=unstable_if action=reinterpret pc=0x0000014e0ecb0188 method=java.util.zip.ZipFile$Source.initCEN(ILjava/util/zip/ZipCoder;)V @ 582 c2
Event: 2.919 Thread 0x0000014e1fd81800 DEOPT PACKING pc=0x0000014e0ecb0188 sp=0x0000003f1bff64d0
Event: 2.919 Thread 0x0000014e1fd81800 DEOPT UNPACKING pc=0x0000014e071878af sp=0x0000003f1bff64b8 mode 2
Event: 2.932 Thread 0x0000014e1fd81800 DEOPT PACKING pc=0x0000014e07bb1b2a sp=0x0000003f1bff53f0
Event: 2.932 Thread 0x0000014e1fd81800 DEOPT UNPACKING pc=0x0000014e071876ce sp=0x0000003f1bff49e0 mode 0
Event: 2.946 Thread 0x0000014e1fd81800 DEOPT PACKING pc=0x0000014e07bb1b2a sp=0x0000003f1bff53f0
Event: 2.946 Thread 0x0000014e1fd81800 DEOPT UNPACKING pc=0x0000014e071876ce sp=0x0000003f1bff49e0 mode 0
Event: 2.958 Thread 0x0000014e1fd81800 DEOPT PACKING pc=0x0000014e07a6a79b sp=0x0000003f1bff9290
Event: 2.958 Thread 0x0000014e1fd81800 DEOPT UNPACKING pc=0x0000014e071876ce sp=0x0000003f1bff8700 mode 0
Event: 2.984 Thread 0x0000014e1fd81800 DEOPT PACKING pc=0x0000014e077c009b sp=0x0000003f1bff4430
Event: 2.984 Thread 0x0000014e1fd81800 DEOPT UNPACKING pc=0x0000014e071876ce sp=0x0000003f1bff3970 mode 0
Event: 2.988 Thread 0x0000014e1fd81800 DEOPT PACKING pc=0x0000014e07a6a79b sp=0x0000003f1bff9c90
Event: 2.988 Thread 0x0000014e1fd81800 DEOPT UNPACKING pc=0x0000014e071876ce sp=0x0000003f1bff9100 mode 0
Event: 2.991 Thread 0x0000014e1fd81800 DEOPT PACKING pc=0x0000014e07b44976 sp=0x0000003f1bfef270
Event: 2.991 Thread 0x0000014e1fd81800 DEOPT UNPACKING pc=0x0000014e071876ce sp=0x0000003f1bfee790 mode 0
Event: 3.008 Thread 0x0000014e1fd81800 DEOPT PACKING pc=0x0000014e07a6a79b sp=0x0000003f1bffa5f0
Event: 3.008 Thread 0x0000014e1fd81800 DEOPT UNPACKING pc=0x0000014e071876ce sp=0x0000003f1bff9a60 mode 0

Classes redefined (0 events):
No events

Internal exceptions (20 events):
Event: 2.978 Thread 0x0000014e1fd81800 Exception <a 'java/lang/NoSuchMethodError'{0x000000008a463110}: <clinit>> (0x000000008a463110) thrown at [./src/hotspot/share/prims/jni.cpp, line 1362]
Event: 2.980 Thread 0x0000014e1fd81800 Exception <a 'java/lang/NoSuchMethodError'{0x000000008a475d38}: <clinit>> (0x000000008a475d38) thrown at [./src/hotspot/share/prims/jni.cpp, line 1362]
Event: 2.989 Thread 0x0000014e1fd81800 Exception <a 'java/lang/NoSuchMethodError'{0x000000008a4bce78}: <clinit>> (0x000000008a4bce78) thrown at [./src/hotspot/share/prims/jni.cpp, line 1362]
Event: 2.989 Thread 0x0000014e1fd81800 Exception <a 'java/lang/NoSuchMethodError'{0x000000008a4c6978}: <clinit>> (0x000000008a4c6978) thrown at [./src/hotspot/share/prims/jni.cpp, line 1362]
Event: 2.990 Thread 0x0000014e1fd81800 Exception <a 'java/lang/NoSuchMethodError'{0x000000008a4d08d8}: <clinit>> (0x000000008a4d08d8) thrown at [./src/hotspot/share/prims/jni.cpp, line 1362]
Event: 2.990 Thread 0x0000014e1fd81800 Exception <a 'java/lang/NoSuchMethodError'{0x000000008a4da1c0}: <clinit>> (0x000000008a4da1c0) thrown at [./src/hotspot/share/prims/jni.cpp, line 1362]
Event: 3.008 Thread 0x0000014e1fd81800 Exception <a 'java/lang/NoSuchMethodError'{0x000000008ddad880}: <clinit>> (0x000000008ddad880) thrown at [./src/hotspot/share/prims/jni.cpp, line 1362]
Event: 3.008 Thread 0x0000014e1fd81800 Exception <a 'java/lang/NoSuchMethodError'{0x000000008ddb02b8}: <clinit>> (0x000000008ddb02b8) thrown at [./src/hotspot/share/prims/jni.cpp, line 1362]
Event: 3.008 Thread 0x0000014e1fd81800 Exception <a 'java/lang/NoSuchMethodError'{0x000000008ddb18c0}: <clinit>> (0x000000008ddb18c0) thrown at [./src/hotspot/share/prims/jni.cpp, line 1362]
Event: 3.008 Thread 0x0000014e1fd81800 Exception <a 'java/lang/NoSuchMethodError'{0x000000008ddb2e58}: <clinit>> (0x000000008ddb2e58) thrown at [./src/hotspot/share/prims/jni.cpp, line 1362]
Event: 3.008 Thread 0x0000014e1fd81800 Exception <a 'java/lang/NoSuchMethodError'{0x000000008ddb45b8}: <clinit>> (0x000000008ddb45b8) thrown at [./src/hotspot/share/prims/jni.cpp, line 1362]
Event: 3.008 Thread 0x0000014e1fd81800 Exception <a 'java/lang/NoSuchMethodError'{0x000000008ddb5c50}: <clinit>> (0x000000008ddb5c50) thrown at [./src/hotspot/share/prims/jni.cpp, line 1362]
Event: 3.008 Thread 0x0000014e1fd81800 Exception <a 'java/lang/NoSuchMethodError'{0x000000008ddb7188}: <clinit>> (0x000000008ddb7188) thrown at [./src/hotspot/share/prims/jni.cpp, line 1362]
Event: 3.111 Thread 0x0000014e1fd81800 Exception <a 'java/lang/NoSuchMethodError'{0x000000008d3f8488}: 'java.lang.Object java.lang.invoke.DirectMethodHandle$Holder.invokeSpecialIFC(java.lang.Object, java.lang.Object, java.lang.Object, java.lang.Object)'> (0x000000008d3f8488) thrown at [./src/hotspot/share/interpreter/linkResolver.cpp, line 773]
Event: 3.120 Thread 0x0000014e1fd81800 Exception <a 'java/lang/NoSuchMethodError'{0x000000008d102440}: 'java.lang.Object java.lang.invoke.DirectMethodHandle$Holder.invokeSpecial(java.lang.Object, java.lang.Object, java.lang.Object, java.lang.Object, java.lang.Object, java.lang.Object, java.lang.Object, java.lang.Object, java.lang.Object, java.lang.Object, java.lang.Object, java.lang.Object, java.lang.Object)'> (0x000000008d102440) thrown at [./src/hotspot/share/interpreter/linkResolver.cpp, line 773]
Event: 3.121 Thread 0x0000014e1fd81800 Exception <a 'java/lang/NoSuchMethodError'{0x000000008d1136c8}: 'java.lang.Object java.lang.invoke.DirectMethodHandle$Holder.invokeSpecial(java.lang.Object, java.lang.Object, java.lang.Object, java.lang.Object, java.lang.Object, java.lang.Object, java.lang.Object, java.lang.Object, java.lang.Object, java.lang.Object, java.lang.Object, java.lang.Object)'> (0x000000008d1136c8) thrown at [./src/hotspot/share/interpreter/linkResolver.cpp, line 773]
Event: 3.122 Thread 0x0000014e1fd81800 Exception <a 'java/lang/NoSuchMethodError'{0x000000008d1187f0}: 'java.lang.Object java.lang.invoke.Invokers$Holder.linkToTargetMethod(java.lang.Object, java.lang.Object, java.lang.Object, java.lang.Object, java.lang.Object, java.lang.Object, java.lang.Object, java.lang.Object, java.lang.Object, java.lang.Object, java.lang.Object)'> (0x000000008d1187f0) thrown at [./src/hotspot/share/interpreter/linkResolver.cpp, line 773]
Event: 3.131 Thread 0x0000014e1fd81800 Exception <a 'java/lang/NoSuchMethodError'{0x000000008d05b398}: 'java.lang.Object java.lang.invoke.DirectMethodHandle$Holder.invokeSpecial(java.lang.Object, java.lang.Object, java.lang.Object, java.lang.Object, java.lang.Object, java.lang.Object, java.lang.Object, java.lang.Object, java.lang.Object, java.lang.Object, java.lang.Object, java.lang.Object, java.lang.Object, java.lang.Object)'> (0x000000008d05b398) thrown at [./src/hotspot/share/interpreter/linkResolver.cpp, line 773]
Event: 3.132 Thread 0x0000014e1fd81800 Exception <a 'java/lang/NoSuchMethodError'{0x000000008d06c990}: 'java.lang.Object java.lang.invoke.Invokers$Holder.linkToTargetMethod(java.lang.Object, java.lang.Object, java.lang.Object, java.lang.Object, java.lang.Object, java.lang.Object, java.lang.Object, java.lang.Object, java.lang.Object, java.lang.Object, java.lang.Object, java.lang.Object)'> (0x000000008d06c990) thrown at [./src/hotspot/share/interpreter/linkResolver.cpp, line 773]
Event: 3.139 Thread 0x0000014e1fd81800 Exception <a 'java/lang/NoSuchMethodError'{0x000000008d0fda10}: 'java.lang.Object java.lang.invoke.DirectMethodHandle$Holder.invokeStaticInit(java.lang.Object, java.lang.Object, java.lang.Object, java.lang.Object)'> (0x000000008d0fda10) thrown at [./src/hotspot/share/interpreter/linkResolver.cpp, line 773]

Events (20 events):
Event: 3.213 loading class org/gradle/api/artifacts/repositories/MavenArtifactRepository
Event: 3.213 loading class org/gradle/api/artifacts/repositories/MavenArtifactRepository done
Event: 3.214 loading class org/gradle/api/artifacts/repositories/UrlArtifactRepository
Event: 3.214 loading class org/gradle/api/artifacts/repositories/UrlArtifactRepository done
Event: 3.214 loading class org/gradle/api/artifacts/repositories/AuthenticationSupported
Event: 3.214 loading class org/gradle/api/artifacts/repositories/AuthenticationSupported done
Event: 3.214 loading class org/gradle/api/artifacts/repositories/MetadataSupplierAware
Event: 3.214 loading class org/gradle/api/artifacts/repositories/MetadataSupplierAware done
Event: 3.214 loading class org/gradle/api/artifacts/repositories/FlatDirectoryArtifactRepository
Event: 3.214 loading class org/gradle/api/artifacts/repositories/FlatDirectoryArtifactRepository done
Event: 3.214 loading class org/gradle/api/artifacts/repositories/IvyArtifactRepository
Event: 3.214 loading class org/gradle/api/artifacts/repositories/IvyArtifactRepository done
Event: 3.214 loading class org/gradle/api/artifacts/repositories/RepositoryContentDescriptor
Event: 3.214 loading class org/gradle/api/artifacts/repositories/RepositoryContentDescriptor done
Event: 3.214 loading class org/gradle/api/artifacts/repositories/InclusiveRepositoryContentDescriptor
Event: 3.214 loading class org/gradle/api/artifacts/repositories/InclusiveRepositoryContentDescriptor done
Event: 3.215 loading class org/gradle/api/internal/collections/CollectionFilter
Event: 3.215 loading class org/gradle/api/internal/collections/CollectionFilter done
Event: 3.216 loading class org/gradle/api/internal/DefaultNamedDomainObjectCollection$ContainerElementsDynamicObject
Event: 3.216 loading class org/gradle/api/internal/DefaultNamedDomainObjectCollection$ContainerElementsDynamicObject done


Dynamic libraries:
0x00007ff6bd2a0000 - 0x00007ff6bd2aa000 	F:\progame\Android\jre\bin\java.exe
0x00007ffe4d700000 - 0x00007ffe4d909000 	C:\WINDOWS\SYSTEM32\ntdll.dll
0x00007ffe4cc90000 - 0x00007ffe4cd4d000 	C:\WINDOWS\System32\KERNEL32.DLL
0x00007ffe4aee0000 - 0x00007ffe4b254000 	C:\WINDOWS\System32\KERNELBASE.dll
0x00007ffe4b310000 - 0x00007ffe4b421000 	C:\WINDOWS\System32\ucrtbase.dll
0x00007ffe412d0000 - 0x00007ffe412e7000 	F:\progame\Android\jre\bin\VCRUNTIME140.dll
0x00007ffe410d0000 - 0x00007ffe410e9000 	F:\progame\Android\jre\bin\jli.dll
0x00007ffe4b600000 - 0x00007ffe4b7ac000 	C:\WINDOWS\System32\USER32.dll
0x00007ffe4b260000 - 0x00007ffe4b286000 	C:\WINDOWS\System32\win32u.dll
0x00007ffe4b5a0000 - 0x00007ffe4b5c9000 	C:\WINDOWS\System32\GDI32.dll
0x00007ffe39740000 - 0x00007ffe399e5000 	C:\WINDOWS\WinSxS\amd64_microsoft.windows.common-controls_6595b64144ccf1df_6.0.22000.120_none_9d947278b86cc467\COMCTL32.dll
0x00007ffe4ac90000 - 0x00007ffe4ada2000 	C:\WINDOWS\System32\gdi32full.dll
0x00007ffe4c210000 - 0x00007ffe4c2b3000 	C:\WINDOWS\System32\msvcrt.dll
0x00007ffe4abf0000 - 0x00007ffe4ac8d000 	C:\WINDOWS\System32\msvcp_win.dll
0x00007ffe4c7f0000 - 0x00007ffe4c821000 	C:\WINDOWS\System32\IMM32.DLL
0x00007ffe1ee00000 - 0x00007ffe1ee9d000 	F:\progame\Android\jre\bin\msvcp140.dll
0x00007ffe11d40000 - 0x00007ffe1280f000 	F:\progame\Android\jre\bin\server\jvm.dll
0x00007ffe4c610000 - 0x00007ffe4c6be000 	C:\WINDOWS\System32\ADVAPI32.dll
0x00007ffe4b8b0000 - 0x00007ffe4b94e000 	C:\WINDOWS\System32\sechost.dll
0x00007ffe4c0f0000 - 0x00007ffe4c210000 	C:\WINDOWS\System32\RPCRT4.dll
0x00007ffe4b8a0000 - 0x00007ffe4b8a8000 	C:\WINDOWS\System32\PSAPI.DLL
0x00007ffe42240000 - 0x00007ffe4224a000 	C:\WINDOWS\SYSTEM32\VERSION.dll
0x00007ffe0a410000 - 0x00007ffe0a419000 	C:\WINDOWS\SYSTEM32\WSOCK32.dll
0x00007ffe43de0000 - 0x00007ffe43e13000 	C:\WINDOWS\SYSTEM32\WINMM.dll
0x00007ffe4c720000 - 0x00007ffe4c78f000 	C:\WINDOWS\System32\WS2_32.dll
0x00007ffe49cf0000 - 0x00007ffe49d08000 	C:\WINDOWS\SYSTEM32\kernel.appcore.dll
0x00007ffe3ce90000 - 0x00007ffe3cea1000 	F:\progame\Android\jre\bin\verify.dll
0x00007ffe48780000 - 0x00007ffe489a1000 	C:\WINDOWS\SYSTEM32\DBGHELP.DLL
0x00007ffe34230000 - 0x00007ffe34261000 	C:\WINDOWS\SYSTEM32\dbgcore.DLL
0x00007ffe4b290000 - 0x00007ffe4b30f000 	C:\WINDOWS\System32\bcryptPrimitives.dll
0x00007ffe3ce60000 - 0x00007ffe3ce89000 	F:\progame\Android\jre\bin\java.dll
0x00007ffe466b0000 - 0x00007ffe466bb000 	F:\progame\Android\jre\bin\jimage.dll
0x00007ffe3ce40000 - 0x00007ffe3ce58000 	F:\progame\Android\jre\bin\zip.dll
0x00007ffe4cd50000 - 0x00007ffe4d4fe000 	C:\WINDOWS\System32\SHELL32.dll
0x00007ffe48d60000 - 0x00007ffe495c7000 	C:\WINDOWS\SYSTEM32\windows.storage.dll
0x00007ffe4c830000 - 0x00007ffe4cba8000 	C:\WINDOWS\System32\combase.dll
0x00007ffe48bf0000 - 0x00007ffe48d56000 	C:\WINDOWS\SYSTEM32\wintypes.dll
0x00007ffe4c3c0000 - 0x00007ffe4c4aa000 	C:\WINDOWS\System32\SHCORE.dll
0x00007ffe4c790000 - 0x00007ffe4c7ed000 	C:\WINDOWS\System32\shlwapi.dll
0x00007ffe4ab20000 - 0x00007ffe4ab41000 	C:\WINDOWS\SYSTEM32\profapi.dll
0x00007ffe39af0000 - 0x00007ffe39b0a000 	F:\progame\Android\jre\bin\net.dll
0x00007ffe442b0000 - 0x00007ffe443bc000 	C:\WINDOWS\SYSTEM32\WINHTTP.dll
0x00007ffe4a120000 - 0x00007ffe4a187000 	C:\WINDOWS\system32\mswsock.dll
0x00007ffe39a40000 - 0x00007ffe39a54000 	F:\progame\Android\jre\bin\nio.dll
0x00007ffe39aa0000 - 0x00007ffe39ac7000 	C:\Users\lenovo\.gradle\native\8bec1ad78214c89d9ad589b4d07fe93259594b29d510b10fafb7a158f7737e5d\windows-amd64\native-platform.dll
0x00007ffe18e00000 - 0x00007ffe18f3d000 	C:\Users\lenovo\.gradle\native\53dbd7edfb1c66fb8903c78663c9afc45aea4f116125fa6feffd364cf09443e8\windows-amd64\native-platform-file-events.dll
0x00007ffe465b0000 - 0x00007ffe465ba000 	F:\progame\Android\jre\bin\management.dll
0x00007ffe45390000 - 0x00007ffe4539c000 	F:\progame\Android\jre\bin\management_ext.dll
0x00007ffe4a360000 - 0x00007ffe4a378000 	C:\WINDOWS\SYSTEM32\CRYPTSP.dll
0x00007ffe49c50000 - 0x00007ffe49c85000 	C:\WINDOWS\system32\rsaenh.dll
0x00007ffe4a210000 - 0x00007ffe4a239000 	C:\WINDOWS\SYSTEM32\USERENV.dll
0x00007ffe4a4e0000 - 0x00007ffe4a507000 	C:\WINDOWS\SYSTEM32\bcrypt.dll
0x00007ffe4a380000 - 0x00007ffe4a38c000 	C:\WINDOWS\SYSTEM32\CRYPTBASE.dll
0x00007ffe49860000 - 0x00007ffe4988d000 	C:\WINDOWS\SYSTEM32\IPHLPAPI.DLL
0x00007ffe4c4b0000 - 0x00007ffe4c4b9000 	C:\WINDOWS\System32\NSI.dll
0x00007ffe44410000 - 0x00007ffe44429000 	C:\WINDOWS\SYSTEM32\dhcpcsvc6.DLL
0x00007ffe447f0000 - 0x00007ffe4480e000 	C:\WINDOWS\SYSTEM32\dhcpcsvc.DLL
0x00007ffe49890000 - 0x00007ffe49977000 	C:\WINDOWS\SYSTEM32\DNSAPI.dll

dbghelp: loaded successfully - version: 4.0.5 - missing functions: none
symbol engine: initialized successfully - sym options: 0x614 - pdb path: .;F:\progame\Android\jre\bin;C:\WINDOWS\SYSTEM32;C:\WINDOWS\WinSxS\amd64_microsoft.windows.common-controls_6595b64144ccf1df_6.0.22000.120_none_9d947278b86cc467;F:\progame\Android\jre\bin\server;C:\Users\lenovo\.gradle\native\8bec1ad78214c89d9ad589b4d07fe93259594b29d510b10fafb7a158f7737e5d\windows-amd64;C:\Users\lenovo\.gradle\native\53dbd7edfb1c66fb8903c78663c9afc45aea4f116125fa6feffd364cf09443e8\windows-amd64

VM Arguments:
jvm_args: --add-opens=java.base/java.util=ALL-UNNAMED --add-opens=java.base/java.lang=ALL-UNNAMED --add-opens=java.base/java.lang.invoke=ALL-UNNAMED --add-opens=java.base/java.util=ALL-UNNAMED --add-opens=java.prefs/java.util.prefs=ALL-UNNAMED --add-opens=java.prefs/java.util.prefs=ALL-UNNAMED --add-opens=java.base/java.nio.charset=ALL-UNNAMED --add-opens=java.base/java.net=ALL-UNNAMED --add-opens=java.base/java.util.concurrent.atomic=ALL-UNNAMED -Xmx2048m -Dfile.encoding=UTF-8 -Duser.country=CN -Duser.language=zh -Duser.variant 
java_command: org.gradle.launcher.daemon.bootstrap.GradleDaemon 7.0.2
java_class_path (initial): C:\Users\lenovo\.gradle\wrapper\dists\gradle-7.0.2-bin\857tjihv64xamwrf0h14cai3r\gradle-7.0.2\lib\gradle-launcher-7.0.2.jar
Launcher Type: SUN_STANDARD

[Global flags]
     intx CICompilerCount                          = 4                                         {product} {ergonomic}
     uint ConcGCThreads                            = 3                                         {product} {ergonomic}
     uint G1ConcRefinementThreads                  = 10                                        {product} {ergonomic}
   size_t G1HeapRegionSize                         = 1048576                                   {product} {ergonomic}
    uintx GCDrainStackTargetSize                   = 64                                        {product} {ergonomic}
   size_t InitialHeapSize                          = 232783872                                 {product} {ergonomic}
   size_t MarkStackSize                            = 4194304                                   {product} {ergonomic}
   size_t MaxHeapSize                              = 2147483648                                {product} {command line}
   size_t MaxNewSize                               = 1287651328                                {product} {ergonomic}
   size_t MinHeapDeltaBytes                        = 1048576                                   {product} {ergonomic}
    uintx NonNMethodCodeHeapSize                   = 5836300                                {pd product} {ergonomic}
    uintx NonProfiledCodeHeapSize                  = 122910970                              {pd product} {ergonomic}
    uintx ProfiledCodeHeapSize                     = 122910970                              {pd product} {ergonomic}
    uintx ReservedCodeCacheSize                    = 251658240                              {pd product} {ergonomic}
     bool SegmentedCodeCache                       = true                                      {product} {ergonomic}
     bool UseCompressedClassPointers               = true                                 {lp64_product} {ergonomic}
     bool UseCompressedOops                        = true                                 {lp64_product} {ergonomic}
     bool UseG1GC                                  = true                                      {product} {ergonomic}
     bool UseLargePagesIndividualAllocation        = false                                  {pd product} {ergonomic}

Logging:
Log output configuration:
 #0: stdout all=warning uptime,level,tags
 #1: stderr all=off uptime,level,tags

Environment Variables:
PATH=C:\Program Files\PlasticSCM5\server;C:\Program Files\PlasticSCM5\client;E:\新建文件夹\CodeBlocks\MinGW\bin;C:\P;ogram Files (x86)\Common Files\Oracle\Java\javapath;C:\WINDOWS\system32;C:\WINDOWS;C:\WINDOWS\System32\Wbem;C:\WINDOWS\System32\WindowsPowerShell\v1.0\;C:\WINDOWS\System32\OpenSSH\;F:\新建文件夹\Microsoft VS Code\bin;;E:\新建文件夹\Git\cmd;F:\;E:\Scripts\;E:\;C:\Users\lenovo\AppData\Local\Microsoft\WindowsApps;F:\新建文件夹\Microsoft VS Code\bin;E:\新建文件夹\CodeBlocks\MinGW\bin;C:\Users\lenovo\AppData\Local\GitHubDesktop\bin;C:\Users\lenovo\AppData\Roaming\npm;F:\node\node_modules;F:\node;
USERNAME=lenovo
OS=Windows_NT
PROCESSOR_IDENTIFIER=AMD64 Family 23 Model 96 Stepping 1, AuthenticAMD



---------------  S Y S T E M  ---------------

OS: Windows 10 , 64 bit Build 22000 (10.0.22000.434)
OS uptime: 8 days 20:19 hours

CPU:total 12 (initial active 12) (12 cores per cpu, 2 threads per core) family 23 model 96 stepping 1 microcode 0x0, cmov, cx8, fxsr, mmx, sse, sse2, sse3, ssse3, sse4.1, sse4.2, popcnt, avx, avx2, aes, clmul, mmxext, 3dnowpref, lzcnt, sse4a, ht, tsc, tscinvbit, tscinv, bmi1, bmi2, adx, 

Memory: 4k page, system-wide physical 14205M (5125M free)
TotalPageFile size 27005M (AvailPageFile size 5M)
current process WorkingSet (physical memory assigned to process): 289M, peak: 289M
current process commit charge ("private bytes"): 423M, peak: 423M

vm_info: OpenJDK 64-Bit Server VM (11.0.10+0-b96-7249189) for windows-amd64 JRE (11.0.10+0-b96-7249189), built on Mar 31 2021 21:44:00 by "builder" with MS VC++ 14.0 (VS2015)

END.
