#
# There is insufficient memory for the Java Runtime Environment to continue.
# Native memory allocation (malloc) failed to allocate 2015216 bytes for Chunk::new
# Possible reasons:
#   The system is out of physical RAM or swap space
#   The process is running with CompressedOops enabled, and the Java Heap may be blocking the growth of the native heap
# Possible solutions:
#   Reduce memory load on the system
#   Increase physical memory or swap space
#   Check if swap backing store is full
#   Decrease Java heap size (-Xmx/-Xms)
#   Decrease number of Java threads
#   Decrease Java thread stack sizes (-Xss)
#   Set larger code cache with -XX:ReservedCodeCacheSize=
#   JVM is running with Unscaled Compressed Oops mode in which the Java heap is
#     placed in the first 4GB address space. The Java Heap base address is the
#     maximum limit for the native heap growth. Please use -XX:HeapBaseMinAddress
#     to set the Java Heap base and to place the Java Heap above 4GB virtual address.
# This output file may be truncated or incomplete.
#
#  Out of Memory Error (./src/hotspot/share/memory/arena.cpp:197), pid=80828, tid=71792
#
# JRE version: OpenJDK Runtime Environment (11.0.10) (build 11.0.10+0-b96-7249189)
# Java VM: OpenJDK 64-Bit Server VM (11.0.10+0-b96-7249189, mixed mode, tiered, compressed oops, g1 gc, windows-amd64)
# No core dump will be written. Minidumps are not enabled by default on client versions of Windows
#

---------------  S U M M A R Y ------------

Command Line: --add-opens=java.base/java.util=ALL-UNNAMED --add-opens=java.base/java.lang=ALL-UNNAMED --add-opens=java.base/java.lang.invoke=ALL-UNNAMED --add-opens=java.base/java.util=ALL-UNNAMED --add-opens=java.prefs/java.util.prefs=ALL-UNNAMED --add-opens=java.prefs/java.util.prefs=ALL-UNNAMED --add-opens=java.base/java.nio.charset=ALL-UNNAMED --add-opens=java.base/java.net=ALL-UNNAMED --add-opens=java.base/java.util.concurrent.atomic=ALL-UNNAMED -Xmx2048m -Dfile.encoding=UTF-8 -Duser.country=CN -Duser.language=zh -Duser.variant org.gradle.launcher.daemon.bootstrap.GradleDaemon 7.0.2

Host: AMD Ryzen 5 4600U with Radeon Graphics         , 12 cores, 13G,  Windows 10 , 64 bit Build 22000 (10.0.22000.434)
Time: Tue Mar  8 08:53:13 2022 中国标准时间 elapsed time: 6.652820 seconds (0d 0h 0m 6s)

---------------  T H R E A D  ---------------

Current thread (0x00000203ff9be000):  JavaThread "C2 CompilerThread0" daemon [_thread_in_native, id=71792, stack(0x00000067bd400000,0x00000067bd500000)]


Current CompileTask:
C2:   6652 6072       4       org.objectweb.asm.Frame::execute (2318 bytes)

Stack: [0x00000067bd400000,0x00000067bd500000]
Native frames: (J=compiled Java code, j=interpreted, Vv=VM code, C=native code)
V  [jvm.dll+0x5ecfaa]
V  [jvm.dll+0x722bd5]
V  [jvm.dll+0x72412d]
V  [jvm.dll+0x7247e3]
V  [jvm.dll+0x242928]
V  [jvm.dll+0xbc4fc]
V  [jvm.dll+0xbca0c]
V  [jvm.dll+0x352d7d]
V  [jvm.dll+0x320ad3]
V  [jvm.dll+0x31ffca]
V  [jvm.dll+0x1fb602]
V  [jvm.dll+0x1fa7f4]
V  [jvm.dll+0x18354c]
V  [jvm.dll+0x208ee7]
V  [jvm.dll+0x207731]
V  [jvm.dll+0x6eb1cf]
V  [jvm.dll+0x6e3d45]
V  [jvm.dll+0x5ebe96]
C  [ucrtbase.dll+0x26c0c]
C  [KERNEL32.DLL+0x154e0]
C  [ntdll.dll+0x485b]


---------------  P R O C E S S  ---------------

Threads class SMR info:
_java_thread_list=0x000002038815dbc0, length=59, elements={
0x00000203e50ee000, 0x00000203ff994000, 0x00000203ff999000, 0x00000203ff9ba800,
0x00000203ff9bb800, 0x00000203ff9bd000, 0x00000203ff9be000, 0x00000203ffa15800,
0x00000203ffa19800, 0x00000203ffb7c000, 0x0000020383e99800, 0x000002038289d000,
0x000002038467e000, 0x0000020384d97000, 0x0000020384436800, 0x00000203858b6000,
0x0000020383e86800, 0x000002038476e800, 0x000002038478d000, 0x00000203846e1800,
0x00000203846e7000, 0x00000203846e5000, 0x00000203846e2800, 0x00000203846e3800,
0x0000020385ec5000, 0x00000203846df800, 0x00000203846e0000, 0x00000203846e6000,
0x00000203846e1000, 0x00000203846e4000, 0x000002038505d000, 0x000002038505e000,
0x0000020385060800, 0x000002038505e800, 0x000002038505f800, 0x000002038505a800,
0x0000020385061000, 0x000002038505b800, 0x0000020385062000, 0x000002038505c800,
0x0000020385064800, 0x0000020385066000, 0x0000020385067800, 0x0000020385068800,
0x0000020385067000, 0x0000020385063800, 0x0000020388ead000, 0x0000020388eab800,
0x0000020388eaa800, 0x0000020388eac800, 0x0000020388eaf000, 0x0000020388eae000,
0x0000020388ea9000, 0x0000020388eaf800, 0x0000020388eaa000, 0x0000020388eb5800,
0x0000020388eb6000, 0x0000020388eb0800, 0x0000020388eb4800
}

Java Threads: ( => current thread )
  0x00000203e50ee000 JavaThread "main" [_thread_blocked, id=67336, stack(0x00000067bc800000,0x00000067bc900000)]
  0x00000203ff994000 JavaThread "Reference Handler" daemon [_thread_blocked, id=76084, stack(0x00000067bcf00000,0x00000067bd000000)]
  0x00000203ff999000 JavaThread "Finalizer" daemon [_thread_blocked, id=68568, stack(0x00000067bd000000,0x00000067bd100000)]
  0x00000203ff9ba800 JavaThread "Signal Dispatcher" daemon [_thread_blocked, id=72928, stack(0x00000067bd100000,0x00000067bd200000)]
  0x00000203ff9bb800 JavaThread "Attach Listener" daemon [_thread_blocked, id=57716, stack(0x00000067bd200000,0x00000067bd300000)]
  0x00000203ff9bd000 JavaThread "Service Thread" daemon [_thread_blocked, id=79084, stack(0x00000067bd300000,0x00000067bd400000)]
=>0x00000203ff9be000 JavaThread "C2 CompilerThread0" daemon [_thread_in_native, id=71792, stack(0x00000067bd400000,0x00000067bd500000)]
  0x00000203ffa15800 JavaThread "C1 CompilerThread0" daemon [_thread_blocked, id=78432, stack(0x00000067bd500000,0x00000067bd600000)]
  0x00000203ffa19800 JavaThread "Sweeper thread" daemon [_thread_blocked, id=78156, stack(0x00000067bd600000,0x00000067bd700000)]
  0x00000203ffb7c000 JavaThread "Common-Cleaner" daemon [_thread_blocked, id=81072, stack(0x00000067bd700000,0x00000067bd800000)]
  0x0000020383e99800 JavaThread "Daemon health stats" [_thread_blocked, id=26720, stack(0x00000067bde00000,0x00000067bdf00000)]
  0x000002038289d000 JavaThread "Incoming local TCP Connector on port 63561" [_thread_in_native, id=73672, stack(0x00000067bd900000,0x00000067bda00000)]
  0x000002038467e000 JavaThread "Daemon periodic checks" [_thread_blocked, id=25252, stack(0x00000067bdf00000,0x00000067be000000)]
  0x0000020384d97000 JavaThread "Daemon" [_thread_blocked, id=25316, stack(0x00000067be000000,0x00000067be100000)]
  0x0000020384436800 JavaThread "Handler for socket connection from /127.0.0.1:63561 to /127.0.0.1:63563" [_thread_in_native, id=50960, stack(0x00000067be100000,0x00000067be200000)]
  0x00000203858b6000 JavaThread "Cancel handler" [_thread_blocked, id=21372, stack(0x00000067be200000,0x00000067be300000)]
  0x0000020383e86800 JavaThread "Daemon worker" [_thread_in_vm, id=81488, stack(0x00000067be300000,0x00000067be400000)]
  0x000002038476e800 JavaThread "Asynchronous log dispatcher for DefaultDaemonConnection: socket connection from /127.0.0.1:63561 to /127.0.0.1:63563" [_thread_blocked, id=55376, stack(0x00000067be400000,0x00000067be500000)]
  0x000002038478d000 JavaThread "Stdin handler" [_thread_blocked, id=75160, stack(0x00000067be500000,0x00000067be600000)]
  0x00000203846e1800 JavaThread "Daemon client event forwarder" [_thread_blocked, id=80124, stack(0x00000067be600000,0x00000067be700000)]
  0x00000203846e7000 JavaThread "C2 CompilerThread1" daemon [_thread_in_native, id=32216, stack(0x00000067be700000,0x00000067be800000)]
  0x00000203846e5000 JavaThread "Cache worker for file hash cache (C:\Users\lenovo\.gradle\caches\7.0.2\fileHashes)" [_thread_blocked, id=48552, stack(0x00000067be800000,0x00000067be900000)]
  0x00000203846e2800 JavaThread "File lock request listener" [_thread_in_native, id=67280, stack(0x00000067be900000,0x00000067bea00000)]
  0x00000203846e3800 JavaThread "Cache worker for journal cache (C:\Users\lenovo\.gradle\caches\journal-1)" [_thread_blocked, id=24104, stack(0x00000067bf100000,0x00000067bf200000)]
  0x0000020385ec5000 JavaThread "C2 CompilerThread2" daemon [_thread_in_native, id=70184, stack(0x00000067bf200000,0x00000067bf300000)]
  0x00000203846df800 JavaThread "Cache worker for file hash cache (E:\Android_Homework_XHJ\FirstHomework\.gradle\7.0.2\fileHashes)" [_thread_blocked, id=78680, stack(0x00000067bf300000,0x00000067bf400000)]
  0x00000203846e0000 JavaThread "File watcher server" daemon [_thread_in_native, id=79888, stack(0x00000067bf400000,0x00000067bf500000)]
  0x00000203846e6000 JavaThread "File watcher consumer" daemon [_thread_blocked, id=74072, stack(0x00000067bf500000,0x00000067bf600000)]
  0x00000203846e1000 JavaThread "jar transforms" [_thread_blocked, id=62444, stack(0x00000067bf600000,0x00000067bf700000)]
  0x00000203846e4000 JavaThread "jar transforms Thread 2" [_thread_blocked, id=80476, stack(0x00000067bf700000,0x00000067bf800000)]
  0x000002038505d000 JavaThread "jar transforms Thread 3" [_thread_blocked, id=48696, stack(0x00000067bf800000,0x00000067bf900000)]
  0x000002038505e000 JavaThread "jar transforms Thread 4" [_thread_blocked, id=78908, stack(0x00000067bf900000,0x00000067bfa00000)]
  0x0000020385060800 JavaThread "jar transforms Thread 5" [_thread_blocked, id=73864, stack(0x00000067bfa00000,0x00000067bfb00000)]
  0x000002038505e800 JavaThread "jar transforms Thread 6" [_thread_blocked, id=70704, stack(0x00000067bfb00000,0x00000067bfc00000)]
  0x000002038505f800 JavaThread "jar transforms Thread 7" [_thread_blocked, id=79252, stack(0x00000067bfc00000,0x00000067bfd00000)]
  0x000002038505a800 JavaThread "jar transforms Thread 8" [_thread_blocked, id=80804, stack(0x00000067bfd00000,0x00000067bfe00000)]
  0x0000020385061000 JavaThread "jar transforms Thread 9" [_thread_blocked, id=81724, stack(0x00000067bfe00000,0x00000067bff00000)]
  0x000002038505b800 JavaThread "jar transforms Thread 10" [_thread_blocked, id=78116, stack(0x00000067bff00000,0x00000067c0000000)]
  0x0000020385062000 JavaThread "jar transforms Thread 11" [_thread_blocked, id=62576, stack(0x00000067c0000000,0x00000067c0100000)]
  0x000002038505c800 JavaThread "jar transforms Thread 12" [_thread_blocked, id=55856, stack(0x00000067c0100000,0x00000067c0200000)]
  0x0000020385064800 JavaThread "Cache worker for checksums cache (E:\Android_Homework_XHJ\FirstHomework\.gradle\checksums)" [_thread_blocked, id=77564, stack(0x00000067c0200000,0x00000067c0300000)]
  0x0000020385066000 JavaThread "Cache worker for cache directory md-supplier (C:\Users\lenovo\.gradle\caches\7.0.2\md-supplier)" [_thread_blocked, id=25028, stack(0x00000067c0300000,0x00000067c0400000)]
  0x0000020385067800 JavaThread "Cache worker for cache directory md-rule (C:\Users\lenovo\.gradle\caches\7.0.2\md-rule)" [_thread_blocked, id=73772, stack(0x00000067c0400000,0x00000067c0500000)]
  0x0000020385068800 JavaThread "Cache worker for execution history cache (C:\Users\lenovo\.gradle\caches\7.0.2\executionHistory)" [_thread_blocked, id=76872, stack(0x00000067c0500000,0x00000067c0600000)]
  0x0000020385067000 JavaThread "Cache worker for file content cache (C:\Users\lenovo\.gradle\caches\7.0.2\fileContent)" [_thread_blocked, id=79132, stack(0x00000067c0600000,0x00000067c0700000)]
  0x0000020385063800 JavaThread "Cache worker for dependencies-accessors (E:\Android_Homework_XHJ\FirstHomework\.gradle\7.0.2\dependencies-accessors)" [_thread_blocked, id=78852, stack(0x00000067c0700000,0x00000067c0800000)]
  0x0000020388ead000 JavaThread "Cache worker for Build Output Cleanup Cache (E:\Android_Homework_XHJ\FirstHomework\.gradle\buildOutputCleanup)" [_thread_blocked, id=22624, stack(0x00000067c0800000,0x00000067c0900000)]
  0x0000020388eab800 JavaThread "Build operations" [_thread_blocked, id=77252, stack(0x00000067c0900000,0x00000067c0a00000)]
  0x0000020388eaa800 JavaThread "Build operations Thread 2" [_thread_blocked, id=24192, stack(0x00000067c0a00000,0x00000067c0b00000)]
  0x0000020388eac800 JavaThread "Build operations Thread 3" [_thread_blocked, id=69432, stack(0x00000067c0b00000,0x00000067c0c00000)]
  0x0000020388eaf000 JavaThread "Build operations Thread 4" [_thread_blocked, id=66124, stack(0x00000067c0c00000,0x00000067c0d00000)]
  0x0000020388eae000 JavaThread "Build operations Thread 5" [_thread_blocked, id=78160, stack(0x00000067c0d00000,0x00000067c0e00000)]
  0x0000020388ea9000 JavaThread "Build operations Thread 6" [_thread_blocked, id=72060, stack(0x00000067c0e00000,0x00000067c0f00000)]
  0x0000020388eaf800 JavaThread "Build operations Thread 7" [_thread_blocked, id=79284, stack(0x00000067c0f00000,0x00000067c1000000)]
  0x0000020388eaa000 JavaThread "Build operations Thread 8" [_thread_blocked, id=73308, stack(0x00000067c1000000,0x00000067c1100000)]
  0x0000020388eb5800 JavaThread "Build operations Thread 9" [_thread_blocked, id=22152, stack(0x00000067c1100000,0x00000067c1200000)]
  0x0000020388eb6000 JavaThread "Build operations Thread 10" [_thread_blocked, id=67756, stack(0x00000067c1200000,0x00000067c1300000)]
  0x0000020388eb0800 JavaThread "Build operations Thread 11" [_thread_blocked, id=80640, stack(0x00000067c1300000,0x00000067c1400000)]
  0x0000020388eb4800 JavaThread "Build operations Thread 12" [_thread_blocked, id=72136, stack(0x00000067c1400000,0x00000067c1500000)]

Other Threads:
  0x00000203ff991800 VMThread "VM Thread" [stack: 0x00000067bce00000,0x00000067bcf00000] [id=79572]
  0x00000203ffb95000 WatcherThread [stack: 0x00000067bd800000,0x00000067bd900000] [id=77956]
  0x00000203e5106800 GCTaskThread "GC Thread#0" [stack: 0x00000067bc900000,0x00000067bca00000] [id=67576]
  0x00000203830e6800 GCTaskThread "GC Thread#1" [stack: 0x00000067bda00000,0x00000067bdb00000] [id=78232]
  0x00000203831d7000 GCTaskThread "GC Thread#2" [stack: 0x00000067bdb00000,0x00000067bdc00000] [id=79004]
  0x00000203831d7800 GCTaskThread "GC Thread#3" [stack: 0x00000067bdc00000,0x00000067bdd00000] [id=79448]
  0x000002038303a000 GCTaskThread "GC Thread#4" [stack: 0x00000067bdd00000,0x00000067bde00000] [id=80020]
  0x0000020383d38800 GCTaskThread "GC Thread#5" [stack: 0x00000067bea00000,0x00000067beb00000] [id=78868]
  0x0000020384e1b000 GCTaskThread "GC Thread#6" [stack: 0x00000067beb00000,0x00000067bec00000] [id=7040]
  0x0000020385a24800 GCTaskThread "GC Thread#7" [stack: 0x00000067bec00000,0x00000067bed00000] [id=68672]
  0x000002038326c800 GCTaskThread "GC Thread#8" [stack: 0x00000067bed00000,0x00000067bee00000] [id=81624]
  0x000002038326e000 GCTaskThread "GC Thread#9" [stack: 0x00000067bee00000,0x00000067bef00000] [id=79348]
  0x00000203e513a800 ConcurrentGCThread "G1 Main Marker" [stack: 0x00000067bca00000,0x00000067bcb00000] [id=28240]
  0x00000203e513b800 ConcurrentGCThread "G1 Conc#0" [stack: 0x00000067bcb00000,0x00000067bcc00000] [id=76468]
  0x000002038326e800 ConcurrentGCThread "G1 Conc#1" [stack: 0x00000067bef00000,0x00000067bf000000] [id=81524]
  0x0000020383270000 ConcurrentGCThread "G1 Conc#2" [stack: 0x00000067bf000000,0x00000067bf100000] [id=80996]
  0x00000203e51ce000 ConcurrentGCThread "G1 Refine#0" [stack: 0x00000067bcc00000,0x00000067bcd00000] [id=78496]
  0x00000203ff7dd800 ConcurrentGCThread "G1 Young RemSet Sampling" [stack: 0x00000067bcd00000,0x00000067bce00000] [id=81292]

Threads with active compile tasks:
C2 CompilerThread0   6677 6072       4       org.objectweb.asm.Frame::execute (2318 bytes)
C2 CompilerThread1   6677 6144       4       java.util.HashSet::contains (9 bytes)
C2 CompilerThread2   6678 5976   !   4       com.google.common.reflect.TypeVisitor::visit (225 bytes)

VM state:not at safepoint (normal execution)

VM Mutex/Monitor currently owned by a thread: None

Heap address: 0x0000000080000000, size: 2048 MB, Compressed Oops mode: 32-bit
Narrow klass base: 0x0000000000000000, Narrow klass shift: 3
Compressed class space size: 1073741824 Address: 0x0000000100000000

Heap:
 garbage-first heap   total 227328K, used 85006K [0x0000000080000000, 0x0000000100000000)
  region size 1024K, 16 young (16384K), 5 survivors (5120K)
 Metaspace       used 59568K, capacity 61236K, committed 61476K, reserved 1103872K
  class space    used 7572K, capacity 8126K, committed 8156K, reserved 1048576K
Heap Regions: E=young(eden), S=young(survivor), O=old, HS=humongous(starts), HC=humongous(continues), CS=collection set, F=free, A=archive, TAMS=top-at-mark-start (previous, next)
|   0|0x0000000080000000, 0x0000000080100000, 0x0000000080100000|100%|HS|  |TAMS 0x0000000080100000, 0x0000000080000000| Complete 
|   1|0x0000000080100000, 0x0000000080200000, 0x0000000080200000|100%|HC|  |TAMS 0x0000000080200000, 0x0000000080100000| Complete 
|   2|0x0000000080200000, 0x0000000080300000, 0x0000000080300000|100%| O|  |TAMS 0x0000000080300000, 0x0000000080200000| Untracked 
|   3|0x0000000080300000, 0x0000000080400000, 0x0000000080400000|100%|HS|  |TAMS 0x0000000080400000, 0x0000000080300000| Complete 
|   4|0x0000000080400000, 0x0000000080500000, 0x0000000080500000|100%|HC|  |TAMS 0x0000000080500000, 0x0000000080400000| Complete 
|   5|0x0000000080500000, 0x0000000080600000, 0x0000000080600000|100%|HC|  |TAMS 0x0000000080600000, 0x0000000080500000| Complete 
|   6|0x0000000080600000, 0x0000000080700000, 0x0000000080700000|100%| O|  |TAMS 0x0000000080700000, 0x0000000080600000| Untracked 
|   7|0x0000000080700000, 0x0000000080800000, 0x0000000080800000|100%| O|  |TAMS 0x0000000080800000, 0x0000000080700000| Untracked 
|   8|0x0000000080800000, 0x0000000080900000, 0x0000000080900000|100%| O|  |TAMS 0x0000000080900000, 0x0000000080800000| Untracked 
|   9|0x0000000080900000, 0x0000000080a00000, 0x0000000080a00000|100%|HS|  |TAMS 0x0000000080a00000, 0x0000000080900000| Complete 
|  10|0x0000000080a00000, 0x0000000080b00000, 0x0000000080b00000|100%|HC|  |TAMS 0x0000000080b00000, 0x0000000080a00000| Complete 
|  11|0x0000000080b00000, 0x0000000080c00000, 0x0000000080c00000|100%|HC|  |TAMS 0x0000000080c00000, 0x0000000080b00000| Complete 
|  12|0x0000000080c00000, 0x0000000080d00000, 0x0000000080d00000|100%|HS|  |TAMS 0x0000000080d00000, 0x0000000080c00000| Complete 
|  13|0x0000000080d00000, 0x0000000080e00000, 0x0000000080e00000|100%|HC|  |TAMS 0x0000000080e00000, 0x0000000080d00000| Complete 
|  14|0x0000000080e00000, 0x0000000080f00000, 0x0000000080f00000|100%|HC|  |TAMS 0x0000000080f00000, 0x0000000080e00000| Complete 
|  15|0x0000000080f00000, 0x0000000081000000, 0x0000000081000000|100%|HC|  |TAMS 0x0000000081000000, 0x0000000080f00000| Complete 
|  16|0x0000000081000000, 0x0000000081100000, 0x0000000081100000|100%|HC|  |TAMS 0x0000000081100000, 0x0000000081000000| Complete 
|  17|0x0000000081100000, 0x0000000081200000, 0x0000000081200000|100%| O|  |TAMS 0x0000000081200000, 0x0000000081100000| Untracked 
|  18|0x0000000081200000, 0x0000000081300000, 0x0000000081300000|100%| O|  |TAMS 0x0000000081300000, 0x0000000081200000| Untracked 
|  19|0x0000000081300000, 0x0000000081400000, 0x0000000081400000|100%| O|  |TAMS 0x0000000081400000, 0x0000000081300000| Untracked 
|  20|0x0000000081400000, 0x0000000081500000, 0x0000000081500000|100%| O|  |TAMS 0x0000000081500000, 0x0000000081400000| Untracked 
|  21|0x0000000081500000, 0x0000000081600000, 0x0000000081600000|100%| O|  |TAMS 0x0000000081600000, 0x0000000081500000| Untracked 
|  22|0x0000000081600000, 0x0000000081700000, 0x0000000081700000|100%| O|  |TAMS 0x0000000081700000, 0x0000000081600000| Untracked 
|  23|0x0000000081700000, 0x0000000081800000, 0x0000000081800000|100%| O|  |TAMS 0x0000000081800000, 0x0000000081700000| Untracked 
|  24|0x0000000081800000, 0x0000000081900000, 0x0000000081900000|100%| O|  |TAMS 0x0000000081900000, 0x0000000081800000| Untracked 
|  25|0x0000000081900000, 0x0000000081a00000, 0x0000000081a00000|100%| O|  |TAMS 0x0000000081a00000, 0x0000000081900000| Untracked 
|  26|0x0000000081a00000, 0x0000000081b00000, 0x0000000081b00000|100%|HS|  |TAMS 0x0000000081b00000, 0x0000000081a00000| Complete 
|  27|0x0000000081b00000, 0x0000000081c00000, 0x0000000081c00000|100%|HS|  |TAMS 0x0000000081c00000, 0x0000000081b00000| Complete 
|  28|0x0000000081c00000, 0x0000000081d00000, 0x0000000081d00000|100%|HS|  |TAMS 0x0000000081d00000, 0x0000000081c00000| Complete 
|  29|0x0000000081d00000, 0x0000000081e00000, 0x0000000081e00000|100%|HS|  |TAMS 0x0000000081e00000, 0x0000000081d00000| Complete 
|  30|0x0000000081e00000, 0x0000000081f00000, 0x0000000081f00000|100%|HC|  |TAMS 0x0000000081f00000, 0x0000000081e00000| Complete 
|  31|0x0000000081f00000, 0x0000000082000000, 0x0000000082000000|100%|HC|  |TAMS 0x0000000082000000, 0x0000000081f00000| Complete 
|  32|0x0000000082000000, 0x0000000082100000, 0x0000000082100000|100%|HC|  |TAMS 0x0000000082100000, 0x0000000082000000| Complete 
|  33|0x0000000082100000, 0x0000000082200000, 0x0000000082200000|100%|HC|  |TAMS 0x0000000082200000, 0x0000000082100000| Complete 
|  34|0x0000000082200000, 0x0000000082300000, 0x0000000082300000|100%|HS|  |TAMS 0x0000000082300000, 0x0000000082200000| Complete 
|  35|0x0000000082300000, 0x0000000082400000, 0x0000000082400000|100%|HC|  |TAMS 0x0000000082400000, 0x0000000082300000| Complete 
|  36|0x0000000082400000, 0x0000000082500000, 0x0000000082500000|100%|HC|  |TAMS 0x0000000082500000, 0x0000000082400000| Complete 
|  37|0x0000000082500000, 0x0000000082600000, 0x0000000082600000|100%| O|  |TAMS 0x0000000082600000, 0x0000000082500000| Untracked 
|  38|0x0000000082600000, 0x0000000082700000, 0x0000000082700000|100%| O|  |TAMS 0x0000000082700000, 0x0000000082600000| Untracked 
|  39|0x0000000082700000, 0x0000000082800000, 0x0000000082800000|100%| O|  |TAMS 0x0000000082800000, 0x0000000082700000| Untracked 
|  40|0x0000000082800000, 0x0000000082900000, 0x0000000082900000|100%| O|  |TAMS 0x0000000082900000, 0x0000000082800000| Untracked 
|  41|0x0000000082900000, 0x0000000082a00000, 0x0000000082a00000|100%| O|  |TAMS 0x0000000082a00000, 0x0000000082900000| Untracked 
|  42|0x0000000082a00000, 0x0000000082b00000, 0x0000000082b00000|100%| O|  |TAMS 0x0000000082b00000, 0x0000000082a00000| Untracked 
|  43|0x0000000082b00000, 0x0000000082c00000, 0x0000000082c00000|100%|HS|  |TAMS 0x0000000082c00000, 0x0000000082b00000| Complete 
|  44|0x0000000082c00000, 0x0000000082d00000, 0x0000000082d00000|100%|HC|  |TAMS 0x0000000082d00000, 0x0000000082c00000| Complete 
|  45|0x0000000082d00000, 0x0000000082e00000, 0x0000000082e00000|100%|HC|  |TAMS 0x0000000082e00000, 0x0000000082d00000| Complete 
|  46|0x0000000082e00000, 0x0000000082f00000, 0x0000000082f00000|100%| O|  |TAMS 0x0000000082f00000, 0x0000000082e00000| Untracked 
|  47|0x0000000082f00000, 0x0000000083000000, 0x0000000083000000|100%| O|  |TAMS 0x0000000083000000, 0x0000000082f00000| Untracked 
|  48|0x0000000083000000, 0x0000000083100000, 0x0000000083100000|100%| O|  |TAMS 0x0000000083100000, 0x0000000083000000| Untracked 
|  49|0x0000000083100000, 0x0000000083200000, 0x0000000083200000|100%| O|  |TAMS 0x0000000083200000, 0x0000000083100000| Untracked 
|  50|0x0000000083200000, 0x0000000083300000, 0x0000000083300000|100%| O|  |TAMS 0x0000000083300000, 0x0000000083200000| Untracked 
|  51|0x0000000083300000, 0x0000000083400000, 0x0000000083400000|100%| O|  |TAMS 0x0000000083400000, 0x0000000083300000| Untracked 
|  52|0x0000000083400000, 0x0000000083500000, 0x0000000083500000|100%| O|  |TAMS 0x0000000083500000, 0x0000000083400000| Untracked 
|  53|0x0000000083500000, 0x0000000083600000, 0x0000000083600000|100%| O|  |TAMS 0x0000000083600000, 0x0000000083500000| Untracked 
|  54|0x0000000083600000, 0x0000000083700000, 0x0000000083700000|100%| O|  |TAMS 0x0000000083700000, 0x0000000083600000| Untracked 
|  55|0x0000000083700000, 0x0000000083800000, 0x0000000083800000|100%| O|  |TAMS 0x0000000083800000, 0x0000000083700000| Untracked 
|  56|0x0000000083800000, 0x0000000083900000, 0x0000000083900000|100%| O|  |TAMS 0x0000000083900000, 0x0000000083800000| Untracked 
|  57|0x0000000083900000, 0x0000000083a00000, 0x0000000083a00000|100%|HS|  |TAMS 0x0000000083a00000, 0x0000000083900000| Complete 
|  58|0x0000000083a00000, 0x0000000083b00000, 0x0000000083b00000|100%|HC|  |TAMS 0x0000000083b00000, 0x0000000083a00000| Complete 
|  59|0x0000000083b00000, 0x0000000083c00000, 0x0000000083c00000|100%| O|  |TAMS 0x0000000083c00000, 0x0000000083b00000| Untracked 
|  60|0x0000000083c00000, 0x0000000083d00000, 0x0000000083d00000|100%| O|  |TAMS 0x0000000083d00000, 0x0000000083c00000| Untracked 
|  61|0x0000000083d00000, 0x0000000083e00000, 0x0000000083e00000|100%| O|  |TAMS 0x0000000083e00000, 0x0000000083d00000| Untracked 
|  62|0x0000000083e00000, 0x0000000083f00000, 0x0000000083f00000|100%| O|  |TAMS 0x0000000083f00000, 0x0000000083e00000| Untracked 
|  63|0x0000000083f00000, 0x0000000084000000, 0x0000000084000000|100%| O|  |TAMS 0x0000000084000000, 0x0000000083f00000| Untracked 
|  64|0x0000000084000000, 0x0000000084100000, 0x0000000084100000|100%| O|  |TAMS 0x0000000084100000, 0x0000000084000000| Untracked 
|  65|0x0000000084100000, 0x0000000084200000, 0x0000000084200000|100%| O|  |TAMS 0x0000000084200000, 0x0000000084100000| Untracked 
|  66|0x0000000084200000, 0x0000000084300000, 0x0000000084300000|100%| O|  |TAMS 0x0000000084300000, 0x0000000084200000| Untracked 
|  67|0x0000000084300000, 0x0000000084400000, 0x0000000084400000|100%| O|  |TAMS 0x0000000084400000, 0x0000000084300000| Untracked 
|  68|0x0000000084400000, 0x000000008444c800, 0x0000000084500000| 29%| O|  |TAMS 0x000000008444c800, 0x0000000084400000| Untracked 
|  69|0x0000000084500000, 0x0000000084500000, 0x0000000084600000|  0%| F|  |TAMS 0x0000000084500000, 0x0000000084500000| Untracked 
|  70|0x0000000084600000, 0x0000000084600000, 0x0000000084700000|  0%| F|  |TAMS 0x0000000084600000, 0x0000000084600000| Untracked 
|  71|0x0000000084700000, 0x0000000084700000, 0x0000000084800000|  0%| F|  |TAMS 0x0000000084700000, 0x0000000084700000| Untracked 
|  72|0x0000000084800000, 0x0000000084800000, 0x0000000084900000|  0%| F|  |TAMS 0x0000000084800000, 0x0000000084800000| Untracked 
|  73|0x0000000084900000, 0x0000000084900000, 0x0000000084a00000|  0%| F|  |TAMS 0x0000000084900000, 0x0000000084900000| Untracked 
|  74|0x0000000084a00000, 0x0000000084a00000, 0x0000000084b00000|  0%| F|  |TAMS 0x0000000084a00000, 0x0000000084a00000| Untracked 
|  75|0x0000000084b00000, 0x0000000084b00000, 0x0000000084c00000|  0%| F|  |TAMS 0x0000000084b00000, 0x0000000084b00000| Untracked 
|  76|0x0000000084c00000, 0x0000000084c00000, 0x0000000084d00000|  0%| F|  |TAMS 0x0000000084c00000, 0x0000000084c00000| Untracked 
|  77|0x0000000084d00000, 0x0000000084d00000, 0x0000000084e00000|  0%| F|  |TAMS 0x0000000084d00000, 0x0000000084d00000| Untracked 
|  78|0x0000000084e00000, 0x0000000084e00000, 0x0000000084f00000|  0%| F|  |TAMS 0x0000000084e00000, 0x0000000084e00000| Untracked 
|  79|0x0000000084f00000, 0x0000000084f00000, 0x0000000085000000|  0%| F|  |TAMS 0x0000000084f00000, 0x0000000084f00000| Untracked 
|  80|0x0000000085000000, 0x0000000085000000, 0x0000000085100000|  0%| F|  |TAMS 0x0000000085000000, 0x0000000085000000| Untracked 
|  81|0x0000000085100000, 0x0000000085100000, 0x0000000085200000|  0%| F|  |TAMS 0x0000000085100000, 0x0000000085100000| Untracked 
|  82|0x0000000085200000, 0x0000000085200000, 0x0000000085300000|  0%| F|  |TAMS 0x0000000085200000, 0x0000000085200000| Untracked 
|  83|0x0000000085300000, 0x0000000085300000, 0x0000000085400000|  0%| F|  |TAMS 0x0000000085300000, 0x0000000085300000| Untracked 
|  84|0x0000000085400000, 0x0000000085400000, 0x0000000085500000|  0%| F|  |TAMS 0x0000000085400000, 0x0000000085400000| Untracked 
|  85|0x0000000085500000, 0x0000000085500000, 0x0000000085600000|  0%| F|  |TAMS 0x0000000085500000, 0x0000000085500000| Untracked 
|  86|0x0000000085600000, 0x0000000085600000, 0x0000000085700000|  0%| F|  |TAMS 0x0000000085600000, 0x0000000085600000| Untracked 
|  87|0x0000000085700000, 0x0000000085700000, 0x0000000085800000|  0%| F|  |TAMS 0x0000000085700000, 0x0000000085700000| Untracked 
|  88|0x0000000085800000, 0x0000000085800000, 0x0000000085900000|  0%| F|  |TAMS 0x0000000085800000, 0x0000000085800000| Untracked 
|  89|0x0000000085900000, 0x0000000085900000, 0x0000000085a00000|  0%| F|  |TAMS 0x0000000085900000, 0x0000000085900000| Untracked 
|  90|0x0000000085a00000, 0x0000000085a00000, 0x0000000085b00000|  0%| F|  |TAMS 0x0000000085a00000, 0x0000000085a00000| Untracked 
|  91|0x0000000085b00000, 0x0000000085b00000, 0x0000000085c00000|  0%| F|  |TAMS 0x0000000085b00000, 0x0000000085b00000| Untracked 
|  92|0x0000000085c00000, 0x0000000085c00000, 0x0000000085d00000|  0%| F|  |TAMS 0x0000000085c00000, 0x0000000085c00000| Untracked 
|  93|0x0000000085d00000, 0x0000000085d00000, 0x0000000085e00000|  0%| F|  |TAMS 0x0000000085d00000, 0x0000000085d00000| Untracked 
|  94|0x0000000085e00000, 0x0000000085e00000, 0x0000000085f00000|  0%| F|  |TAMS 0x0000000085e00000, 0x0000000085e00000| Untracked 
|  95|0x0000000085f00000, 0x0000000085f00000, 0x0000000086000000|  0%| F|  |TAMS 0x0000000085f00000, 0x0000000085f00000| Untracked 
|  96|0x0000000086000000, 0x0000000086000000, 0x0000000086100000|  0%| F|  |TAMS 0x0000000086000000, 0x0000000086000000| Untracked 
|  97|0x0000000086100000, 0x0000000086100000, 0x0000000086200000|  0%| F|  |TAMS 0x0000000086100000, 0x0000000086100000| Untracked 
|  98|0x0000000086200000, 0x0000000086200000, 0x0000000086300000|  0%| F|  |TAMS 0x0000000086200000, 0x0000000086200000| Untracked 
|  99|0x0000000086300000, 0x0000000086300000, 0x0000000086400000|  0%| F|  |TAMS 0x0000000086300000, 0x0000000086300000| Untracked 
| 100|0x0000000086400000, 0x0000000086400000, 0x0000000086500000|  0%| F|  |TAMS 0x0000000086400000, 0x0000000086400000| Untracked 
| 101|0x0000000086500000, 0x0000000086500000, 0x0000000086600000|  0%| F|  |TAMS 0x0000000086500000, 0x0000000086500000| Untracked 
| 102|0x0000000086600000, 0x0000000086600000, 0x0000000086700000|  0%| F|  |TAMS 0x0000000086600000, 0x0000000086600000| Untracked 
| 103|0x0000000086700000, 0x0000000086700000, 0x0000000086800000|  0%| F|  |TAMS 0x0000000086700000, 0x0000000086700000| Untracked 
| 104|0x0000000086800000, 0x0000000086800000, 0x0000000086900000|  0%| F|  |TAMS 0x0000000086800000, 0x0000000086800000| Untracked 
| 105|0x0000000086900000, 0x0000000086900000, 0x0000000086a00000|  0%| F|  |TAMS 0x0000000086900000, 0x0000000086900000| Untracked 
| 106|0x0000000086a00000, 0x0000000086a00000, 0x0000000086b00000|  0%| F|  |TAMS 0x0000000086a00000, 0x0000000086a00000| Untracked 
| 107|0x0000000086b00000, 0x0000000086b00000, 0x0000000086c00000|  0%| F|  |TAMS 0x0000000086b00000, 0x0000000086b00000| Untracked 
| 108|0x0000000086c00000, 0x0000000086c00000, 0x0000000086d00000|  0%| F|  |TAMS 0x0000000086c00000, 0x0000000086c00000| Untracked 
| 109|0x0000000086d00000, 0x0000000086d00000, 0x0000000086e00000|  0%| F|  |TAMS 0x0000000086d00000, 0x0000000086d00000| Untracked 
| 110|0x0000000086e00000, 0x0000000086e00000, 0x0000000086f00000|  0%| F|  |TAMS 0x0000000086e00000, 0x0000000086e00000| Untracked 
| 111|0x0000000086f00000, 0x0000000086f00000, 0x0000000087000000|  0%| F|  |TAMS 0x0000000086f00000, 0x0000000086f00000| Untracked 
| 112|0x0000000087000000, 0x0000000087000000, 0x0000000087100000|  0%| F|  |TAMS 0x0000000087000000, 0x0000000087000000| Untracked 
| 113|0x0000000087100000, 0x0000000087100000, 0x0000000087200000|  0%| F|  |TAMS 0x0000000087100000, 0x0000000087100000| Untracked 
| 114|0x0000000087200000, 0x0000000087200000, 0x0000000087300000|  0%| F|  |TAMS 0x0000000087200000, 0x0000000087200000| Untracked 
| 115|0x0000000087300000, 0x0000000087300000, 0x0000000087400000|  0%| F|  |TAMS 0x0000000087300000, 0x0000000087300000| Untracked 
| 116|0x0000000087400000, 0x0000000087400000, 0x0000000087500000|  0%| F|  |TAMS 0x0000000087400000, 0x0000000087400000| Untracked 
| 117|0x0000000087500000, 0x0000000087500000, 0x0000000087600000|  0%| F|  |TAMS 0x0000000087500000, 0x0000000087500000| Untracked 
| 118|0x0000000087600000, 0x0000000087600000, 0x0000000087700000|  0%| F|  |TAMS 0x0000000087600000, 0x0000000087600000| Untracked 
| 119|0x0000000087700000, 0x0000000087700000, 0x0000000087800000|  0%| F|  |TAMS 0x0000000087700000, 0x0000000087700000| Untracked 
| 120|0x0000000087800000, 0x0000000087800000, 0x0000000087900000|  0%| F|  |TAMS 0x0000000087800000, 0x0000000087800000| Untracked 
| 121|0x0000000087900000, 0x0000000087900000, 0x0000000087a00000|  0%| F|  |TAMS 0x0000000087900000, 0x0000000087900000| Untracked 
| 122|0x0000000087a00000, 0x0000000087a00000, 0x0000000087b00000|  0%| F|  |TAMS 0x0000000087a00000, 0x0000000087a00000| Untracked 
| 123|0x0000000087b00000, 0x0000000087b00000, 0x0000000087c00000|  0%| F|  |TAMS 0x0000000087b00000, 0x0000000087b00000| Untracked 
| 124|0x0000000087c00000, 0x0000000087c00000, 0x0000000087d00000|  0%| F|  |TAMS 0x0000000087c00000, 0x0000000087c00000| Untracked 
| 125|0x0000000087d00000, 0x0000000087d00000, 0x0000000087e00000|  0%| F|  |TAMS 0x0000000087d00000, 0x0000000087d00000| Untracked 
| 126|0x0000000087e00000, 0x0000000087e00000, 0x0000000087f00000|  0%| F|  |TAMS 0x0000000087e00000, 0x0000000087e00000| Untracked 
| 127|0x0000000087f00000, 0x0000000087f00000, 0x0000000088000000|  0%| F|  |TAMS 0x0000000087f00000, 0x0000000087f00000| Untracked 
| 128|0x0000000088000000, 0x0000000088000000, 0x0000000088100000|  0%| F|  |TAMS 0x0000000088000000, 0x0000000088000000| Untracked 
| 129|0x0000000088100000, 0x0000000088100000, 0x0000000088200000|  0%| F|  |TAMS 0x0000000088100000, 0x0000000088100000| Untracked 
| 130|0x0000000088200000, 0x0000000088200000, 0x0000000088300000|  0%| F|  |TAMS 0x0000000088200000, 0x0000000088200000| Untracked 
| 131|0x0000000088300000, 0x0000000088300000, 0x0000000088400000|  0%| F|  |TAMS 0x0000000088300000, 0x0000000088300000| Untracked 
| 132|0x0000000088400000, 0x0000000088400000, 0x0000000088500000|  0%| F|  |TAMS 0x0000000088400000, 0x0000000088400000| Untracked 
| 133|0x0000000088500000, 0x0000000088500000, 0x0000000088600000|  0%| F|  |TAMS 0x0000000088500000, 0x0000000088500000| Untracked 
| 134|0x0000000088600000, 0x0000000088600000, 0x0000000088700000|  0%| F|  |TAMS 0x0000000088600000, 0x0000000088600000| Untracked 
| 135|0x0000000088700000, 0x0000000088700000, 0x0000000088800000|  0%| F|  |TAMS 0x0000000088700000, 0x0000000088700000| Untracked 
| 136|0x0000000088800000, 0x0000000088800000, 0x0000000088900000|  0%| F|  |TAMS 0x0000000088800000, 0x0000000088800000| Untracked 
| 137|0x0000000088900000, 0x0000000088900000, 0x0000000088a00000|  0%| F|  |TAMS 0x0000000088900000, 0x0000000088900000| Untracked 
| 138|0x0000000088a00000, 0x0000000088a00000, 0x0000000088b00000|  0%| F|  |TAMS 0x0000000088a00000, 0x0000000088a00000| Untracked 
| 139|0x0000000088b00000, 0x0000000088b00000, 0x0000000088c00000|  0%| F|  |TAMS 0x0000000088b00000, 0x0000000088b00000| Untracked 
| 140|0x0000000088c00000, 0x0000000088c00000, 0x0000000088d00000|  0%| F|  |TAMS 0x0000000088c00000, 0x0000000088c00000| Untracked 
| 141|0x0000000088d00000, 0x0000000088d00000, 0x0000000088e00000|  0%| F|  |TAMS 0x0000000088d00000, 0x0000000088d00000| Untracked 
| 142|0x0000000088e00000, 0x0000000088e00000, 0x0000000088f00000|  0%| F|  |TAMS 0x0000000088e00000, 0x0000000088e00000| Untracked 
| 143|0x0000000088f00000, 0x0000000088f00000, 0x0000000089000000|  0%| F|  |TAMS 0x0000000088f00000, 0x0000000088f00000| Untracked 
| 144|0x0000000089000000, 0x0000000089000000, 0x0000000089100000|  0%| F|  |TAMS 0x0000000089000000, 0x0000000089000000| Untracked 
| 145|0x0000000089100000, 0x0000000089100000, 0x0000000089200000|  0%| F|  |TAMS 0x0000000089100000, 0x0000000089100000| Untracked 
| 146|0x0000000089200000, 0x0000000089200000, 0x0000000089300000|  0%| F|  |TAMS 0x0000000089200000, 0x0000000089200000| Untracked 
| 147|0x0000000089300000, 0x0000000089300000, 0x0000000089400000|  0%| F|  |TAMS 0x0000000089300000, 0x0000000089300000| Untracked 
| 148|0x0000000089400000, 0x0000000089400000, 0x0000000089500000|  0%| F|  |TAMS 0x0000000089400000, 0x0000000089400000| Untracked 
| 149|0x0000000089500000, 0x0000000089500000, 0x0000000089600000|  0%| F|  |TAMS 0x0000000089500000, 0x0000000089500000| Untracked 
| 150|0x0000000089600000, 0x0000000089600000, 0x0000000089700000|  0%| F|  |TAMS 0x0000000089600000, 0x0000000089600000| Untracked 
| 151|0x0000000089700000, 0x0000000089700000, 0x0000000089800000|  0%| F|  |TAMS 0x0000000089700000, 0x0000000089700000| Untracked 
| 152|0x0000000089800000, 0x0000000089800000, 0x0000000089900000|  0%| F|  |TAMS 0x0000000089800000, 0x0000000089800000| Untracked 
| 153|0x0000000089900000, 0x00000000899b70c0, 0x0000000089a00000| 71%| S|CS|TAMS 0x0000000089900000, 0x0000000089900000| Complete 
| 154|0x0000000089a00000, 0x0000000089b00000, 0x0000000089b00000|100%| S|CS|TAMS 0x0000000089a00000, 0x0000000089a00000| Complete 
| 155|0x0000000089b00000, 0x0000000089c00000, 0x0000000089c00000|100%| S|CS|TAMS 0x0000000089b00000, 0x0000000089b00000| Complete 
| 156|0x0000000089c00000, 0x0000000089d00000, 0x0000000089d00000|100%| S|CS|TAMS 0x0000000089c00000, 0x0000000089c00000| Complete 
| 157|0x0000000089d00000, 0x0000000089e00000, 0x0000000089e00000|100%| S|CS|TAMS 0x0000000089d00000, 0x0000000089d00000| Complete 
| 158|0x0000000089e00000, 0x0000000089e00000, 0x0000000089f00000|  0%| F|  |TAMS 0x0000000089e00000, 0x0000000089e00000| Untracked 
| 159|0x0000000089f00000, 0x0000000089f00000, 0x000000008a000000|  0%| F|  |TAMS 0x0000000089f00000, 0x0000000089f00000| Untracked 
| 160|0x000000008a000000, 0x000000008a000000, 0x000000008a100000|  0%| F|  |TAMS 0x000000008a000000, 0x000000008a000000| Untracked 
| 161|0x000000008a100000, 0x000000008a100000, 0x000000008a200000|  0%| F|  |TAMS 0x000000008a100000, 0x000000008a100000| Untracked 
| 162|0x000000008a200000, 0x000000008a200000, 0x000000008a300000|  0%| F|  |TAMS 0x000000008a200000, 0x000000008a200000| Untracked 
| 163|0x000000008a300000, 0x000000008a300000, 0x000000008a400000|  0%| F|  |TAMS 0x000000008a300000, 0x000000008a300000| Untracked 
| 164|0x000000008a400000, 0x000000008a400000, 0x000000008a500000|  0%| F|  |TAMS 0x000000008a400000, 0x000000008a400000| Untracked 
| 165|0x000000008a500000, 0x000000008a500000, 0x000000008a600000|  0%| F|  |TAMS 0x000000008a500000, 0x000000008a500000| Untracked 
| 166|0x000000008a600000, 0x000000008a600000, 0x000000008a700000|  0%| F|  |TAMS 0x000000008a600000, 0x000000008a600000| Untracked 
| 167|0x000000008a700000, 0x000000008a700000, 0x000000008a800000|  0%| F|  |TAMS 0x000000008a700000, 0x000000008a700000| Untracked 
| 168|0x000000008a800000, 0x000000008a800000, 0x000000008a900000|  0%| F|  |TAMS 0x000000008a800000, 0x000000008a800000| Untracked 
| 169|0x000000008a900000, 0x000000008a900000, 0x000000008aa00000|  0%| F|  |TAMS 0x000000008a900000, 0x000000008a900000| Untracked 
| 170|0x000000008aa00000, 0x000000008aa00000, 0x000000008ab00000|  0%| F|  |TAMS 0x000000008aa00000, 0x000000008aa00000| Untracked 
| 171|0x000000008ab00000, 0x000000008ab00000, 0x000000008ac00000|  0%| F|  |TAMS 0x000000008ab00000, 0x000000008ab00000| Untracked 
| 172|0x000000008ac00000, 0x000000008ac00000, 0x000000008ad00000|  0%| F|  |TAMS 0x000000008ac00000, 0x000000008ac00000| Untracked 
| 173|0x000000008ad00000, 0x000000008ad00000, 0x000000008ae00000|  0%| F|  |TAMS 0x000000008ad00000, 0x000000008ad00000| Untracked 
| 174|0x000000008ae00000, 0x000000008ae00000, 0x000000008af00000|  0%| F|  |TAMS 0x000000008ae00000, 0x000000008ae00000| Untracked 
| 175|0x000000008af00000, 0x000000008af00000, 0x000000008b000000|  0%| F|  |TAMS 0x000000008af00000, 0x000000008af00000| Untracked 
| 176|0x000000008b000000, 0x000000008b000000, 0x000000008b100000|  0%| F|  |TAMS 0x000000008b000000, 0x000000008b000000| Untracked 
| 177|0x000000008b100000, 0x000000008b100000, 0x000000008b200000|  0%| F|  |TAMS 0x000000008b100000, 0x000000008b100000| Untracked 
| 178|0x000000008b200000, 0x000000008b200000, 0x000000008b300000|  0%| F|  |TAMS 0x000000008b200000, 0x000000008b200000| Untracked 
| 179|0x000000008b300000, 0x000000008b300000, 0x000000008b400000|  0%| F|  |TAMS 0x000000008b300000, 0x000000008b300000| Untracked 
| 180|0x000000008b400000, 0x000000008b400000, 0x000000008b500000|  0%| F|  |TAMS 0x000000008b400000, 0x000000008b400000| Untracked 
| 181|0x000000008b500000, 0x000000008b500000, 0x000000008b600000|  0%| F|  |TAMS 0x000000008b500000, 0x000000008b500000| Untracked 
| 182|0x000000008b600000, 0x000000008b600000, 0x000000008b700000|  0%| F|  |TAMS 0x000000008b600000, 0x000000008b600000| Untracked 
| 183|0x000000008b700000, 0x000000008b700000, 0x000000008b800000|  0%| F|  |TAMS 0x000000008b700000, 0x000000008b700000| Untracked 
| 184|0x000000008b800000, 0x000000008b800000, 0x000000008b900000|  0%| F|  |TAMS 0x000000008b800000, 0x000000008b800000| Untracked 
| 185|0x000000008b900000, 0x000000008b900000, 0x000000008ba00000|  0%| F|  |TAMS 0x000000008b900000, 0x000000008b900000| Untracked 
| 186|0x000000008ba00000, 0x000000008ba00000, 0x000000008bb00000|  0%| F|  |TAMS 0x000000008ba00000, 0x000000008ba00000| Untracked 
| 187|0x000000008bb00000, 0x000000008bb00000, 0x000000008bc00000|  0%| F|  |TAMS 0x000000008bb00000, 0x000000008bb00000| Untracked 
| 188|0x000000008bc00000, 0x000000008bc00000, 0x000000008bd00000|  0%| F|  |TAMS 0x000000008bc00000, 0x000000008bc00000| Untracked 
| 189|0x000000008bd00000, 0x000000008bd00000, 0x000000008be00000|  0%| F|  |TAMS 0x000000008bd00000, 0x000000008bd00000| Untracked 
| 190|0x000000008be00000, 0x000000008be00000, 0x000000008bf00000|  0%| F|  |TAMS 0x000000008be00000, 0x000000008be00000| Untracked 
| 191|0x000000008bf00000, 0x000000008bf00000, 0x000000008c000000|  0%| F|  |TAMS 0x000000008bf00000, 0x000000008bf00000| Untracked 
| 192|0x000000008c000000, 0x000000008c000000, 0x000000008c100000|  0%| F|  |TAMS 0x000000008c000000, 0x000000008c000000| Untracked 
| 193|0x000000008c100000, 0x000000008c100000, 0x000000008c200000|  0%| F|  |TAMS 0x000000008c100000, 0x000000008c100000| Untracked 
| 194|0x000000008c200000, 0x000000008c200000, 0x000000008c300000|  0%| F|  |TAMS 0x000000008c200000, 0x000000008c200000| Untracked 
| 195|0x000000008c300000, 0x000000008c300000, 0x000000008c400000|  0%| F|  |TAMS 0x000000008c300000, 0x000000008c300000| Untracked 
| 196|0x000000008c400000, 0x000000008c400000, 0x000000008c500000|  0%| F|  |TAMS 0x000000008c400000, 0x000000008c400000| Untracked 
| 197|0x000000008c500000, 0x000000008c500000, 0x000000008c600000|  0%| F|  |TAMS 0x000000008c500000, 0x000000008c500000| Untracked 
| 198|0x000000008c600000, 0x000000008c600000, 0x000000008c700000|  0%| F|  |TAMS 0x000000008c600000, 0x000000008c600000| Untracked 
| 199|0x000000008c700000, 0x000000008c700000, 0x000000008c800000|  0%| F|  |TAMS 0x000000008c700000, 0x000000008c700000| Untracked 
| 200|0x000000008c800000, 0x000000008c800000, 0x000000008c900000|  0%| F|  |TAMS 0x000000008c800000, 0x000000008c800000| Untracked 
| 201|0x000000008c900000, 0x000000008c900000, 0x000000008ca00000|  0%| F|  |TAMS 0x000000008c900000, 0x000000008c900000| Untracked 
| 202|0x000000008ca00000, 0x000000008ca00000, 0x000000008cb00000|  0%| F|  |TAMS 0x000000008ca00000, 0x000000008ca00000| Untracked 
| 203|0x000000008cb00000, 0x000000008cb00000, 0x000000008cc00000|  0%| F|  |TAMS 0x000000008cb00000, 0x000000008cb00000| Untracked 
| 204|0x000000008cc00000, 0x000000008cc00000, 0x000000008cd00000|  0%| F|  |TAMS 0x000000008cc00000, 0x000000008cc00000| Untracked 
| 205|0x000000008cd00000, 0x000000008cd00000, 0x000000008ce00000|  0%| F|  |TAMS 0x000000008cd00000, 0x000000008cd00000| Untracked 
| 206|0x000000008ce00000, 0x000000008ce00000, 0x000000008cf00000|  0%| F|  |TAMS 0x000000008ce00000, 0x000000008ce00000| Untracked 
| 207|0x000000008cf00000, 0x000000008cf00000, 0x000000008d000000|  0%| F|  |TAMS 0x000000008cf00000, 0x000000008cf00000| Untracked 
| 208|0x000000008d000000, 0x000000008d000000, 0x000000008d100000|  0%| F|  |TAMS 0x000000008d000000, 0x000000008d000000| Untracked 
| 209|0x000000008d100000, 0x000000008d100000, 0x000000008d200000|  0%| F|  |TAMS 0x000000008d100000, 0x000000008d100000| Untracked 
| 210|0x000000008d200000, 0x000000008d200000, 0x000000008d300000|  0%| F|  |TAMS 0x000000008d200000, 0x000000008d200000| Untracked 
| 211|0x000000008d300000, 0x000000008d400000, 0x000000008d400000|100%| E|  |TAMS 0x000000008d300000, 0x000000008d300000| Complete 
| 212|0x000000008d400000, 0x000000008d500000, 0x000000008d500000|100%| E|CS|TAMS 0x000000008d400000, 0x000000008d400000| Complete 
| 213|0x000000008d500000, 0x000000008d600000, 0x000000008d600000|100%| E|CS|TAMS 0x000000008d500000, 0x000000008d500000| Complete 
| 214|0x000000008d600000, 0x000000008d700000, 0x000000008d700000|100%| E|CS|TAMS 0x000000008d600000, 0x000000008d600000| Complete 
| 215|0x000000008d700000, 0x000000008d800000, 0x000000008d800000|100%| E|CS|TAMS 0x000000008d700000, 0x000000008d700000| Complete 
| 216|0x000000008d800000, 0x000000008d900000, 0x000000008d900000|100%| E|CS|TAMS 0x000000008d800000, 0x000000008d800000| Complete 
| 217|0x000000008d900000, 0x000000008da00000, 0x000000008da00000|100%| E|CS|TAMS 0x000000008d900000, 0x000000008d900000| Complete 
| 218|0x000000008da00000, 0x000000008db00000, 0x000000008db00000|100%| E|CS|TAMS 0x000000008da00000, 0x000000008da00000| Complete 
| 219|0x000000008db00000, 0x000000008dc00000, 0x000000008dc00000|100%| E|CS|TAMS 0x000000008db00000, 0x000000008db00000| Complete 
| 220|0x000000008dc00000, 0x000000008dd00000, 0x000000008dd00000|100%| E|CS|TAMS 0x000000008dc00000, 0x000000008dc00000| Complete 
| 221|0x000000008dd00000, 0x000000008de00000, 0x000000008de00000|100%| E|CS|TAMS 0x000000008dd00000, 0x000000008dd00000| Complete 

Card table byte_map: [0x00000203fa440000,0x00000203fa840000] _byte_map_base: 0x00000203fa040000

Marking Bits (Prev, Next): (CMBitMap*) 0x00000203e5131b20, (CMBitMap*) 0x00000203e5131ae8
 Prev Bits: [0x00000203fcc40000, 0x00000203fec40000)
 Next Bits: [0x00000203fac40000, 0x00000203fcc40000)

Polling page: 0x00000203e51d0000

Metaspace:

Usage:
  Non-class:     52.19 MB capacity,    51.10 MB ( 98%) used,   952.41 KB (  2%) free+waste,   161.19 KB ( <1%) overhead. 
      Class:      8.00 MB capacity,     7.43 MB ( 93%) used,   507.18 KB (  6%) free+waste,    76.75 KB ( <1%) overhead. 
       Both:     60.19 MB capacity,    58.53 MB ( 97%) used,     1.43 MB (  2%) free+waste,   237.94 KB ( <1%) overhead. 

Virtual space:
  Non-class space:       54.00 MB reserved,      52.32 MB ( 97%) committed 
      Class space:        1.00 GB reserved,       8.09 MB ( <1%) committed 
             Both:        1.05 GB reserved,      60.41 MB (  6%) committed 

Chunk freelists:
   Non-Class:  10.00 KB
       Class:  30.00 KB
        Both:  40.00 KB

MaxMetaspaceSize: 17179869184.00 GB
CompressedClassSpaceSize: 1.00 GB

CodeHeap 'non-profiled nmethods': size=120000Kb used=3692Kb max_used=3692Kb free=116307Kb
 bounds [0x00000203f1e90000, 0x00000203f2230000, 0x00000203f93c0000]
CodeHeap 'profiled nmethods': size=120000Kb used=12693Kb max_used=12693Kb free=107306Kb
 bounds [0x00000203ea960000, 0x00000203eb5d0000, 0x00000203f1e90000]
CodeHeap 'non-nmethods': size=5760Kb used=2243Kb max_used=2296Kb free=3516Kb
 bounds [0x00000203ea3c0000, 0x00000203ea630000, 0x00000203ea960000]
 total_blobs=6953 nmethods=6122 adapters=742
 compilation: enabled
              stopped_count=0, restarted_count=0
 full_count=0

Compilation events (20 events):
Event: 6.637 Thread 0x00000203ffa15800 6130       3       com.google.common.collect.RegularImmutableMap$EntrySet::<init> (26 bytes)
Event: 6.637 Thread 0x00000203ffa15800 nmethod 6130 0x00000203eb5ba310 code [0x00000203eb5ba4e0, 0x00000203eb5ba818]
Event: 6.637 Thread 0x00000203ffa15800 6133       3       com.google.common.collect.AbstractMapBasedMultimap$WrappedCollection$WrappedIterator::hasNext (14 bytes)
Event: 6.637 Thread 0x00000203ffa15800 nmethod 6133 0x00000203eb5ba990 code [0x00000203eb5bab80, 0x00000203eb5baf88]
Event: 6.640 Thread 0x00000203846e7000 nmethod 6131 0x00000203f2225190 code [0x00000203f2225380, 0x00000203f2225858]
Event: 6.640 Thread 0x00000203846e7000 6132       4       org.objectweb.asm.MethodWriter::visitLabel (328 bytes)
Event: 6.641 Thread 0x00000203ffa15800 6134       3       com.google.common.reflect.TypeResolver$TypeTable::resolveInternal (105 bytes)
Event: 6.642 Thread 0x00000203ffa15800 nmethod 6134 0x00000203eb5bb110 code [0x00000203eb5bb400, 0x00000203eb5bc5a8]
Event: 6.642 Thread 0x00000203ffa15800 6139       3       com.google.common.reflect.Types::disallowPrimitiveType (63 bytes)
Event: 6.642 Thread 0x00000203ffa15800 nmethod 6139 0x00000203eb5bcb10 code [0x00000203eb5bcd40, 0x00000203eb5bd698]
Event: 6.642 Thread 0x00000203ffa15800 6135       3       com.google.common.reflect.TypeResolver::<init> (6 bytes)
Event: 6.642 Thread 0x00000203ffa15800 nmethod 6135 0x00000203eb5bd910 code [0x00000203eb5bdac0, 0x00000203eb5bdcd8]
Event: 6.642 Thread 0x00000203ffa15800 6138       3       com.google.common.reflect.Types::access$200 (6 bytes)
Event: 6.642 Thread 0x00000203ffa15800 nmethod 6138 0x00000203eb5bde10 code [0x00000203eb5bdfc0, 0x00000203eb5be0c8]
Event: 6.642 Thread 0x00000203ffa15800 6140       3       com.google.common.collect.AbstractMapBasedMultimap$WrappedCollection::iterator (13 bytes)
Event: 6.642 Thread 0x00000203ffa15800 nmethod 6140 0x00000203eb5be190 code [0x00000203eb5be3c0, 0x00000203eb5bec28]
Event: 6.642 Thread 0x00000203ffa15800 6141       3       com.google.common.collect.AbstractMapBasedMultimap$WrappedCollection$WrappedIterator::<init> (32 bytes)
Event: 6.643 Thread 0x00000203ffa15800 nmethod 6141 0x00000203eb5bee10 code [0x00000203eb5bf020, 0x00000203eb5bf738]
Event: 6.643 Thread 0x00000203ffa15800 6142       3       com.google.common.collect.AbstractMapBasedMultimap::access$100 (5 bytes)
Event: 6.643 Thread 0x00000203ffa15800 nmethod 6142 0x00000203eb5bf910 code [0x00000203eb5bfb00, 0x00000203eb5c0018]

GC Heap History (14 events):
Event: 0.566 GC heap before
{Heap before GC invocations=0 (full 0):
 garbage-first heap   total 227328K, used 29696K [0x0000000080000000, 0x0000000100000000)
  region size 1024K, 24 young (24576K), 0 survivors (0K)
 Metaspace       used 10161K, capacity 10403K, committed 10624K, reserved 1058816K
  class space    used 1058K, capacity 1106K, committed 1152K, reserved 1048576K
}
Event: 0.570 GC heap after
{Heap after GC invocations=1 (full 0):
 garbage-first heap   total 227328K, used 9179K [0x0000000080000000, 0x0000000100000000)
  region size 1024K, 3 young (3072K), 3 survivors (3072K)
 Metaspace       used 10161K, capacity 10403K, committed 10624K, reserved 1058816K
  class space    used 1058K, capacity 1106K, committed 1152K, reserved 1048576K
}
Event: 2.218 GC heap before
{Heap before GC invocations=1 (full 0):
 garbage-first heap   total 227328K, used 105435K [0x0000000080000000, 0x0000000100000000)
  region size 1024K, 98 young (100352K), 3 survivors (3072K)
 Metaspace       used 20570K, capacity 21135K, committed 21296K, reserved 1069056K
  class space    used 2508K, capacity 2669K, committed 2688K, reserved 1048576K
}
Event: 2.226 GC heap after
{Heap after GC invocations=2 (full 0):
 garbage-first heap   total 227328K, used 16490K [0x0000000080000000, 0x0000000100000000)
  region size 1024K, 11 young (11264K), 11 survivors (11264K)
 Metaspace       used 20570K, capacity 21135K, committed 21296K, reserved 1069056K
  class space    used 2508K, capacity 2669K, committed 2688K, reserved 1048576K
}
Event: 2.769 GC heap before
{Heap before GC invocations=3 (full 0):
 garbage-first heap   total 227328K, used 84074K [0x0000000080000000, 0x0000000100000000)
  region size 1024K, 68 young (69632K), 11 survivors (11264K)
 Metaspace       used 26295K, capacity 27075K, committed 27184K, reserved 1073152K
  class space    used 3446K, capacity 3701K, committed 3712K, reserved 1048576K
}
Event: 2.777 GC heap after
{Heap after GC invocations=4 (full 0):
 garbage-first heap   total 227328K, used 31470K [0x0000000080000000, 0x0000000100000000)
  region size 1024K, 5 young (5120K), 5 survivors (5120K)
 Metaspace       used 26295K, capacity 27075K, committed 27184K, reserved 1073152K
  class space    used 3446K, capacity 3701K, committed 3712K, reserved 1048576K
}
Event: 3.427 GC heap before
{Heap before GC invocations=4 (full 0):
 garbage-first heap   total 227328K, used 90862K [0x0000000080000000, 0x0000000100000000)
  region size 1024K, 64 young (65536K), 5 survivors (5120K)
 Metaspace       used 34596K, capacity 35479K, committed 35708K, reserved 1081344K
  class space    used 4500K, capacity 4835K, committed 4864K, reserved 1048576K
}
Event: 3.437 GC heap after
{Heap after GC invocations=5 (full 0):
 garbage-first heap   total 227328K, used 35038K [0x0000000080000000, 0x0000000100000000)
  region size 1024K, 9 young (9216K), 9 survivors (9216K)
 Metaspace       used 34596K, capacity 35479K, committed 35708K, reserved 1081344K
  class space    used 4500K, capacity 4835K, committed 4864K, reserved 1048576K
}
Event: 4.497 GC heap before
{Heap before GC invocations=6 (full 0):
 garbage-first heap   total 227328K, used 154846K [0x0000000080000000, 0x0000000100000000)
  region size 1024K, 114 young (116736K), 9 survivors (9216K)
 Metaspace       used 44401K, capacity 45669K, committed 45896K, reserved 1089536K
  class space    used 5590K, capacity 6047K, committed 6144K, reserved 1048576K
}
Event: 4.506 GC heap after
{Heap after GC invocations=7 (full 0):
 garbage-first heap   total 227328K, used 51816K [0x0000000080000000, 0x0000000100000000)
  region size 1024K, 13 young (13312K), 13 survivors (13312K)
 Metaspace       used 44401K, capacity 45669K, committed 45896K, reserved 1089536K
  class space    used 5590K, capacity 6047K, committed 6144K, reserved 1048576K
}
Event: 5.696 GC heap before
{Heap before GC invocations=7 (full 0):
 garbage-first heap   total 227328K, used 168552K [0x0000000080000000, 0x0000000100000000)
  region size 1024K, 121 young (123904K), 13 survivors (13312K)
 Metaspace       used 49787K, capacity 51302K, committed 51528K, reserved 1093632K
  class space    used 6374K, capacity 6869K, committed 6912K, reserved 1048576K
}
Event: 5.706 GC heap after
{Heap after GC invocations=8 (full 0):
 garbage-first heap   total 227328K, used 68687K [0x0000000080000000, 0x0000000100000000)
  region size 1024K, 11 young (11264K), 11 survivors (11264K)
 Metaspace       used 49787K, capacity 51302K, committed 51528K, reserved 1093632K
  class space    used 6374K, capacity 6869K, committed 6912K, reserved 1048576K
}
Event: 6.504 GC heap before
{Heap before GC invocations=8 (full 0):
 garbage-first heap   total 227328K, used 135247K [0x0000000080000000, 0x0000000100000000)
  region size 1024K, 75 young (76800K), 11 survivors (11264K)
 Metaspace       used 58310K, capacity 59967K, committed 60068K, reserved 1101824K
  class space    used 7372K, capacity 7963K, committed 8028K, reserved 1048576K
}
Event: 6.516 GC heap after
{Heap after GC invocations=9 (full 0):
 garbage-first heap   total 227328K, used 74766K [0x0000000080000000, 0x0000000100000000)
  region size 1024K, 5 young (5120K), 5 survivors (5120K)
 Metaspace       used 58310K, capacity 59967K, committed 60068K, reserved 1101824K
  class space    used 7372K, capacity 7963K, committed 8028K, reserved 1048576K
}

Deoptimization events (20 events):
Event: 6.067 Thread 0x0000020383e86800 DEOPT PACKING pc=0x00000203f1f1deb8 sp=0x00000067be3f71c0
Event: 6.067 Thread 0x0000020383e86800 DEOPT UNPACKING pc=0x00000203ea3e78af sp=0x00000067be3f7140 mode 2
Event: 6.517 Thread 0x00000203ffb7c000 Uncommon trap: trap_request=0xffffffde fr.pc=0x00000203f1fea76c relative=0x000000000000052c
Event: 6.517 Thread 0x00000203ffb7c000 Uncommon trap: reason=class_check action=maybe_recompile pc=0x00000203f1fea76c method=jdk.internal.ref.PhantomCleanable.clean()V @ 12 c2
Event: 6.517 Thread 0x00000203ffb7c000 DEOPT PACKING pc=0x00000203f1fea76c sp=0x00000067bd7ff4f0
Event: 6.517 Thread 0x00000203ffb7c000 DEOPT UNPACKING pc=0x00000203ea3e78af sp=0x00000067bd7ff4d0 mode 2
Event: 6.534 Thread 0x0000020383e86800 Uncommon trap: trap_request=0xffffffde fr.pc=0x00000203f212af04 relative=0x00000000000016a4
Event: 6.534 Thread 0x0000020383e86800 Uncommon trap: reason=class_check action=maybe_recompile pc=0x00000203f212af04 method=jdk.internal.loader.BuiltinClassLoader.loadClassOrNull(Ljava/lang/String;Z)Ljava/lang/Class; @ 86 c2
Event: 6.534 Thread 0x0000020383e86800 DEOPT PACKING pc=0x00000203f212af04 sp=0x00000067be3f5fe0
Event: 6.534 Thread 0x0000020383e86800 DEOPT UNPACKING pc=0x00000203ea3e78af sp=0x00000067be3f5fa8 mode 2
Event: 6.575 Thread 0x0000020383e86800 Uncommon trap: trap_request=0xffffffde fr.pc=0x00000203f20c5970 relative=0x0000000000000230
Event: 6.575 Thread 0x0000020383e86800 Uncommon trap: reason=class_check action=maybe_recompile pc=0x00000203f20c5970 method=java.util.HashSet.contains(Ljava/lang/Object;)Z @ 5 c2
Event: 6.575 Thread 0x0000020383e86800 DEOPT PACKING pc=0x00000203f20c5970 sp=0x00000067be3f83f0
Event: 6.575 Thread 0x0000020383e86800 DEOPT UNPACKING pc=0x00000203ea3e78af sp=0x00000067be3f8398 mode 2
Event: 6.576 Thread 0x0000020383e86800 Uncommon trap: trap_request=0xffffffde fr.pc=0x00000203f20c5970 relative=0x0000000000000230
Event: 6.576 Thread 0x0000020383e86800 Uncommon trap: reason=class_check action=maybe_recompile pc=0x00000203f20c5970 method=java.util.HashSet.contains(Ljava/lang/Object;)Z @ 5 c2
Event: 6.576 Thread 0x0000020383e86800 DEOPT PACKING pc=0x00000203f20c5970 sp=0x00000067be3f83f0
Event: 6.576 Thread 0x0000020383e86800 DEOPT UNPACKING pc=0x00000203ea3e78af sp=0x00000067be3f8398 mode 2
Event: 6.606 Thread 0x0000020383e86800 DEOPT PACKING pc=0x00000203eb4419f1 sp=0x00000067be3f3c20
Event: 6.606 Thread 0x0000020383e86800 DEOPT UNPACKING pc=0x00000203ea3e76ce sp=0x00000067be3f3118 mode 0

Classes redefined (0 events):
No events

Internal exceptions (20 events):
Event: 5.734 Thread 0x0000020383e86800 Exception <a 'java/lang/ClassNotFoundException'{0x000000008db7e6c0}: org/gradle/api/tasks/DeleteBeanInfo> (0x000000008db7e6c0) thrown at [./src/hotspot/share/classfile/systemDictionary.cpp, line 231]
Event: 5.735 Thread 0x0000020383e86800 Exception <a 'java/lang/ClassNotFoundException'{0x000000008dbaaa38}: org/gradle/api/internal/ConventionTaskBeanInfo> (0x000000008dbaaa38) thrown at [./src/hotspot/share/classfile/systemDictionary.cpp, line 231]
Event: 5.736 Thread 0x0000020383e86800 Exception <a 'java/lang/ClassNotFoundException'{0x000000008dbd3370}: org/gradle/api/DefaultTaskBeanInfo> (0x000000008dbd3370) thrown at [./src/hotspot/share/classfile/systemDictionary.cpp, line 231]
Event: 5.736 Thread 0x0000020383e86800 Exception <a 'java/lang/ClassNotFoundException'{0x000000008da001f8}: org/gradle/api/internal/AbstractTaskBeanInfo> (0x000000008da001f8) thrown at [./src/hotspot/share/classfile/systemDictionary.cpp, line 231]
Event: 5.737 Thread 0x0000020383e86800 Exception <a 'java/lang/ClassNotFoundException'{0x000000008da2d060}: org/gradle/api/internal/AbstractTaskCustomizer> (0x000000008da2d060) thrown at [./src/hotspot/share/classfile/systemDictionary.cpp, line 231]
Event: 5.740 Thread 0x0000020383e86800 Exception <a 'java/lang/ClassNotFoundException'{0x000000008da9e3b0}: org/gradle/api/DefaultTaskCustomizer> (0x000000008da9e3b0) thrown at [./src/hotspot/share/classfile/systemDictionary.cpp, line 231]
Event: 5.743 Thread 0x0000020383e86800 Exception <a 'java/lang/ClassNotFoundException'{0x000000008d91f3c8}: org/gradle/api/internal/ConventionTaskCustomizer> (0x000000008d91f3c8) thrown at [./src/hotspot/share/classfile/systemDictionary.cpp, line 231]
Event: 5.744 Thread 0x0000020383e86800 Exception <a 'java/lang/ClassNotFoundException'{0x000000008d957310}: org/gradle/api/tasks/DeleteCustomizer> (0x000000008d957310) thrown at [./src/hotspot/share/classfile/systemDictionary.cpp, line 231]
Event: 5.745 Thread 0x0000020383e86800 Exception <a 'java/lang/ClassNotFoundException'{0x000000008d9967b8}: org/gradle/api/tasks/Delete_DecoratedCustomizer> (0x000000008d9967b8) thrown at [./src/hotspot/share/classfile/systemDictionary.cpp, line 231]
Event: 5.765 Thread 0x0000020383e86800 Exception <a 'java/lang/ClassNotFoundException'{0x000000008d71b060}: build_631s0iuntkznpn1jkbymgatpsBeanInfo> (0x000000008d71b060) thrown at [./src/hotspot/share/classfile/systemDictionary.cpp, line 231]
Event: 5.765 Thread 0x0000020383e86800 Exception <a 'java/lang/ClassNotFoundException'{0x000000008d725f88}: build_631s0iuntkznpn1jkbymgatpsCustomizer> (0x000000008d725f88) thrown at [./src/hotspot/share/classfile/systemDictionary.cpp, line 231]
Event: 5.771 Thread 0x0000020383e86800 Exception <a 'java/lang/ClassNotFoundException'{0x000000008d7aaed0}: org/gradle/plugin/use/internal/PluginRequestCollector$PluginDependenciesSpecImplBeanInfo> (0x000000008d7aaed0) thrown at [./src/hotspot/share/classfile/systemDictionary.cpp, line 231]
Event: 5.771 Thread 0x0000020383e86800 Exception <a 'java/lang/ClassNotFoundException'{0x000000008d7d8d80}: org/gradle/plugin/use/internal/PluginRequestCollector$PluginDependenciesSpecImplCustomizer> (0x000000008d7d8d80) thrown at [./src/hotspot/share/classfile/systemDictionary.cpp, line 231]
Event: 5.927 Thread 0x0000020383e86800 Exception <a 'java/lang/NoSuchMethodError'{0x000000008cbd84d0}: 'java.lang.Object java.lang.invoke.DirectMethodHandle$Holder.invokeStatic(java.lang.Object, java.lang.Object, java.lang.Object, java.lang.Object, int)'> (0x000000008cbd84d0) thrown at [./src/hotspot/share/interpreter/linkResolver.cpp, line 773]
Event: 5.927 Thread 0x0000020383e86800 Exception <a 'java/lang/NoSuchMethodError'{0x000000008cbdcec8}: 'java.lang.Object java.lang.invoke.DirectMethodHandle$Holder.invokeSpecial(java.lang.Object, java.lang.Object, java.lang.Object, java.lang.Object, java.lang.Object, int)'> (0x000000008cbdcec8) thrown at [./src/hotspot/share/interpreter/linkResolver.cpp, line 773]
Event: 5.928 Thread 0x0000020383e86800 Exception <a 'java/lang/NoSuchMethodError'{0x000000008cbe1508}: 'java.lang.Object java.lang.invoke.Invokers$Holder.linkToTargetMethod(java.lang.Object, java.lang.Object, java.lang.Object, int, java.lang.Object)'> (0x000000008cbe1508) thrown at [./src/hotspot/share/interpreter/linkResolver.cpp, line 773]
Event: 6.108 Thread 0x0000020383e86800 Exception <a 'java/lang/NoSuchMethodError'{0x000000008bc957a8}: 'java.lang.Object java.lang.invoke.DirectMethodHandle$Holder.invokeSpecial(java.lang.Object, java.lang.Object, int, int, java.lang.Object, java.lang.Object, java.lang.Object)'> (0x000000008bc957a8) thrown at [./src/hotspot/share/interpreter/linkResolver.cpp, line 773]
Event: 6.108 Thread 0x0000020383e86800 Exception <a 'java/lang/NoSuchMethodError'{0x000000008bc99d28}: 'java.lang.Object java.lang.invoke.DelegatingMethodHandle$Holder.reinvoke_L(java.lang.Object, int, int, java.lang.Object, java.lang.Object, java.lang.Object)'> (0x000000008bc99d28) thrown at [./src/hotspot/share/interpreter/linkResolver.cpp, line 773]
Event: 6.288 Thread 0x0000020383e86800 Exception <a 'java/lang/NoSuchMethodError'{0x000000008b098f30}: 'int java.lang.invoke.DirectMethodHandle$Holder.invokeInterface(java.lang.Object, java.lang.Object, java.lang.Object, java.lang.Object)'> (0x000000008b098f30) thrown at [./src/hotspot/share/interpreter/linkResolver.cpp, line 773]
Event: 6.575 Thread 0x0000020383e86800 Exception <a 'java/lang/NoSuchMethodError'{0x000000008da31410}: 'void java.lang.invoke.DirectMethodHandle$Holder.invokeInterface(java.lang.Object, java.lang.Object, java.lang.Object, java.lang.Object)'> (0x000000008da31410) thrown at [./src/hotspot/share/interpreter/linkResolver.cpp, line 773]

Events (20 events):
Event: 6.643 loading class org/gradle/api/internal/artifacts/type/DefaultArtifactTypeContainer$DefaultArtifactTypeDefinition
Event: 6.643 loading class org/gradle/api/internal/artifacts/type/DefaultArtifactTypeContainer$DefaultArtifactTypeDefinition done
Event: 6.645 loading class org/gradle/api/plugins/ReportingBasePlugin
Event: 6.645 loading class org/gradle/api/plugins/ReportingBasePlugin done
Event: 6.646 loading class org/gradle/api/reporting/ReportingExtension
Event: 6.646 loading class org/gradle/api/reporting/ReportingExtension done
Event: 6.647 loading class org/gradle/jvm/toolchain/internal/DefaultToolchainSpec
Event: 6.647 loading class org/gradle/jvm/toolchain/internal/DefaultToolchainSpec done
Event: 6.648 loading class org/gradle/jvm/toolchain/internal/ToolchainSpecInternal
Event: 6.648 loading class org/gradle/jvm/toolchain/internal/ToolchainSpecInternal done
Event: 6.648 loading class org/gradle/jvm/toolchain/JvmImplementation
Event: 6.648 loading class org/gradle/jvm/toolchain/JvmImplementation done
Event: 6.649 loading class org/gradle/jvm/toolchain/JavaLanguageVersion
Event: 6.649 loading class org/gradle/jvm/toolchain/JavaLanguageVersion done
Event: 6.649 loading class org/gradle/jvm/toolchain/JvmVendorSpec
Event: 6.649 loading class org/gradle/jvm/toolchain/JvmVendorSpec done
Event: 6.650 loading class org/gradle/jvm/toolchain/internal/DefaultJvmVendorSpec
Event: 6.650 loading class org/gradle/jvm/toolchain/internal/DefaultJvmVendorSpec done
Event: 6.651 loading class org/gradle/internal/jvm/inspection/JvmVendor$KnownJvmVendor
Event: 6.651 loading class org/gradle/internal/jvm/inspection/JvmVendor$KnownJvmVendor done


Dynamic libraries:
0x00007ff6bd2a0000 - 0x00007ff6bd2aa000 	F:\progame\Android\jre\bin\java.exe
0x00007ffe4d700000 - 0x00007ffe4d909000 	C:\WINDOWS\SYSTEM32\ntdll.dll
0x00007ffe4cc90000 - 0x00007ffe4cd4d000 	C:\WINDOWS\System32\KERNEL32.DLL
0x00007ffe4aee0000 - 0x00007ffe4b254000 	C:\WINDOWS\System32\KERNELBASE.dll
0x00007ffe4b310000 - 0x00007ffe4b421000 	C:\WINDOWS\System32\ucrtbase.dll
0x00007ffe412d0000 - 0x00007ffe412e9000 	F:\progame\Android\jre\bin\jli.dll
0x00007ffe4b600000 - 0x00007ffe4b7ac000 	C:\WINDOWS\System32\USER32.dll
0x00007ffe4b260000 - 0x00007ffe4b286000 	C:\WINDOWS\System32\win32u.dll
0x00007ffe4b5a0000 - 0x00007ffe4b5c9000 	C:\WINDOWS\System32\GDI32.dll
0x00007ffe4ac90000 - 0x00007ffe4ada2000 	C:\WINDOWS\System32\gdi32full.dll
0x00007ffe4abf0000 - 0x00007ffe4ac8d000 	C:\WINDOWS\System32\msvcp_win.dll
0x00007ffe410d0000 - 0x00007ffe410e7000 	F:\progame\Android\jre\bin\VCRUNTIME140.dll
0x00007ffe39740000 - 0x00007ffe399e5000 	C:\WINDOWS\WinSxS\amd64_microsoft.windows.common-controls_6595b64144ccf1df_6.0.22000.120_none_9d947278b86cc467\COMCTL32.dll
0x00007ffe4c210000 - 0x00007ffe4c2b3000 	C:\WINDOWS\System32\msvcrt.dll
0x00007ffe4c7f0000 - 0x00007ffe4c821000 	C:\WINDOWS\System32\IMM32.DLL
0x00007ffe1a970000 - 0x00007ffe1aa0d000 	F:\progame\Android\jre\bin\msvcp140.dll
0x00007ffe11d40000 - 0x00007ffe1280f000 	F:\progame\Android\jre\bin\server\jvm.dll
0x00007ffe4c610000 - 0x00007ffe4c6be000 	C:\WINDOWS\System32\ADVAPI32.dll
0x00007ffe4b8b0000 - 0x00007ffe4b94e000 	C:\WINDOWS\System32\sechost.dll
0x00007ffe4c0f0000 - 0x00007ffe4c210000 	C:\WINDOWS\System32\RPCRT4.dll
0x00007ffe4b8a0000 - 0x00007ffe4b8a8000 	C:\WINDOWS\System32\PSAPI.DLL
0x00007ffe43de0000 - 0x00007ffe43e13000 	C:\WINDOWS\SYSTEM32\WINMM.dll
0x00007ffe42240000 - 0x00007ffe4224a000 	C:\WINDOWS\SYSTEM32\VERSION.dll
0x00007ffe0a410000 - 0x00007ffe0a419000 	C:\WINDOWS\SYSTEM32\WSOCK32.dll
0x00007ffe4c720000 - 0x00007ffe4c78f000 	C:\WINDOWS\System32\WS2_32.dll
0x00007ffe49cf0000 - 0x00007ffe49d08000 	C:\WINDOWS\SYSTEM32\kernel.appcore.dll
0x00007ffe3ce90000 - 0x00007ffe3cea1000 	F:\progame\Android\jre\bin\verify.dll
0x00007ffe48780000 - 0x00007ffe489a1000 	C:\WINDOWS\SYSTEM32\DBGHELP.DLL
0x00007ffe34230000 - 0x00007ffe34261000 	C:\WINDOWS\SYSTEM32\dbgcore.DLL
0x00007ffe4b290000 - 0x00007ffe4b30f000 	C:\WINDOWS\System32\bcryptPrimitives.dll
0x00007ffe3ce60000 - 0x00007ffe3ce89000 	F:\progame\Android\jre\bin\java.dll
0x00007ffe466b0000 - 0x00007ffe466bb000 	F:\progame\Android\jre\bin\jimage.dll
0x00007ffe3ce40000 - 0x00007ffe3ce58000 	F:\progame\Android\jre\bin\zip.dll
0x00007ffe4cd50000 - 0x00007ffe4d4fe000 	C:\WINDOWS\System32\SHELL32.dll
0x00007ffe48d60000 - 0x00007ffe495c7000 	C:\WINDOWS\SYSTEM32\windows.storage.dll
0x00007ffe4c830000 - 0x00007ffe4cba8000 	C:\WINDOWS\System32\combase.dll
0x00007ffe48bf0000 - 0x00007ffe48d56000 	C:\WINDOWS\SYSTEM32\wintypes.dll
0x00007ffe4c3c0000 - 0x00007ffe4c4aa000 	C:\WINDOWS\System32\SHCORE.dll
0x00007ffe4c790000 - 0x00007ffe4c7ed000 	C:\WINDOWS\System32\shlwapi.dll
0x00007ffe4ab20000 - 0x00007ffe4ab41000 	C:\WINDOWS\SYSTEM32\profapi.dll
0x00007ffe39af0000 - 0x00007ffe39b0a000 	F:\progame\Android\jre\bin\net.dll
0x00007ffe442b0000 - 0x00007ffe443bc000 	C:\WINDOWS\SYSTEM32\WINHTTP.dll
0x00007ffe4a120000 - 0x00007ffe4a187000 	C:\WINDOWS\system32\mswsock.dll
0x00007ffe39a40000 - 0x00007ffe39a54000 	F:\progame\Android\jre\bin\nio.dll
0x00007ffe39aa0000 - 0x00007ffe39ac7000 	C:\Users\lenovo\.gradle\native\8bec1ad78214c89d9ad589b4d07fe93259594b29d510b10fafb7a158f7737e5d\windows-amd64\native-platform.dll
0x00007ffe18e00000 - 0x00007ffe18f3d000 	C:\Users\lenovo\.gradle\native\53dbd7edfb1c66fb8903c78663c9afc45aea4f116125fa6feffd364cf09443e8\windows-amd64\native-platform-file-events.dll
0x00007ffe465b0000 - 0x00007ffe465ba000 	F:\progame\Android\jre\bin\management.dll
0x00007ffe45390000 - 0x00007ffe4539c000 	F:\progame\Android\jre\bin\management_ext.dll
0x00007ffe4a360000 - 0x00007ffe4a378000 	C:\WINDOWS\SYSTEM32\CRYPTSP.dll
0x00007ffe49c50000 - 0x00007ffe49c85000 	C:\WINDOWS\system32\rsaenh.dll
0x00007ffe4a210000 - 0x00007ffe4a239000 	C:\WINDOWS\SYSTEM32\USERENV.dll
0x00007ffe4a4e0000 - 0x00007ffe4a507000 	C:\WINDOWS\SYSTEM32\bcrypt.dll
0x00007ffe4a380000 - 0x00007ffe4a38c000 	C:\WINDOWS\SYSTEM32\CRYPTBASE.dll
0x00007ffe49860000 - 0x00007ffe4988d000 	C:\WINDOWS\SYSTEM32\IPHLPAPI.DLL
0x00007ffe4c4b0000 - 0x00007ffe4c4b9000 	C:\WINDOWS\System32\NSI.dll
0x00007ffe44410000 - 0x00007ffe44429000 	C:\WINDOWS\SYSTEM32\dhcpcsvc6.DLL
0x00007ffe447f0000 - 0x00007ffe4480e000 	C:\WINDOWS\SYSTEM32\dhcpcsvc.DLL
0x00007ffe49890000 - 0x00007ffe49977000 	C:\WINDOWS\SYSTEM32\DNSAPI.dll

dbghelp: loaded successfully - version: 4.0.5 - missing functions: none
symbol engine: initialized successfully - sym options: 0x614 - pdb path: .;F:\progame\Android\jre\bin;C:\WINDOWS\SYSTEM32;C:\WINDOWS\WinSxS\amd64_microsoft.windows.common-controls_6595b64144ccf1df_6.0.22000.120_none_9d947278b86cc467;F:\progame\Android\jre\bin\server;C:\Users\lenovo\.gradle\native\8bec1ad78214c89d9ad589b4d07fe93259594b29d510b10fafb7a158f7737e5d\windows-amd64;C:\Users\lenovo\.gradle\native\53dbd7edfb1c66fb8903c78663c9afc45aea4f116125fa6feffd364cf09443e8\windows-amd64

VM Arguments:
jvm_args: --add-opens=java.base/java.util=ALL-UNNAMED --add-opens=java.base/java.lang=ALL-UNNAMED --add-opens=java.base/java.lang.invoke=ALL-UNNAMED --add-opens=java.base/java.util=ALL-UNNAMED --add-opens=java.prefs/java.util.prefs=ALL-UNNAMED --add-opens=java.prefs/java.util.prefs=ALL-UNNAMED --add-opens=java.base/java.nio.charset=ALL-UNNAMED --add-opens=java.base/java.net=ALL-UNNAMED --add-opens=java.base/java.util.concurrent.atomic=ALL-UNNAMED -Xmx2048m -Dfile.encoding=UTF-8 -Duser.country=CN -Duser.language=zh -Duser.variant 
java_command: org.gradle.launcher.daemon.bootstrap.GradleDaemon 7.0.2
java_class_path (initial): C:\Users\lenovo\.gradle\wrapper\dists\gradle-7.0.2-bin\857tjihv64xamwrf0h14cai3r\gradle-7.0.2\lib\gradle-launcher-7.0.2.jar
Launcher Type: SUN_STANDARD

[Global flags]
     intx CICompilerCount                          = 4                                         {product} {ergonomic}
     uint ConcGCThreads                            = 3                                         {product} {ergonomic}
     uint G1ConcRefinementThreads                  = 10                                        {product} {ergonomic}
   size_t G1HeapRegionSize                         = 1048576                                   {product} {ergonomic}
    uintx GCDrainStackTargetSize                   = 64                                        {product} {ergonomic}
   size_t InitialHeapSize                          = 232783872                                 {product} {ergonomic}
   size_t MarkStackSize                            = 4194304                                   {product} {ergonomic}
   size_t MaxHeapSize                              = 2147483648                                {product} {command line}
   size_t MaxNewSize                               = 1287651328                                {product} {ergonomic}
   size_t MinHeapDeltaBytes                        = 1048576                                   {product} {ergonomic}
    uintx NonNMethodCodeHeapSize                   = 5836300                                {pd product} {ergonomic}
    uintx NonProfiledCodeHeapSize                  = 122910970                              {pd product} {ergonomic}
    uintx ProfiledCodeHeapSize                     = 122910970                              {pd product} {ergonomic}
    uintx ReservedCodeCacheSize                    = 251658240                              {pd product} {ergonomic}
     bool SegmentedCodeCache                       = true                                      {product} {ergonomic}
     bool UseCompressedClassPointers               = true                                 {lp64_product} {ergonomic}
     bool UseCompressedOops                        = true                                 {lp64_product} {ergonomic}
     bool UseG1GC                                  = true                                      {product} {ergonomic}
     bool UseLargePagesIndividualAllocation        = false                                  {pd product} {ergonomic}

Logging:
Log output configuration:
 #0: stdout all=warning uptime,level,tags
 #1: stderr all=off uptime,level,tags

Environment Variables:
PATH=C:\Program Files\PlasticSCM5\server;C:\Program Files\PlasticSCM5\client;E:\新建文件夹\CodeBlocks\MinGW\bin;C:\P;ogram Files (x86)\Common Files\Oracle\Java\javapath;C:\WINDOWS\system32;C:\WINDOWS;C:\WINDOWS\System32\Wbem;C:\WINDOWS\System32\WindowsPowerShell\v1.0\;C:\WINDOWS\System32\OpenSSH\;F:\新建文件夹\Microsoft VS Code\bin;;E:\新建文件夹\Git\cmd;F:\;E:\Scripts\;E:\;C:\Users\lenovo\AppData\Local\Microsoft\WindowsApps;F:\新建文件夹\Microsoft VS Code\bin;E:\新建文件夹\CodeBlocks\MinGW\bin;C:\Users\lenovo\AppData\Local\GitHubDesktop\bin;C:\Users\lenovo\AppData\Roaming\npm;F:\node\node_modules;F:\node;
USERNAME=lenovo
OS=Windows_NT
PROCESSOR_IDENTIFIER=AMD64 Family 23 Model 96 Stepping 1, AuthenticAMD



---------------  S Y S T E M  ---------------

OS: Windows 10 , 64 bit Build 22000 (10.0.22000.434)
OS uptime: 8 days 20:16 hours

CPU:total 12 (initial active 12) (12 cores per cpu, 2 threads per core) family 23 model 96 stepping 1 microcode 0x0, cmov, cx8, fxsr, mmx, sse, sse2, sse3, ssse3, sse4.1, sse4.2, popcnt, avx, avx2, aes, clmul, mmxext, 3dnowpref, lzcnt, sse4a, ht, tsc, tscinvbit, tscinv, bmi1, bmi2, adx, 

Memory: 4k page, system-wide physical 14205M (5071M free)
TotalPageFile size 27005M (AvailPageFile size 5M)
current process WorkingSet (physical memory assigned to process): 406M, peak: 407M
current process commit charge ("private bytes"): 474M, peak: 475M

vm_info: OpenJDK 64-Bit Server VM (11.0.10+0-b96-7249189) for windows-amd64 JRE (11.0.10+0-b96-7249189), built on Mar 31 2021 21:44:00 by "builder" with MS VC++ 14.0 (VS2015)

END.
