#
# There is insufficient memory for the Java Runtime Environment to continue.
# Native memory allocation (malloc) failed to allocate 1073856 bytes for Chunk::new
# Possible reasons:
#   The system is out of physical RAM or swap space
#   The process is running with CompressedOops enabled, and the Java Heap may be blocking the growth of the native heap
# Possible solutions:
#   Reduce memory load on the system
#   Increase physical memory or swap space
#   Check if swap backing store is full
#   Decrease Java heap size (-Xmx/-Xms)
#   Decrease number of Java threads
#   Decrease Java thread stack sizes (-Xss)
#   Set larger code cache with -XX:ReservedCodeCacheSize=
#   JVM is running with Unscaled Compressed Oops mode in which the Java heap is
#     placed in the first 4GB address space. The Java Heap base address is the
#     maximum limit for the native heap growth. Please use -XX:HeapBaseMinAddress
#     to set the Java Heap base and to place the Java Heap above 4GB virtual address.
# This output file may be truncated or incomplete.
#
#  Out of Memory Error (./src/hotspot/share/memory/arena.cpp:197), pid=62360, tid=77676
#
# JRE version: OpenJDK Runtime Environment (11.0.10) (build 11.0.10+0-b96-7249189)
# Java VM: OpenJDK 64-Bit Server VM (11.0.10+0-b96-7249189, mixed mode, tiered, compressed oops, g1 gc, windows-amd64)
# No core dump will be written. Minidumps are not enabled by default on client versions of Windows
#

---------------  S U M M A R Y ------------

Command Line: --add-opens=java.base/java.util=ALL-UNNAMED --add-opens=java.base/java.lang=ALL-UNNAMED --add-opens=java.base/java.lang.invoke=ALL-UNNAMED --add-opens=java.base/java.util=ALL-UNNAMED --add-opens=java.prefs/java.util.prefs=ALL-UNNAMED --add-opens=java.prefs/java.util.prefs=ALL-UNNAMED --add-opens=java.base/java.nio.charset=ALL-UNNAMED --add-opens=java.base/java.net=ALL-UNNAMED --add-opens=java.base/java.util.concurrent.atomic=ALL-UNNAMED -Xmx2048m -Dfile.encoding=UTF-8 -Duser.country=CN -Duser.language=zh -Duser.variant org.gradle.launcher.daemon.bootstrap.GradleDaemon 7.0.2

Host: AMD Ryzen 5 4600U with Radeon Graphics         , 12 cores, 13G,  Windows 10 , 64 bit Build 22000 (10.0.22000.434)
Time: Tue Mar  8 08:54:43 2022 中国标准时间 elapsed time: 4.580764 seconds (0d 0h 0m 4s)

---------------  T H R E A D  ---------------

Current thread (0x0000018ee956b000):  JavaThread "C2 CompilerThread0" daemon [_thread_in_native, id=77676, stack(0x00000005a8f00000,0x00000005a9000000)]


Current CompileTask:
C2:   4580 3579       4       org.objectweb.asm.Frame::execute (2318 bytes)

Stack: [0x00000005a8f00000,0x00000005a9000000]
Native frames: (J=compiled Java code, j=interpreted, Vv=VM code, C=native code)
V  [jvm.dll+0x5ecfaa]
V  [jvm.dll+0x722bd5]
V  [jvm.dll+0x72412d]
V  [jvm.dll+0x7247e3]
V  [jvm.dll+0x242928]
V  [jvm.dll+0xbc4fc]
V  [jvm.dll+0xbca0c]
V  [jvm.dll+0x2b4fd4]
V  [jvm.dll+0x506028]
V  [jvm.dll+0x203253]
V  [jvm.dll+0x1fd07c]
V  [jvm.dll+0x1fa77f]
V  [jvm.dll+0x18354c]
V  [jvm.dll+0x208ee7]
V  [jvm.dll+0x207731]
V  [jvm.dll+0x6eb1cf]
V  [jvm.dll+0x6e3d45]
V  [jvm.dll+0x5ebe96]
C  [ucrtbase.dll+0x26c0c]
C  [KERNEL32.DLL+0x154e0]
C  [ntdll.dll+0x485b]


---------------  P R O C E S S  ---------------

Threads class SMR info:
_java_thread_list=0x0000018eed9a6380, length=45, elements={
0x0000018ece3df800, 0x0000018ee8cce800, 0x0000018ee94f8800, 0x0000018ee9563000,
0x0000018ee9564000, 0x0000018ee9565000, 0x0000018ee956b000, 0x0000018ee9571000,
0x0000018ee9572000, 0x0000018ee96e6800, 0x0000018eec508000, 0x0000018eeb53e000,
0x0000018eec28b800, 0x0000018eeb4f6000, 0x0000018eebaf1800, 0x0000018eece43800,
0x0000018eeb5f3000, 0x0000018eeac1e800, 0x0000018eeb624800, 0x0000018eeb625800,
0x0000018eeb5b7000, 0x0000018eeb5b4000, 0x0000018eeb5b6800, 0x0000018eeb5b2800,
0x0000018eeb5b8000, 0x0000018eeb5b4800, 0x0000018eeb5b9000, 0x0000018eeb5b3000,
0x0000018eeb5b5800, 0x0000018eecbb4000, 0x0000018eecbb2000, 0x0000018eecbae000,
0x0000018eecbb3000, 0x0000018eecbb4800, 0x0000018eec5fc800, 0x0000018eecbb1800,
0x0000018eecbaf000, 0x0000018eecbb0000, 0x0000018eecbb5800, 0x0000018eecbb6800,
0x0000018eecbb0800, 0x0000018eecbbb000, 0x0000018eecbb9000, 0x0000018eecbbd000,
0x0000018eecbb7000
}

Java Threads: ( => current thread )
  0x0000018ece3df800 JavaThread "main" [_thread_blocked, id=56084, stack(0x00000005a8300000,0x00000005a8400000)]
  0x0000018ee8cce800 JavaThread "Reference Handler" daemon [_thread_blocked, id=65436, stack(0x00000005a8a00000,0x00000005a8b00000)]
  0x0000018ee94f8800 JavaThread "Finalizer" daemon [_thread_blocked, id=10628, stack(0x00000005a8b00000,0x00000005a8c00000)]
  0x0000018ee9563000 JavaThread "Signal Dispatcher" daemon [_thread_blocked, id=79884, stack(0x00000005a8c00000,0x00000005a8d00000)]
  0x0000018ee9564000 JavaThread "Attach Listener" daemon [_thread_blocked, id=70840, stack(0x00000005a8d00000,0x00000005a8e00000)]
  0x0000018ee9565000 JavaThread "Service Thread" daemon [_thread_blocked, id=68604, stack(0x00000005a8e00000,0x00000005a8f00000)]
=>0x0000018ee956b000 JavaThread "C2 CompilerThread0" daemon [_thread_in_native, id=77676, stack(0x00000005a8f00000,0x00000005a9000000)]
  0x0000018ee9571000 JavaThread "C1 CompilerThread0" daemon [_thread_blocked, id=72788, stack(0x00000005a9000000,0x00000005a9100000)]
  0x0000018ee9572000 JavaThread "Sweeper thread" daemon [_thread_blocked, id=46740, stack(0x00000005a9100000,0x00000005a9200000)]
  0x0000018ee96e6800 JavaThread "Common-Cleaner" daemon [_thread_blocked, id=69352, stack(0x00000005a9200000,0x00000005a9300000)]
  0x0000018eec508000 JavaThread "Daemon health stats" [_thread_blocked, id=81628, stack(0x00000005a9a00000,0x00000005a9b00000)]
  0x0000018eeb53e000 JavaThread "Incoming local TCP Connector on port 63824" [_thread_in_native, id=76828, stack(0x00000005a9400000,0x00000005a9500000)]
  0x0000018eec28b800 JavaThread "Daemon periodic checks" [_thread_blocked, id=59028, stack(0x00000005a9900000,0x00000005a9a00000)]
  0x0000018eeb4f6000 JavaThread "Daemon" [_thread_blocked, id=67144, stack(0x00000005a9b00000,0x00000005a9c00000)]
  0x0000018eebaf1800 JavaThread "Handler for socket connection from /127.0.0.1:63824 to /127.0.0.1:63825" [_thread_in_native, id=18036, stack(0x00000005a9c00000,0x00000005a9d00000)]
  0x0000018eece43800 JavaThread "Cancel handler" [_thread_blocked, id=44924, stack(0x00000005a9d00000,0x00000005a9e00000)]
  0x0000018eeb5f3000 JavaThread "Daemon worker" [_thread_in_vm, id=80148, stack(0x00000005a9e00000,0x00000005a9f00000)]
  0x0000018eeac1e800 JavaThread "C2 CompilerThread1" daemon [_thread_blocked, id=78020, stack(0x00000005a9f00000,0x00000005aa000000)]
  0x0000018eeb624800 JavaThread "Asynchronous log dispatcher for DefaultDaemonConnection: socket connection from /127.0.0.1:63824 to /127.0.0.1:63825" [_thread_blocked, id=74668, stack(0x00000005aa000000,0x00000005aa100000)]
  0x0000018eeb625800 JavaThread "Stdin handler" [_thread_blocked, id=70096, stack(0x00000005aa100000,0x00000005aa200000)]
  0x0000018eeb5b7000 JavaThread "Daemon client event forwarder" [_thread_blocked, id=76880, stack(0x00000005aa200000,0x00000005aa300000)]
  0x0000018eeb5b4000 JavaThread "Cache worker for file hash cache (C:\Users\lenovo\.gradle\caches\7.0.2\fileHashes)" [_thread_blocked, id=76404, stack(0x00000005aa300000,0x00000005aa400000)]
  0x0000018eeb5b6800 JavaThread "File lock request listener" [_thread_in_native, id=78960, stack(0x00000005aa400000,0x00000005aa500000)]
  0x0000018eeb5b2800 JavaThread "Cache worker for journal cache (C:\Users\lenovo\.gradle\caches\journal-1)" [_thread_blocked, id=75276, stack(0x00000005aac00000,0x00000005aad00000)]
  0x0000018eeb5b8000 JavaThread "Cache worker for file hash cache (E:\Android_Homework_XHJ\FirstHomework\.gradle\7.0.2\fileHashes)" [_thread_blocked, id=57912, stack(0x00000005aad00000,0x00000005aae00000)]
  0x0000018eeb5b4800 JavaThread "File watcher server" daemon [_thread_in_native, id=69968, stack(0x00000005aae00000,0x00000005aaf00000)]
  0x0000018eeb5b9000 JavaThread "File watcher consumer" daemon [_thread_blocked, id=79496, stack(0x00000005aaf00000,0x00000005ab000000)]
  0x0000018eeb5b3000 JavaThread "jar transforms" [_thread_blocked, id=10152, stack(0x00000005ab000000,0x00000005ab100000)]
  0x0000018eeb5b5800 JavaThread "jar transforms Thread 2" [_thread_blocked, id=71868, stack(0x00000005ab100000,0x00000005ab200000)]
  0x0000018eecbb4000 JavaThread "jar transforms Thread 3" [_thread_blocked, id=71472, stack(0x00000005ab200000,0x00000005ab300000)]
  0x0000018eecbb2000 JavaThread "jar transforms Thread 4" [_thread_blocked, id=66000, stack(0x00000005ab300000,0x00000005ab400000)]
  0x0000018eecbae000 JavaThread "jar transforms Thread 5" [_thread_blocked, id=3416, stack(0x00000005ab400000,0x00000005ab500000)]
  0x0000018eecbb3000 JavaThread "jar transforms Thread 6" [_thread_blocked, id=74740, stack(0x00000005ab500000,0x00000005ab600000)]
  0x0000018eecbb4800 JavaThread "jar transforms Thread 7" [_thread_blocked, id=33868, stack(0x00000005ab600000,0x00000005ab700000)]
  0x0000018eec5fc800 JavaThread "C2 CompilerThread2" daemon [_thread_blocked, id=77060, stack(0x00000005ab700000,0x00000005ab800000)]
  0x0000018eecbb1800 JavaThread "jar transforms Thread 8" [_thread_blocked, id=80880, stack(0x00000005ab800000,0x00000005ab900000)]
  0x0000018eecbaf000 JavaThread "jar transforms Thread 9" [_thread_blocked, id=57068, stack(0x00000005ab900000,0x00000005aba00000)]
  0x0000018eecbb0000 JavaThread "jar transforms Thread 10" [_thread_blocked, id=80536, stack(0x00000005aba00000,0x00000005abb00000)]
  0x0000018eecbb5800 JavaThread "jar transforms Thread 11" [_thread_blocked, id=80844, stack(0x00000005abb00000,0x00000005abc00000)]
  0x0000018eecbb6800 JavaThread "jar transforms Thread 12" [_thread_blocked, id=77908, stack(0x00000005abc00000,0x00000005abd00000)]
  0x0000018eecbb0800 JavaThread "Cache worker for checksums cache (E:\Android_Homework_XHJ\FirstHomework\.gradle\checksums)" [_thread_blocked, id=26216, stack(0x00000005abd00000,0x00000005abe00000)]
  0x0000018eecbbb000 JavaThread "Cache worker for cache directory md-supplier (C:\Users\lenovo\.gradle\caches\7.0.2\md-supplier)" [_thread_blocked, id=81352, stack(0x00000005abe00000,0x00000005abf00000)]
  0x0000018eecbb9000 JavaThread "Cache worker for cache directory md-rule (C:\Users\lenovo\.gradle\caches\7.0.2\md-rule)" [_thread_blocked, id=68724, stack(0x00000005abf00000,0x00000005ac000000)]
  0x0000018eecbbd000 JavaThread "Cache worker for execution history cache (C:\Users\lenovo\.gradle\caches\7.0.2\executionHistory)" [_thread_blocked, id=24940, stack(0x00000005ac000000,0x00000005ac100000)]
  0x0000018eecbb7000 JavaThread "Cache worker for file content cache (C:\Users\lenovo\.gradle\caches\7.0.2\fileContent)" [_thread_blocked, id=79164, stack(0x00000005ac100000,0x00000005ac200000)]

Other Threads:
  0x0000018ee8cc9800 VMThread "VM Thread" [stack: 0x00000005a8900000,0x00000005a8a00000] [id=79700]
  0x0000018ee9706800 WatcherThread [stack: 0x00000005a9300000,0x00000005a9400000] [id=79620]
  0x0000018ece3f9000 GCTaskThread "GC Thread#0" [stack: 0x00000005a8400000,0x00000005a8500000] [id=37320]
  0x0000018eea16c800 GCTaskThread "GC Thread#1" [stack: 0x00000005a9500000,0x00000005a9600000] [id=79764]
  0x0000018eea16d000 GCTaskThread "GC Thread#2" [stack: 0x00000005a9600000,0x00000005a9700000] [id=23148]
  0x0000018eea52a800 GCTaskThread "GC Thread#3" [stack: 0x00000005a9700000,0x00000005a9800000] [id=25216]
  0x0000018eea52b000 GCTaskThread "GC Thread#4" [stack: 0x00000005a9800000,0x00000005a9900000] [id=72016]
  0x0000018eeb386800 GCTaskThread "GC Thread#5" [stack: 0x00000005aa500000,0x00000005aa600000] [id=76608]
  0x0000018eec7a5000 GCTaskThread "GC Thread#6" [stack: 0x00000005aa600000,0x00000005aa700000] [id=73212]
  0x0000018eeb45b800 GCTaskThread "GC Thread#7" [stack: 0x00000005aa700000,0x00000005aa800000] [id=49356]
  0x0000018eea797000 GCTaskThread "GC Thread#8" [stack: 0x00000005aa800000,0x00000005aa900000] [id=24448]
  0x0000018eec945800 GCTaskThread "GC Thread#9" [stack: 0x00000005aa900000,0x00000005aaa00000] [id=81304]
  0x0000018ece42b000 ConcurrentGCThread "G1 Main Marker" [stack: 0x00000005a8500000,0x00000005a8600000] [id=81712]
  0x0000018ece42c000 ConcurrentGCThread "G1 Conc#0" [stack: 0x00000005a8600000,0x00000005a8700000] [id=81048]
  0x0000018eea4e2800 ConcurrentGCThread "G1 Conc#1" [stack: 0x00000005aaa00000,0x00000005aab00000] [id=77836]
  0x0000018eea23c800 ConcurrentGCThread "G1 Conc#2" [stack: 0x00000005aab00000,0x00000005aac00000] [id=77120]
  0x0000018ece4bd800 ConcurrentGCThread "G1 Refine#0" [stack: 0x00000005a8700000,0x00000005a8800000] [id=78712]
  0x0000018ee8b3e800 ConcurrentGCThread "G1 Young RemSet Sampling" [stack: 0x00000005a8800000,0x00000005a8900000] [id=74724]

Threads with active compile tasks:
C2 CompilerThread0   4607 3579       4       org.objectweb.asm.Frame::execute (2318 bytes)
C1 CompilerThread0   4607 3633   !   3       java.lang.invoke.BootstrapMethodInvoker::invoke (688 bytes)

VM state:not at safepoint (normal execution)

VM Mutex/Monitor currently owned by a thread: None

Heap address: 0x0000000080000000, size: 2048 MB, Compressed Oops mode: 32-bit
Narrow klass base: 0x0000000000000000, Narrow klass shift: 3
Compressed class space size: 1073741824 Address: 0x0000000100000000

Heap:
 garbage-first heap   total 227328K, used 99466K [0x0000000080000000, 0x0000000100000000)
  region size 1024K, 70 young (71680K), 9 survivors (9216K)
 Metaspace       used 40922K, capacity 41946K, committed 42112K, reserved 1085440K
  class space    used 5253K, capacity 5647K, committed 5760K, reserved 1048576K
Heap Regions: E=young(eden), S=young(survivor), O=old, HS=humongous(starts), HC=humongous(continues), CS=collection set, F=free, A=archive, TAMS=top-at-mark-start (previous, next)
|   0|0x0000000080000000, 0x0000000080100000, 0x0000000080100000|100%| O|  |TAMS 0x0000000080100000, 0x0000000080000000| Untracked 
|   1|0x0000000080100000, 0x0000000080200000, 0x0000000080200000|100%| O|  |TAMS 0x0000000080200000, 0x0000000080100000| Untracked 
|   2|0x0000000080200000, 0x0000000080300000, 0x0000000080300000|100%| O|  |TAMS 0x0000000080300000, 0x0000000080200000| Untracked 
|   3|0x0000000080300000, 0x0000000080400000, 0x0000000080400000|100%|HS|  |TAMS 0x0000000080400000, 0x0000000080300000| Complete 
|   4|0x0000000080400000, 0x0000000080500000, 0x0000000080500000|100%|HC|  |TAMS 0x0000000080500000, 0x0000000080400000| Complete 
|   5|0x0000000080500000, 0x0000000080600000, 0x0000000080600000|100%|HC|  |TAMS 0x0000000080600000, 0x0000000080500000| Complete 
|   6|0x0000000080600000, 0x0000000080700000, 0x0000000080700000|100%| O|  |TAMS 0x0000000080700000, 0x0000000080600000| Untracked 
|   7|0x0000000080700000, 0x0000000080800000, 0x0000000080800000|100%| O|  |TAMS 0x0000000080800000, 0x0000000080700000| Untracked 
|   8|0x0000000080800000, 0x0000000080900000, 0x0000000080900000|100%| O|  |TAMS 0x0000000080900000, 0x0000000080800000| Untracked 
|   9|0x0000000080900000, 0x0000000080a00000, 0x0000000080a00000|100%| O|  |TAMS 0x0000000080a00000, 0x0000000080900000| Untracked 
|  10|0x0000000080a00000, 0x0000000080b00000, 0x0000000080b00000|100%| O|  |TAMS 0x0000000080b00000, 0x0000000080a00000| Untracked 
|  11|0x0000000080b00000, 0x0000000080c00000, 0x0000000080c00000|100%| O|  |TAMS 0x0000000080c00000, 0x0000000080b00000| Untracked 
|  12|0x0000000080c00000, 0x0000000080d00000, 0x0000000080d00000|100%| O|  |TAMS 0x0000000080d00000, 0x0000000080c00000| Untracked 
|  13|0x0000000080d00000, 0x0000000080e00000, 0x0000000080e00000|100%| O|  |TAMS 0x0000000080e00000, 0x0000000080d00000| Untracked 
|  14|0x0000000080e00000, 0x0000000080f00000, 0x0000000080f00000|100%| O|  |TAMS 0x0000000080f00000, 0x0000000080e00000| Untracked 
|  15|0x0000000080f00000, 0x0000000080fff000, 0x0000000081000000| 99%| O|  |TAMS 0x0000000080fff000, 0x0000000080f00000| Untracked 
|  16|0x0000000081000000, 0x0000000081100000, 0x0000000081100000|100%|HS|  |TAMS 0x0000000081100000, 0x0000000081000000| Complete 
|  17|0x0000000081100000, 0x0000000081200000, 0x0000000081200000|100%|HC|  |TAMS 0x0000000081200000, 0x0000000081100000| Complete 
|  18|0x0000000081200000, 0x0000000081300000, 0x0000000081300000|100%|HS|  |TAMS 0x0000000081300000, 0x0000000081200000| Complete 
|  19|0x0000000081300000, 0x0000000081400000, 0x0000000081400000|100%|HC|  |TAMS 0x0000000081400000, 0x0000000081300000| Complete 
|  20|0x0000000081400000, 0x0000000081500000, 0x0000000081500000|100%|HC|  |TAMS 0x0000000081500000, 0x0000000081400000| Complete 
|  21|0x0000000081500000, 0x0000000081600000, 0x0000000081600000|100%|HS|  |TAMS 0x0000000081600000, 0x0000000081500000| Complete 
|  22|0x0000000081600000, 0x0000000081700000, 0x0000000081700000|100%|HC|  |TAMS 0x0000000081700000, 0x0000000081600000| Complete 
|  23|0x0000000081700000, 0x0000000081800000, 0x0000000081800000|100%|HC|  |TAMS 0x0000000081800000, 0x0000000081700000| Complete 
|  24|0x0000000081800000, 0x0000000081900000, 0x0000000081900000|100%|HC|  |TAMS 0x0000000081900000, 0x0000000081800000| Complete 
|  25|0x0000000081900000, 0x0000000081a00000, 0x0000000081a00000|100%|HC|  |TAMS 0x0000000081a00000, 0x0000000081900000| Complete 
|  26|0x0000000081a00000, 0x0000000081b00000, 0x0000000081b00000|100%|HS|  |TAMS 0x0000000081a00000, 0x0000000081a00000| Complete 
|  27|0x0000000081b00000, 0x0000000081c00000, 0x0000000081c00000|100%|HS|  |TAMS 0x0000000081b00000, 0x0000000081b00000| Complete 
|  28|0x0000000081c00000, 0x0000000081d00000, 0x0000000081d00000|100%|HC|  |TAMS 0x0000000081c00000, 0x0000000081c00000| Complete 
|  29|0x0000000081d00000, 0x0000000081d00000, 0x0000000081e00000|  0%| F|  |TAMS 0x0000000081d00000, 0x0000000081d00000| Untracked 
|  30|0x0000000081e00000, 0x0000000081e00000, 0x0000000081f00000|  0%| F|  |TAMS 0x0000000081e00000, 0x0000000081e00000| Untracked 
|  31|0x0000000081f00000, 0x0000000081f00000, 0x0000000082000000|  0%| F|  |TAMS 0x0000000081f00000, 0x0000000081f00000| Untracked 
|  32|0x0000000082000000, 0x0000000082000000, 0x0000000082100000|  0%| F|  |TAMS 0x0000000082000000, 0x0000000082000000| Untracked 
|  33|0x0000000082100000, 0x0000000082100000, 0x0000000082200000|  0%| F|  |TAMS 0x0000000082100000, 0x0000000082100000| Untracked 
|  34|0x0000000082200000, 0x0000000082200000, 0x0000000082300000|  0%| F|  |TAMS 0x0000000082200000, 0x0000000082200000| Untracked 
|  35|0x0000000082300000, 0x0000000082300000, 0x0000000082400000|  0%| F|  |TAMS 0x0000000082300000, 0x0000000082300000| Untracked 
|  36|0x0000000082400000, 0x0000000082400000, 0x0000000082500000|  0%| F|  |TAMS 0x0000000082400000, 0x0000000082400000| Untracked 
|  37|0x0000000082500000, 0x0000000082500000, 0x0000000082600000|  0%| F|  |TAMS 0x0000000082500000, 0x0000000082500000| Untracked 
|  38|0x0000000082600000, 0x0000000082600000, 0x0000000082700000|  0%| F|  |TAMS 0x0000000082600000, 0x0000000082600000| Untracked 
|  39|0x0000000082700000, 0x0000000082700000, 0x0000000082800000|  0%| F|  |TAMS 0x0000000082700000, 0x0000000082700000| Untracked 
|  40|0x0000000082800000, 0x0000000082800000, 0x0000000082900000|  0%| F|  |TAMS 0x0000000082800000, 0x0000000082800000| Untracked 
|  41|0x0000000082900000, 0x0000000082900000, 0x0000000082a00000|  0%| F|  |TAMS 0x0000000082900000, 0x0000000082900000| Untracked 
|  42|0x0000000082a00000, 0x0000000082a00000, 0x0000000082b00000|  0%| F|  |TAMS 0x0000000082a00000, 0x0000000082a00000| Untracked 
|  43|0x0000000082b00000, 0x0000000082b00000, 0x0000000082c00000|  0%| F|  |TAMS 0x0000000082b00000, 0x0000000082b00000| Untracked 
|  44|0x0000000082c00000, 0x0000000082c00000, 0x0000000082d00000|  0%| F|  |TAMS 0x0000000082c00000, 0x0000000082c00000| Untracked 
|  45|0x0000000082d00000, 0x0000000082d00000, 0x0000000082e00000|  0%| F|  |TAMS 0x0000000082d00000, 0x0000000082d00000| Untracked 
|  46|0x0000000082e00000, 0x0000000082e00000, 0x0000000082f00000|  0%| F|  |TAMS 0x0000000082e00000, 0x0000000082e00000| Untracked 
|  47|0x0000000082f00000, 0x0000000082f00000, 0x0000000083000000|  0%| F|  |TAMS 0x0000000082f00000, 0x0000000082f00000| Untracked 
|  48|0x0000000083000000, 0x0000000083000000, 0x0000000083100000|  0%| F|  |TAMS 0x0000000083000000, 0x0000000083000000| Untracked 
|  49|0x0000000083100000, 0x0000000083100000, 0x0000000083200000|  0%| F|  |TAMS 0x0000000083100000, 0x0000000083100000| Untracked 
|  50|0x0000000083200000, 0x0000000083200000, 0x0000000083300000|  0%| F|  |TAMS 0x0000000083200000, 0x0000000083200000| Untracked 
|  51|0x0000000083300000, 0x0000000083300000, 0x0000000083400000|  0%| F|  |TAMS 0x0000000083300000, 0x0000000083300000| Untracked 
|  52|0x0000000083400000, 0x0000000083400000, 0x0000000083500000|  0%| F|  |TAMS 0x0000000083400000, 0x0000000083400000| Untracked 
|  53|0x0000000083500000, 0x0000000083500000, 0x0000000083600000|  0%| F|  |TAMS 0x0000000083500000, 0x0000000083500000| Untracked 
|  54|0x0000000083600000, 0x0000000083600000, 0x0000000083700000|  0%| F|  |TAMS 0x0000000083600000, 0x0000000083600000| Untracked 
|  55|0x0000000083700000, 0x0000000083700000, 0x0000000083800000|  0%| F|  |TAMS 0x0000000083700000, 0x0000000083700000| Untracked 
|  56|0x0000000083800000, 0x0000000083800000, 0x0000000083900000|  0%| F|  |TAMS 0x0000000083800000, 0x0000000083800000| Untracked 
|  57|0x0000000083900000, 0x0000000083900000, 0x0000000083a00000|  0%| F|  |TAMS 0x0000000083900000, 0x0000000083900000| Untracked 
|  58|0x0000000083a00000, 0x0000000083a00000, 0x0000000083b00000|  0%| F|  |TAMS 0x0000000083a00000, 0x0000000083a00000| Untracked 
|  59|0x0000000083b00000, 0x0000000083b00000, 0x0000000083c00000|  0%| F|  |TAMS 0x0000000083b00000, 0x0000000083b00000| Untracked 
|  60|0x0000000083c00000, 0x0000000083c00000, 0x0000000083d00000|  0%| F|  |TAMS 0x0000000083c00000, 0x0000000083c00000| Untracked 
|  61|0x0000000083d00000, 0x0000000083d00000, 0x0000000083e00000|  0%| F|  |TAMS 0x0000000083d00000, 0x0000000083d00000| Untracked 
|  62|0x0000000083e00000, 0x0000000083e00000, 0x0000000083f00000|  0%| F|  |TAMS 0x0000000083e00000, 0x0000000083e00000| Untracked 
|  63|0x0000000083f00000, 0x0000000083f00000, 0x0000000084000000|  0%| F|  |TAMS 0x0000000083f00000, 0x0000000083f00000| Untracked 
|  64|0x0000000084000000, 0x0000000084000000, 0x0000000084100000|  0%| F|  |TAMS 0x0000000084000000, 0x0000000084000000| Untracked 
|  65|0x0000000084100000, 0x0000000084100000, 0x0000000084200000|  0%| F|  |TAMS 0x0000000084100000, 0x0000000084100000| Untracked 
|  66|0x0000000084200000, 0x0000000084200000, 0x0000000084300000|  0%| F|  |TAMS 0x0000000084200000, 0x0000000084200000| Untracked 
|  67|0x0000000084300000, 0x0000000084300000, 0x0000000084400000|  0%| F|  |TAMS 0x0000000084300000, 0x0000000084300000| Untracked 
|  68|0x0000000084400000, 0x0000000084400000, 0x0000000084500000|  0%| F|  |TAMS 0x0000000084400000, 0x0000000084400000| Untracked 
|  69|0x0000000084500000, 0x0000000084500000, 0x0000000084600000|  0%| F|  |TAMS 0x0000000084500000, 0x0000000084500000| Untracked 
|  70|0x0000000084600000, 0x0000000084600000, 0x0000000084700000|  0%| F|  |TAMS 0x0000000084600000, 0x0000000084600000| Untracked 
|  71|0x0000000084700000, 0x0000000084700000, 0x0000000084800000|  0%| F|  |TAMS 0x0000000084700000, 0x0000000084700000| Untracked 
|  72|0x0000000084800000, 0x0000000084800000, 0x0000000084900000|  0%| F|  |TAMS 0x0000000084800000, 0x0000000084800000| Untracked 
|  73|0x0000000084900000, 0x0000000084900000, 0x0000000084a00000|  0%| F|  |TAMS 0x0000000084900000, 0x0000000084900000| Untracked 
|  74|0x0000000084a00000, 0x0000000084a00000, 0x0000000084b00000|  0%| F|  |TAMS 0x0000000084a00000, 0x0000000084a00000| Untracked 
|  75|0x0000000084b00000, 0x0000000084b00000, 0x0000000084c00000|  0%| F|  |TAMS 0x0000000084b00000, 0x0000000084b00000| Untracked 
|  76|0x0000000084c00000, 0x0000000084c00000, 0x0000000084d00000|  0%| F|  |TAMS 0x0000000084c00000, 0x0000000084c00000| Untracked 
|  77|0x0000000084d00000, 0x0000000084d00000, 0x0000000084e00000|  0%| F|  |TAMS 0x0000000084d00000, 0x0000000084d00000| Untracked 
|  78|0x0000000084e00000, 0x0000000084e00000, 0x0000000084f00000|  0%| F|  |TAMS 0x0000000084e00000, 0x0000000084e00000| Untracked 
|  79|0x0000000084f00000, 0x0000000084f00000, 0x0000000085000000|  0%| F|  |TAMS 0x0000000084f00000, 0x0000000084f00000| Untracked 
|  80|0x0000000085000000, 0x0000000085000000, 0x0000000085100000|  0%| F|  |TAMS 0x0000000085000000, 0x0000000085000000| Untracked 
|  81|0x0000000085100000, 0x0000000085100000, 0x0000000085200000|  0%| F|  |TAMS 0x0000000085100000, 0x0000000085100000| Untracked 
|  82|0x0000000085200000, 0x0000000085200000, 0x0000000085300000|  0%| F|  |TAMS 0x0000000085200000, 0x0000000085200000| Untracked 
|  83|0x0000000085300000, 0x0000000085300000, 0x0000000085400000|  0%| F|  |TAMS 0x0000000085300000, 0x0000000085300000| Untracked 
|  84|0x0000000085400000, 0x0000000085400000, 0x0000000085500000|  0%| F|  |TAMS 0x0000000085400000, 0x0000000085400000| Untracked 
|  85|0x0000000085500000, 0x0000000085500000, 0x0000000085600000|  0%| F|  |TAMS 0x0000000085500000, 0x0000000085500000| Untracked 
|  86|0x0000000085600000, 0x0000000085600000, 0x0000000085700000|  0%| F|  |TAMS 0x0000000085600000, 0x0000000085600000| Untracked 
|  87|0x0000000085700000, 0x0000000085700000, 0x0000000085800000|  0%| F|  |TAMS 0x0000000085700000, 0x0000000085700000| Untracked 
|  88|0x0000000085800000, 0x0000000085800000, 0x0000000085900000|  0%| F|  |TAMS 0x0000000085800000, 0x0000000085800000| Untracked 
|  89|0x0000000085900000, 0x0000000085900000, 0x0000000085a00000|  0%| F|  |TAMS 0x0000000085900000, 0x0000000085900000| Untracked 
|  90|0x0000000085a00000, 0x0000000085a00000, 0x0000000085b00000|  0%| F|  |TAMS 0x0000000085a00000, 0x0000000085a00000| Untracked 
|  91|0x0000000085b00000, 0x0000000085b00000, 0x0000000085c00000|  0%| F|  |TAMS 0x0000000085b00000, 0x0000000085b00000| Untracked 
|  92|0x0000000085c00000, 0x0000000085c00000, 0x0000000085d00000|  0%| F|  |TAMS 0x0000000085c00000, 0x0000000085c00000| Untracked 
|  93|0x0000000085d00000, 0x0000000085d00000, 0x0000000085e00000|  0%| F|  |TAMS 0x0000000085d00000, 0x0000000085d00000| Untracked 
|  94|0x0000000085e00000, 0x0000000085e00000, 0x0000000085f00000|  0%| F|  |TAMS 0x0000000085e00000, 0x0000000085e00000| Untracked 
|  95|0x0000000085f00000, 0x0000000085f00000, 0x0000000086000000|  0%| F|  |TAMS 0x0000000085f00000, 0x0000000085f00000| Untracked 
|  96|0x0000000086000000, 0x0000000086000000, 0x0000000086100000|  0%| F|  |TAMS 0x0000000086000000, 0x0000000086000000| Untracked 
|  97|0x0000000086100000, 0x0000000086100000, 0x0000000086200000|  0%| F|  |TAMS 0x0000000086100000, 0x0000000086100000| Untracked 
|  98|0x0000000086200000, 0x0000000086200000, 0x0000000086300000|  0%| F|  |TAMS 0x0000000086200000, 0x0000000086200000| Untracked 
|  99|0x0000000086300000, 0x0000000086300000, 0x0000000086400000|  0%| F|  |TAMS 0x0000000086300000, 0x0000000086300000| Untracked 
| 100|0x0000000086400000, 0x0000000086400000, 0x0000000086500000|  0%| F|  |TAMS 0x0000000086400000, 0x0000000086400000| Untracked 
| 101|0x0000000086500000, 0x0000000086500000, 0x0000000086600000|  0%| F|  |TAMS 0x0000000086500000, 0x0000000086500000| Untracked 
| 102|0x0000000086600000, 0x0000000086600000, 0x0000000086700000|  0%| F|  |TAMS 0x0000000086600000, 0x0000000086600000| Untracked 
| 103|0x0000000086700000, 0x0000000086700000, 0x0000000086800000|  0%| F|  |TAMS 0x0000000086700000, 0x0000000086700000| Untracked 
| 104|0x0000000086800000, 0x0000000086800000, 0x0000000086900000|  0%| F|  |TAMS 0x0000000086800000, 0x0000000086800000| Untracked 
| 105|0x0000000086900000, 0x0000000086900000, 0x0000000086a00000|  0%| F|  |TAMS 0x0000000086900000, 0x0000000086900000| Untracked 
| 106|0x0000000086a00000, 0x0000000086a00000, 0x0000000086b00000|  0%| F|  |TAMS 0x0000000086a00000, 0x0000000086a00000| Untracked 
| 107|0x0000000086b00000, 0x0000000086b00000, 0x0000000086c00000|  0%| F|  |TAMS 0x0000000086b00000, 0x0000000086b00000| Untracked 
| 108|0x0000000086c00000, 0x0000000086c00000, 0x0000000086d00000|  0%| F|  |TAMS 0x0000000086c00000, 0x0000000086c00000| Untracked 
| 109|0x0000000086d00000, 0x0000000086d00000, 0x0000000086e00000|  0%| F|  |TAMS 0x0000000086d00000, 0x0000000086d00000| Untracked 
| 110|0x0000000086e00000, 0x0000000086e00000, 0x0000000086f00000|  0%| F|  |TAMS 0x0000000086e00000, 0x0000000086e00000| Untracked 
| 111|0x0000000086f00000, 0x0000000086f00000, 0x0000000087000000|  0%| F|  |TAMS 0x0000000086f00000, 0x0000000086f00000| Untracked 
| 112|0x0000000087000000, 0x0000000087000000, 0x0000000087100000|  0%| F|  |TAMS 0x0000000087000000, 0x0000000087000000| Untracked 
| 113|0x0000000087100000, 0x0000000087100000, 0x0000000087200000|  0%| F|  |TAMS 0x0000000087100000, 0x0000000087100000| Untracked 
| 114|0x0000000087200000, 0x0000000087200000, 0x0000000087300000|  0%| F|  |TAMS 0x0000000087200000, 0x0000000087200000| Untracked 
| 115|0x0000000087300000, 0x0000000087300000, 0x0000000087400000|  0%| F|  |TAMS 0x0000000087300000, 0x0000000087300000| Untracked 
| 116|0x0000000087400000, 0x0000000087400000, 0x0000000087500000|  0%| F|  |TAMS 0x0000000087400000, 0x0000000087400000| Untracked 
| 117|0x0000000087500000, 0x0000000087500000, 0x0000000087600000|  0%| F|  |TAMS 0x0000000087500000, 0x0000000087500000| Untracked 
| 118|0x0000000087600000, 0x0000000087600000, 0x0000000087700000|  0%| F|  |TAMS 0x0000000087600000, 0x0000000087600000| Untracked 
| 119|0x0000000087700000, 0x0000000087700000, 0x0000000087800000|  0%| F|  |TAMS 0x0000000087700000, 0x0000000087700000| Untracked 
| 120|0x0000000087800000, 0x0000000087800000, 0x0000000087900000|  0%| F|  |TAMS 0x0000000087800000, 0x0000000087800000| Untracked 
| 121|0x0000000087900000, 0x0000000087900000, 0x0000000087a00000|  0%| F|  |TAMS 0x0000000087900000, 0x0000000087900000| Untracked 
| 122|0x0000000087a00000, 0x0000000087a00000, 0x0000000087b00000|  0%| F|  |TAMS 0x0000000087a00000, 0x0000000087a00000| Untracked 
| 123|0x0000000087b00000, 0x0000000087b00000, 0x0000000087c00000|  0%| F|  |TAMS 0x0000000087b00000, 0x0000000087b00000| Untracked 
| 124|0x0000000087c00000, 0x0000000087c00000, 0x0000000087d00000|  0%| F|  |TAMS 0x0000000087c00000, 0x0000000087c00000| Untracked 
| 125|0x0000000087d00000, 0x0000000087d00000, 0x0000000087e00000|  0%| F|  |TAMS 0x0000000087d00000, 0x0000000087d00000| Untracked 
| 126|0x0000000087e00000, 0x0000000087e00000, 0x0000000087f00000|  0%| F|  |TAMS 0x0000000087e00000, 0x0000000087e00000| Untracked 
| 127|0x0000000087f00000, 0x0000000087f00000, 0x0000000088000000|  0%| F|  |TAMS 0x0000000087f00000, 0x0000000087f00000| Untracked 
| 128|0x0000000088000000, 0x0000000088000000, 0x0000000088100000|  0%| F|  |TAMS 0x0000000088000000, 0x0000000088000000| Untracked 
| 129|0x0000000088100000, 0x0000000088100000, 0x0000000088200000|  0%| F|  |TAMS 0x0000000088100000, 0x0000000088100000| Untracked 
| 130|0x0000000088200000, 0x0000000088200000, 0x0000000088300000|  0%| F|  |TAMS 0x0000000088200000, 0x0000000088200000| Untracked 
| 131|0x0000000088300000, 0x0000000088300000, 0x0000000088400000|  0%| F|  |TAMS 0x0000000088300000, 0x0000000088300000| Untracked 
| 132|0x0000000088400000, 0x0000000088400000, 0x0000000088500000|  0%| F|  |TAMS 0x0000000088400000, 0x0000000088400000| Untracked 
| 133|0x0000000088500000, 0x0000000088500000, 0x0000000088600000|  0%| F|  |TAMS 0x0000000088500000, 0x0000000088500000| Untracked 
| 134|0x0000000088600000, 0x00000000886238e0, 0x0000000088700000| 13%| S|CS|TAMS 0x0000000088600000, 0x0000000088600000| Complete 
| 135|0x0000000088700000, 0x0000000088800000, 0x0000000088800000|100%| S|CS|TAMS 0x0000000088700000, 0x0000000088700000| Complete 
| 136|0x0000000088800000, 0x0000000088900000, 0x0000000088900000|100%| S|CS|TAMS 0x0000000088800000, 0x0000000088800000| Complete 
| 137|0x0000000088900000, 0x0000000088a00000, 0x0000000088a00000|100%| S|CS|TAMS 0x0000000088900000, 0x0000000088900000| Complete 
| 138|0x0000000088a00000, 0x0000000088b00000, 0x0000000088b00000|100%| S|CS|TAMS 0x0000000088a00000, 0x0000000088a00000| Complete 
| 139|0x0000000088b00000, 0x0000000088c00000, 0x0000000088c00000|100%| S|CS|TAMS 0x0000000088b00000, 0x0000000088b00000| Complete 
| 140|0x0000000088c00000, 0x0000000088d00000, 0x0000000088d00000|100%| S|CS|TAMS 0x0000000088c00000, 0x0000000088c00000| Complete 
| 141|0x0000000088d00000, 0x0000000088e00000, 0x0000000088e00000|100%| S|CS|TAMS 0x0000000088d00000, 0x0000000088d00000| Complete 
| 142|0x0000000088e00000, 0x0000000088f00000, 0x0000000088f00000|100%| S|CS|TAMS 0x0000000088e00000, 0x0000000088e00000| Complete 
| 143|0x0000000088f00000, 0x0000000088f00000, 0x0000000089000000|  0%| F|  |TAMS 0x0000000088f00000, 0x0000000088f00000| Untracked 
| 144|0x0000000089000000, 0x0000000089000000, 0x0000000089100000|  0%| F|  |TAMS 0x0000000089000000, 0x0000000089000000| Untracked 
| 145|0x0000000089100000, 0x0000000089100000, 0x0000000089200000|  0%| F|  |TAMS 0x0000000089100000, 0x0000000089100000| Untracked 
| 146|0x0000000089200000, 0x0000000089200000, 0x0000000089300000|  0%| F|  |TAMS 0x0000000089200000, 0x0000000089200000| Untracked 
| 147|0x0000000089300000, 0x0000000089300000, 0x0000000089400000|  0%| F|  |TAMS 0x0000000089300000, 0x0000000089300000| Untracked 
| 148|0x0000000089400000, 0x0000000089400000, 0x0000000089500000|  0%| F|  |TAMS 0x0000000089400000, 0x0000000089400000| Untracked 
| 149|0x0000000089500000, 0x0000000089500000, 0x0000000089600000|  0%| F|  |TAMS 0x0000000089500000, 0x0000000089500000| Untracked 
| 150|0x0000000089600000, 0x0000000089600000, 0x0000000089700000|  0%| F|  |TAMS 0x0000000089600000, 0x0000000089600000| Untracked 
| 151|0x0000000089700000, 0x0000000089700000, 0x0000000089800000|  0%| F|  |TAMS 0x0000000089700000, 0x0000000089700000| Untracked 
| 152|0x0000000089800000, 0x0000000089800000, 0x0000000089900000|  0%| F|  |TAMS 0x0000000089800000, 0x0000000089800000| Untracked 
| 153|0x0000000089900000, 0x0000000089900000, 0x0000000089a00000|  0%| F|  |TAMS 0x0000000089900000, 0x0000000089900000| Untracked 
| 154|0x0000000089a00000, 0x0000000089a00000, 0x0000000089b00000|  0%| F|  |TAMS 0x0000000089a00000, 0x0000000089a00000| Untracked 
| 155|0x0000000089b00000, 0x0000000089b00000, 0x0000000089c00000|  0%| F|  |TAMS 0x0000000089b00000, 0x0000000089b00000| Untracked 
| 156|0x0000000089c00000, 0x0000000089c00000, 0x0000000089d00000|  0%| F|  |TAMS 0x0000000089c00000, 0x0000000089c00000| Untracked 
| 157|0x0000000089d00000, 0x0000000089d00000, 0x0000000089e00000|  0%| F|  |TAMS 0x0000000089d00000, 0x0000000089d00000| Untracked 
| 158|0x0000000089e00000, 0x0000000089e00000, 0x0000000089f00000|  0%| F|  |TAMS 0x0000000089e00000, 0x0000000089e00000| Untracked 
| 159|0x0000000089f00000, 0x0000000089f00000, 0x000000008a000000|  0%| F|  |TAMS 0x0000000089f00000, 0x0000000089f00000| Untracked 
| 160|0x000000008a000000, 0x000000008a100000, 0x000000008a100000|100%| E|  |TAMS 0x000000008a000000, 0x000000008a000000| Complete 
| 161|0x000000008a100000, 0x000000008a200000, 0x000000008a200000|100%| E|CS|TAMS 0x000000008a100000, 0x000000008a100000| Complete 
| 162|0x000000008a200000, 0x000000008a300000, 0x000000008a300000|100%| E|CS|TAMS 0x000000008a200000, 0x000000008a200000| Complete 
| 163|0x000000008a300000, 0x000000008a400000, 0x000000008a400000|100%| E|CS|TAMS 0x000000008a300000, 0x000000008a300000| Complete 
| 164|0x000000008a400000, 0x000000008a500000, 0x000000008a500000|100%| E|CS|TAMS 0x000000008a400000, 0x000000008a400000| Complete 
| 165|0x000000008a500000, 0x000000008a600000, 0x000000008a600000|100%| E|CS|TAMS 0x000000008a500000, 0x000000008a500000| Complete 
| 166|0x000000008a600000, 0x000000008a700000, 0x000000008a700000|100%| E|CS|TAMS 0x000000008a600000, 0x000000008a600000| Complete 
| 167|0x000000008a700000, 0x000000008a800000, 0x000000008a800000|100%| E|CS|TAMS 0x000000008a700000, 0x000000008a700000| Complete 
| 168|0x000000008a800000, 0x000000008a900000, 0x000000008a900000|100%| E|CS|TAMS 0x000000008a800000, 0x000000008a800000| Complete 
| 169|0x000000008a900000, 0x000000008aa00000, 0x000000008aa00000|100%| E|CS|TAMS 0x000000008a900000, 0x000000008a900000| Complete 
| 170|0x000000008aa00000, 0x000000008ab00000, 0x000000008ab00000|100%| E|CS|TAMS 0x000000008aa00000, 0x000000008aa00000| Complete 
| 171|0x000000008ab00000, 0x000000008ac00000, 0x000000008ac00000|100%| E|CS|TAMS 0x000000008ab00000, 0x000000008ab00000| Complete 
| 172|0x000000008ac00000, 0x000000008ad00000, 0x000000008ad00000|100%| E|CS|TAMS 0x000000008ac00000, 0x000000008ac00000| Complete 
| 173|0x000000008ad00000, 0x000000008ae00000, 0x000000008ae00000|100%| E|CS|TAMS 0x000000008ad00000, 0x000000008ad00000| Complete 
| 174|0x000000008ae00000, 0x000000008af00000, 0x000000008af00000|100%| E|CS|TAMS 0x000000008ae00000, 0x000000008ae00000| Complete 
| 175|0x000000008af00000, 0x000000008b000000, 0x000000008b000000|100%| E|CS|TAMS 0x000000008af00000, 0x000000008af00000| Complete 
| 176|0x000000008b000000, 0x000000008b100000, 0x000000008b100000|100%| E|CS|TAMS 0x000000008b000000, 0x000000008b000000| Complete 
| 177|0x000000008b100000, 0x000000008b200000, 0x000000008b200000|100%| E|CS|TAMS 0x000000008b100000, 0x000000008b100000| Complete 
| 178|0x000000008b200000, 0x000000008b300000, 0x000000008b300000|100%| E|CS|TAMS 0x000000008b200000, 0x000000008b200000| Complete 
| 179|0x000000008b300000, 0x000000008b400000, 0x000000008b400000|100%| E|CS|TAMS 0x000000008b300000, 0x000000008b300000| Complete 
| 180|0x000000008b400000, 0x000000008b500000, 0x000000008b500000|100%| E|CS|TAMS 0x000000008b400000, 0x000000008b400000| Complete 
| 181|0x000000008b500000, 0x000000008b600000, 0x000000008b600000|100%| E|CS|TAMS 0x000000008b500000, 0x000000008b500000| Complete 
| 182|0x000000008b600000, 0x000000008b700000, 0x000000008b700000|100%| E|CS|TAMS 0x000000008b600000, 0x000000008b600000| Complete 
| 183|0x000000008b700000, 0x000000008b800000, 0x000000008b800000|100%| E|CS|TAMS 0x000000008b700000, 0x000000008b700000| Complete 
| 184|0x000000008b800000, 0x000000008b900000, 0x000000008b900000|100%| E|CS|TAMS 0x000000008b800000, 0x000000008b800000| Complete 
| 185|0x000000008b900000, 0x000000008ba00000, 0x000000008ba00000|100%| E|CS|TAMS 0x000000008b900000, 0x000000008b900000| Complete 
| 186|0x000000008ba00000, 0x000000008bb00000, 0x000000008bb00000|100%| E|CS|TAMS 0x000000008ba00000, 0x000000008ba00000| Complete 
| 187|0x000000008bb00000, 0x000000008bc00000, 0x000000008bc00000|100%| E|CS|TAMS 0x000000008bb00000, 0x000000008bb00000| Complete 
| 188|0x000000008bc00000, 0x000000008bd00000, 0x000000008bd00000|100%| E|CS|TAMS 0x000000008bc00000, 0x000000008bc00000| Complete 
| 189|0x000000008bd00000, 0x000000008be00000, 0x000000008be00000|100%| E|CS|TAMS 0x000000008bd00000, 0x000000008bd00000| Complete 
| 190|0x000000008be00000, 0x000000008bf00000, 0x000000008bf00000|100%| E|CS|TAMS 0x000000008be00000, 0x000000008be00000| Complete 
| 191|0x000000008bf00000, 0x000000008c000000, 0x000000008c000000|100%| E|CS|TAMS 0x000000008bf00000, 0x000000008bf00000| Complete 
| 192|0x000000008c000000, 0x000000008c100000, 0x000000008c100000|100%| E|CS|TAMS 0x000000008c000000, 0x000000008c000000| Complete 
| 193|0x000000008c100000, 0x000000008c200000, 0x000000008c200000|100%| E|CS|TAMS 0x000000008c100000, 0x000000008c100000| Complete 
| 194|0x000000008c200000, 0x000000008c300000, 0x000000008c300000|100%| E|CS|TAMS 0x000000008c200000, 0x000000008c200000| Complete 
| 195|0x000000008c300000, 0x000000008c400000, 0x000000008c400000|100%| E|CS|TAMS 0x000000008c300000, 0x000000008c300000| Complete 
| 196|0x000000008c400000, 0x000000008c500000, 0x000000008c500000|100%| E|CS|TAMS 0x000000008c400000, 0x000000008c400000| Complete 
| 197|0x000000008c500000, 0x000000008c600000, 0x000000008c600000|100%| E|CS|TAMS 0x000000008c500000, 0x000000008c500000| Complete 
| 198|0x000000008c600000, 0x000000008c700000, 0x000000008c700000|100%| E|CS|TAMS 0x000000008c600000, 0x000000008c600000| Complete 
| 199|0x000000008c700000, 0x000000008c800000, 0x000000008c800000|100%| E|CS|TAMS 0x000000008c700000, 0x000000008c700000| Complete 
| 200|0x000000008c800000, 0x000000008c900000, 0x000000008c900000|100%| E|CS|TAMS 0x000000008c800000, 0x000000008c800000| Complete 
| 201|0x000000008c900000, 0x000000008ca00000, 0x000000008ca00000|100%| E|CS|TAMS 0x000000008c900000, 0x000000008c900000| Complete 
| 202|0x000000008ca00000, 0x000000008cb00000, 0x000000008cb00000|100%| E|CS|TAMS 0x000000008ca00000, 0x000000008ca00000| Complete 
| 203|0x000000008cb00000, 0x000000008cc00000, 0x000000008cc00000|100%| E|CS|TAMS 0x000000008cb00000, 0x000000008cb00000| Complete 
| 204|0x000000008cc00000, 0x000000008cd00000, 0x000000008cd00000|100%| E|CS|TAMS 0x000000008cc00000, 0x000000008cc00000| Complete 
| 205|0x000000008cd00000, 0x000000008ce00000, 0x000000008ce00000|100%| E|CS|TAMS 0x000000008cd00000, 0x000000008cd00000| Complete 
| 206|0x000000008ce00000, 0x000000008cf00000, 0x000000008cf00000|100%| E|CS|TAMS 0x000000008ce00000, 0x000000008ce00000| Complete 
| 207|0x000000008cf00000, 0x000000008d000000, 0x000000008d000000|100%| E|CS|TAMS 0x000000008cf00000, 0x000000008cf00000| Complete 
| 208|0x000000008d000000, 0x000000008d100000, 0x000000008d100000|100%| E|CS|TAMS 0x000000008d000000, 0x000000008d000000| Complete 
| 209|0x000000008d100000, 0x000000008d200000, 0x000000008d200000|100%| E|CS|TAMS 0x000000008d100000, 0x000000008d100000| Complete 
| 210|0x000000008d200000, 0x000000008d300000, 0x000000008d300000|100%| E|CS|TAMS 0x000000008d200000, 0x000000008d200000| Complete 
| 211|0x000000008d300000, 0x000000008d400000, 0x000000008d400000|100%| E|CS|TAMS 0x000000008d300000, 0x000000008d300000| Complete 
| 212|0x000000008d400000, 0x000000008d500000, 0x000000008d500000|100%| E|CS|TAMS 0x000000008d400000, 0x000000008d400000| Complete 
| 213|0x000000008d500000, 0x000000008d600000, 0x000000008d600000|100%| E|CS|TAMS 0x000000008d500000, 0x000000008d500000| Complete 
| 214|0x000000008d600000, 0x000000008d700000, 0x000000008d700000|100%| E|CS|TAMS 0x000000008d600000, 0x000000008d600000| Complete 
| 215|0x000000008d700000, 0x000000008d800000, 0x000000008d800000|100%| E|CS|TAMS 0x000000008d700000, 0x000000008d700000| Complete 
| 216|0x000000008d800000, 0x000000008d900000, 0x000000008d900000|100%| E|CS|TAMS 0x000000008d800000, 0x000000008d800000| Complete 
| 217|0x000000008d900000, 0x000000008da00000, 0x000000008da00000|100%| E|CS|TAMS 0x000000008d900000, 0x000000008d900000| Complete 
| 218|0x000000008da00000, 0x000000008db00000, 0x000000008db00000|100%| E|CS|TAMS 0x000000008da00000, 0x000000008da00000| Complete 
| 219|0x000000008db00000, 0x000000008dc00000, 0x000000008dc00000|100%| E|CS|TAMS 0x000000008db00000, 0x000000008db00000| Complete 
| 220|0x000000008dc00000, 0x000000008dd00000, 0x000000008dd00000|100%| E|CS|TAMS 0x000000008dc00000, 0x000000008dc00000| Complete 
| 221|0x000000008dd00000, 0x000000008de00000, 0x000000008de00000|100%| E|CS|TAMS 0x000000008dd00000, 0x000000008dd00000| Complete 

Card table byte_map: [0x0000018ee1830000,0x0000018ee1c30000] _byte_map_base: 0x0000018ee1430000

Marking Bits (Prev, Next): (CMBitMap*) 0x0000018ece422098, (CMBitMap*) 0x0000018ece4220d0
 Prev Bits: [0x0000018ee2030000, 0x0000018ee4030000)
 Next Bits: [0x0000018ee4030000, 0x0000018ee6030000)

Polling page: 0x0000018ecc350000

Metaspace:

Usage:
  Non-class:     35.58 MB capacity,    34.95 MB ( 98%) used,   539.97 KB (  1%) free+waste,    99.38 KB ( <1%) overhead. 
      Class:      5.52 MB capacity,     5.15 MB ( 93%) used,   327.75 KB (  6%) free+waste,    48.06 KB ( <1%) overhead. 
       Both:     41.09 MB capacity,    40.10 MB ( 98%) used,   867.72 KB (  2%) free+waste,   147.44 KB ( <1%) overhead. 

Virtual space:
  Non-class space:       36.00 MB reserved,      35.75 MB (>99%) committed 
      Class space:        1.00 GB reserved,       5.63 MB ( <1%) committed 
             Both:        1.04 GB reserved,      41.38 MB (  4%) committed 

Chunk freelists:
   Non-Class:  51.00 KB
       Class:  16.00 KB
        Both:  67.00 KB

MaxMetaspaceSize: 17179869184.00 GB
CompressedClassSpaceSize: 1.00 GB

CodeHeap 'non-profiled nmethods': size=120000Kb used=1998Kb max_used=1998Kb free=118001Kb
 bounds [0x0000018ed99a0000, 0x0000018ed9c10000, 0x0000018ee0ed0000]
CodeHeap 'profiled nmethods': size=120000Kb used=7479Kb max_used=7479Kb free=112520Kb
 bounds [0x0000018ed2470000, 0x0000018ed2bc0000, 0x0000018ed99a0000]
CodeHeap 'non-nmethods': size=5760Kb used=2207Kb max_used=2255Kb free=3552Kb
 bounds [0x0000018ed1ed0000, 0x0000018ed2140000, 0x0000018ed2470000]
 total_blobs=4412 nmethods=3637 adapters=686
 compilation: enabled
              stopped_count=0, restarted_count=0
 full_count=0

Compilation events (20 events):
Event: 4.520 Thread 0x0000018ee9571000 nmethod 3604 0x0000018ed2ba0910 code [0x0000018ed2ba0ba0, 0x0000018ed2ba1918]
Event: 4.520 Thread 0x0000018ee9571000 3605       3       java.util.ArrayDeque::isEmpty (17 bytes)
Event: 4.520 Thread 0x0000018ee9571000 nmethod 3605 0x0000018ed2ba1d10 code [0x0000018ed2ba1ec0, 0x0000018ed2ba2018]
Event: 4.522 Thread 0x0000018ee9571000 3607       3       java.lang.ThreadLocal$ThreadLocalMap::set (136 bytes)
Event: 4.523 Thread 0x0000018ee9571000 nmethod 3607 0x0000018ed2ba2090 code [0x0000018ed2ba2300, 0x0000018ed2ba2e88]
Event: 4.546 Thread 0x0000018ee9571000 3612       1       org.slf4j.impl.StaticLoggerBinder::getLoggerFactory (5 bytes)
Event: 4.546 Thread 0x0000018ee9571000 nmethod 3612 0x0000018ed9b8c190 code [0x0000018ed9b8c340, 0x0000018ed9b8c3f8]
Event: 4.548 Thread 0x0000018eec5fc800 3613       4       sun.security.provider.SHA2::lf_sigma1 (21 bytes)
Event: 4.549 Thread 0x0000018eec5fc800 nmethod 3613 0x0000018ed9b8c490 code [0x0000018ed9b8c620, 0x0000018ed9b8c678]
Event: 4.559 Thread 0x0000018ee9571000 3614       3       java.lang.AbstractStringBuilder::append (67 bytes)
Event: 4.559 Thread 0x0000018eec5fc800 3616       4       org.objectweb.asm.Frame::push (109 bytes)
Event: 4.559 Thread 0x0000018ee9571000 nmethod 3614 0x0000018ed2ba3290 code [0x0000018ed2ba34a0, 0x0000018ed2ba3988]
Event: 4.559 Thread 0x0000018ee9571000 3615       3       java.lang.AbstractStringBuilder::getBytes (44 bytes)
Event: 4.559 Thread 0x0000018ee9571000 nmethod 3615 0x0000018ed2ba3b10 code [0x0000018ed2ba3ce0, 0x0000018ed2ba3fb8]
Event: 4.559 Thread 0x0000018ee9571000 3617       1       com.google.common.collect.LinkedHashMultimap$ValueSet::access$000 (5 bytes)
Event: 4.559 Thread 0x0000018ee9571000 nmethod 3617 0x0000018ed9b8c710 code [0x0000018ed9b8c8c0, 0x0000018ed9b8c958]
Event: 4.561 Thread 0x0000018ee9571000 3618       1       com.google.common.collect.RegularImmutableSet::size (5 bytes)
Event: 4.561 Thread 0x0000018ee9571000 nmethod 3618 0x0000018ed9b8ca10 code [0x0000018ed9b8cbc0, 0x0000018ed9b8cc78]
Event: 4.564 Thread 0x0000018eeac1e800 nmethod 3597 0x0000018ed9b8cd10 code [0x0000018ed9b8cfa0, 0x0000018ed9b8fe78]
Event: 4.565 Thread 0x0000018eec5fc800 nmethod 3616 0x0000018ed9b91490 code [0x0000018ed9b91640, 0x0000018ed9b91c38]

GC Heap History (8 events):
Event: 0.775 GC heap before
{Heap before GC invocations=0 (full 0):
 garbage-first heap   total 227328K, used 29696K [0x0000000080000000, 0x0000000100000000)
  region size 1024K, 24 young (24576K), 0 survivors (0K)
 Metaspace       used 10160K, capacity 10403K, committed 10624K, reserved 1058816K
  class space    used 1059K, capacity 1106K, committed 1152K, reserved 1048576K
}
Event: 0.780 GC heap after
{Heap after GC invocations=1 (full 0):
 garbage-first heap   total 227328K, used 9182K [0x0000000080000000, 0x0000000100000000)
  region size 1024K, 3 young (3072K), 3 survivors (3072K)
 Metaspace       used 10160K, capacity 10403K, committed 10624K, reserved 1058816K
  class space    used 1059K, capacity 1106K, committed 1152K, reserved 1048576K
}
Event: 2.537 GC heap before
{Heap before GC invocations=1 (full 0):
 garbage-first heap   total 227328K, used 105438K [0x0000000080000000, 0x0000000100000000)
  region size 1024K, 98 young (100352K), 3 survivors (3072K)
 Metaspace       used 20559K, capacity 21103K, committed 21248K, reserved 1067008K
  class space    used 2511K, capacity 2701K, committed 2816K, reserved 1048576K
}
Event: 2.544 GC heap after
{Heap after GC invocations=2 (full 0):
 garbage-first heap   total 227328K, used 16737K [0x0000000080000000, 0x0000000100000000)
  region size 1024K, 11 young (11264K), 11 survivors (11264K)
 Metaspace       used 20559K, capacity 21103K, committed 21248K, reserved 1067008K
  class space    used 2511K, capacity 2701K, committed 2816K, reserved 1048576K
}
Event: 2.913 GC heap before
{Heap before GC invocations=3 (full 0):
 garbage-first heap   total 227328K, used 60769K [0x0000000080000000, 0x0000000100000000)
  region size 1024K, 54 young (55296K), 11 survivors (11264K)
 Metaspace       used 24994K, capacity 25588K, committed 25728K, reserved 1071104K
  class space    used 3234K, capacity 3434K, committed 3456K, reserved 1048576K
}
Event: 2.920 GC heap after
{Heap after GC invocations=4 (full 0):
 garbage-first heap   total 227328K, used 18428K [0x0000000080000000, 0x0000000100000000)
  region size 1024K, 2 young (2048K), 2 survivors (2048K)
 Metaspace       used 24994K, capacity 25588K, committed 25728K, reserved 1071104K
  class space    used 3234K, capacity 3434K, committed 3456K, reserved 1048576K
}
Event: 3.962 GC heap before
{Heap before GC invocations=4 (full 0):
 garbage-first heap   total 227328K, used 106492K [0x0000000080000000, 0x0000000100000000)
  region size 1024K, 79 young (80896K), 2 survivors (2048K)
 Metaspace       used 34854K, capacity 35735K, committed 35840K, reserved 1081344K
  class space    used 4554K, capacity 4899K, committed 4992K, reserved 1048576K
}
Event: 3.971 GC heap after
{Heap after GC invocations=5 (full 0):
 garbage-first heap   total 227328K, used 34954K [0x0000000080000000, 0x0000000100000000)
  region size 1024K, 9 young (9216K), 9 survivors (9216K)
 Metaspace       used 34854K, capacity 35735K, committed 35840K, reserved 1081344K
  class space    used 4554K, capacity 4899K, committed 4992K, reserved 1048576K
}

Deoptimization events (20 events):
Event: 4.308 Thread 0x0000018eeb5f3000 DEOPT PACKING pc=0x0000018ed9b4e1b4 sp=0x00000005a9ef8670
Event: 4.308 Thread 0x0000018eeb5f3000 DEOPT UNPACKING pc=0x0000018ed1ef78af sp=0x00000005a9ef85a0 mode 2
Event: 4.308 Thread 0x0000018eeb5f3000 Uncommon trap: trap_request=0xffffffde fr.pc=0x0000018ed9b4e1b4 relative=0x00000000000006f4
Event: 4.308 Thread 0x0000018eeb5f3000 Uncommon trap: reason=class_check action=maybe_recompile pc=0x0000018ed9b4e1b4 method=java.util.regex.Pattern$Start.match(Ljava/util/regex/Matcher;ILjava/lang/CharSequence;)Z @ 44 c2
Event: 4.308 Thread 0x0000018eeb5f3000 DEOPT PACKING pc=0x0000018ed9b4e1b4 sp=0x00000005a9ef8670
Event: 4.308 Thread 0x0000018eeb5f3000 DEOPT UNPACKING pc=0x0000018ed1ef78af sp=0x00000005a9ef85a0 mode 2
Event: 4.309 Thread 0x0000018eeb5f3000 Uncommon trap: trap_request=0xffffffde fr.pc=0x0000018ed9b4f0c4 relative=0x00000000000002e4
Event: 4.309 Thread 0x0000018eeb5f3000 Uncommon trap: reason=class_check action=maybe_recompile pc=0x0000018ed9b4f0c4 method=java.util.regex.Pattern$Start.match(Ljava/util/regex/Matcher;ILjava/lang/CharSequence;)Z @ 44 c2
Event: 4.309 Thread 0x0000018eeb5f3000 DEOPT PACKING pc=0x0000018ed9b4f0c4 sp=0x00000005a9ef85d0
Event: 4.309 Thread 0x0000018eeb5f3000 DEOPT UNPACKING pc=0x0000018ed1ef78af sp=0x00000005a9ef8590 mode 2
Event: 4.317 Thread 0x0000018eeb5f3000 Uncommon trap: trap_request=0xffffffbe fr.pc=0x0000018ed9b40dcc relative=0x000000000000016c
Event: 4.317 Thread 0x0000018eeb5f3000 Uncommon trap: reason=profile_predicate action=maybe_recompile pc=0x0000018ed9b40dcc method=java.util.AbstractCollection.addAll(Ljava/util/Collection;)Z @ 15 c2
Event: 4.317 Thread 0x0000018eeb5f3000 DEOPT PACKING pc=0x0000018ed9b40dcc sp=0x00000005a9efa620
Event: 4.317 Thread 0x0000018eeb5f3000 DEOPT UNPACKING pc=0x0000018ed1ef78af sp=0x00000005a9efa5b8 mode 2
Event: 4.427 Thread 0x0000018eeb5f3000 DEOPT PACKING pc=0x0000018ed28f67f6 sp=0x00000005a9ef7760
Event: 4.428 Thread 0x0000018eeb5f3000 DEOPT UNPACKING pc=0x0000018ed1ef76ce sp=0x00000005a9ef6c80 mode 0
Event: 4.508 Thread 0x0000018eec508000 Uncommon trap: trap_request=0xffffffde fr.pc=0x0000018ed9b50bc4 relative=0x0000000000000544
Event: 4.508 Thread 0x0000018eec508000 Uncommon trap: reason=class_check action=maybe_recompile pc=0x0000018ed9b50bc4 method=java.util.stream.ReferencePipeline.forEachWithCancel(Ljava/util/Spliterator;Ljava/util/stream/Sink;)Z @ 1 c2
Event: 4.508 Thread 0x0000018eec508000 DEOPT PACKING pc=0x0000018ed9b50bc4 sp=0x00000005a9afe520
Event: 4.508 Thread 0x0000018eec508000 DEOPT UNPACKING pc=0x0000018ed1ef78af sp=0x00000005a9afe4c0 mode 2

Classes redefined (0 events):
No events

Internal exceptions (20 events):
Event: 4.266 Thread 0x0000018eeb5f3000 Exception <a 'java/lang/ClassNotFoundException'{0x000000008bd039a0}: org/gradle/groovy/scripts/DefaultScriptCustomizer> (0x000000008bd039a0) thrown at [./src/hotspot/share/classfile/systemDictionary.cpp, line 231]
Event: 4.271 Thread 0x0000018eeb5f3000 Exception <a 'java/lang/ClassNotFoundException'{0x000000008bd4f938}: org/gradle/initialization/InitScriptCustomizer> (0x000000008bd4f938) thrown at [./src/hotspot/share/classfile/systemDictionary.cpp, line 231]
Event: 4.271 Thread 0x0000018eeb5f3000 Exception <a 'java/lang/ClassNotFoundException'{0x000000008bd64870}: sync_studio_tooling5_zmw9nq4kb4csou2967yib65mCustomizer> (0x000000008bd64870) thrown at [./src/hotspot/share/classfile/systemDictionary.cpp, line 231]
Event: 4.286 Thread 0x0000018eeb5f3000 Exception <a 'java/lang/ClassNotFoundException'{0x000000008bc46e10}: org/gradle/internal/extensibility/DefaultExtraPropertiesExtensionBeanInfo> (0x000000008bc46e10) thrown at [./src/hotspot/share/classfile/systemDictionary.cpp, line 231]
Event: 4.286 Thread 0x0000018eeb5f3000 Exception <a 'java/lang/ClassNotFoundException'{0x000000008bc60870}: org/gradle/internal/extensibility/DefaultExtraPropertiesExtensionCustomizer> (0x000000008bc60870) thrown at [./src/hotspot/share/classfile/systemDictionary.cpp, line 231]
Event: 4.305 Thread 0x0000018eeb5f3000 Exception <a 'java/lang/ClassNotFoundException'{0x000000008bb657e8}: groovy/lang/Closure$1BeanInfo> (0x000000008bb657e8) thrown at [./src/hotspot/share/classfile/systemDictionary.cpp, line 231]
Event: 4.306 Thread 0x0000018eeb5f3000 Exception <a 'java/lang/ClassNotFoundException'{0x000000008bb998c8}: groovy/lang/ClosureBeanInfo> (0x000000008bb998c8) thrown at [./src/hotspot/share/classfile/systemDictionary.cpp, line 231]
Event: 4.307 Thread 0x0000018eeb5f3000 Exception <a 'java/lang/ClassNotFoundException'{0x000000008bbcd2a0}: groovy/lang/ClosureCustomizer> (0x000000008bbcd2a0) thrown at [./src/hotspot/share/classfile/systemDictionary.cpp, line 231]
Event: 4.310 Thread 0x0000018eeb5f3000 Exception <a 'java/lang/ClassNotFoundException'{0x000000008ba23b38}: groovy/lang/Closure$1Customizer> (0x000000008ba23b38) thrown at [./src/hotspot/share/classfile/systemDictionary.cpp, line 231]
Event: 4.383 Thread 0x0000018eeb5f3000 Exception <a 'java/lang/ClassNotFoundException'{0x000000008b7625a0}: org/gradle/internal/metaobject/ConfigureDelegateBeanInfo> (0x000000008b7625a0) thrown at [./src/hotspot/share/classfile/systemDictionary.cpp, line 231]
Event: 4.384 Thread 0x0000018eeb5f3000 Exception <a 'java/lang/ClassNotFoundException'{0x000000008b786348}: org/gradle/internal/metaobject/ConfigureDelegateCustomizer> (0x000000008b786348) thrown at [./src/hotspot/share/classfile/systemDictionary.cpp, line 231]
Event: 4.391 Thread 0x0000018eeb5f3000 Exception <a 'java/lang/ClassNotFoundException'{0x000000008b7f9b80}: org/gradle/api/internal/initialization/DefaultScriptHandlerBeanInfo> (0x000000008b7f9b80) thrown at [./src/hotspot/share/classfile/systemDictionary.cpp, line 231]
Event: 4.392 Thread 0x0000018eeb5f3000 Exception <a 'java/lang/ClassNotFoundException'{0x000000008b622028}: org/gradle/api/internal/initialization/DefaultScriptHandlerCustomizer> (0x000000008b622028) thrown at [./src/hotspot/share/classfile/systemDictionary.cpp, line 231]
Event: 4.490 Thread 0x0000018eeb5f3000 Exception <a 'java/lang/ClassNotFoundException'{0x000000008ae9a860}: org/gradle/api/internal/artifacts/dsl/dependencies/DefaultDependencyHandler_DecoratedBeanInfo> (0x000000008ae9a860) thrown at [./src/hotspot/share/classfile/systemDictionary.cpp, line 231]
Event: 4.490 Thread 0x0000018eeb5f3000 Exception <a 'java/lang/ClassNotFoundException'{0x000000008aed6df8}: org/gradle/api/internal/artifacts/dsl/dependencies/DefaultDependencyHandlerBeanInfo> (0x000000008aed6df8) thrown at [./src/hotspot/share/classfile/systemDictionary.cpp, line 231]
Event: 4.491 Thread 0x0000018eeb5f3000 Exception <a 'java/lang/ClassNotFoundException'{0x000000008ad13828}: org/gradle/api/internal/artifacts/dsl/dependencies/DefaultDependencyHandlerCustomizer> (0x000000008ad13828) thrown at [./src/hotspot/share/classfile/systemDictionary.cpp, line 231]
Event: 4.496 Thread 0x0000018eeb5f3000 Exception <a 'java/lang/ClassNotFoundException'{0x000000008ad79460}: org/gradle/api/internal/artifacts/dsl/dependencies/DefaultDependencyHandler_DecoratedCustomizer> (0x000000008ad79460) thrown at [./src/hotspot/share/classfile/systemDictionary.cpp, line 231]
Event: 4.510 Thread 0x0000018eeb5f3000 Exception <a 'java/lang/NoSuchMethodError'{0x000000008ac5b2b0}: 'int java.lang.invoke.DirectMethodHandle$Holder.invokeVirtual(java.lang.Object, java.lang.Object)'> (0x000000008ac5b2b0) thrown at [./src/hotspot/share/interpreter/linkResolver.cpp, line 773]
Event: 4.529 Thread 0x0000018eeb5f3000 Exception <a 'java/lang/NoSuchMethodError'{0x000000008abd6678}: 'java.lang.Object java.lang.invoke.DirectMethodHandle$Holder.invokeStatic(java.lang.Object, java.lang.Object, int, java.lang.Object)'> (0x000000008abd6678) thrown at [./src/hotspot/share/interpreter/linkResolver.cpp, line 773]
Event: 4.529 Thread 0x0000018eeb5f3000 Exception <a 'java/lang/NoSuchMethodError'{0x000000008abdd668}: 'java.lang.Object java.lang.invoke.Invokers$Holder.linkToTargetMethod(java.lang.Object, int, java.lang.Object, java.lang.Object)'> (0x000000008abdd668) thrown at [./src/hotspot/share/interpreter/linkResolver.cpp, line 773]

Events (20 events):
Event: 4.558 loading class org/gradle/api/artifacts/ComponentVariantIdentifier
Event: 4.558 loading class org/gradle/api/artifacts/ComponentVariantIdentifier done
Event: 4.558 loading class org/gradle/api/internal/artifacts/ivyservice/resolveengine/graph/conflicts/UpgradeCapabilityResolver
Event: 4.558 loading class org/gradle/api/internal/artifacts/ivyservice/resolveengine/graph/conflicts/UpgradeCapabilityResolver done
Event: 4.560 loading class org/gradle/api/internal/artifacts/ivyservice/resolutionstrategy/DefaultResolutionStrategy
Event: 4.560 loading class org/gradle/api/internal/artifacts/ivyservice/resolutionstrategy/DefaultResolutionStrategy done
Event: 4.561 loading class org/gradle/api/artifacts/ComponentSelectionRules
Event: 4.561 loading class org/gradle/api/artifacts/ComponentSelectionRules done
Event: 4.562 loading class org/gradle/api/internal/artifacts/ComponentSelectionRulesInternal
Event: 4.562 loading class org/gradle/api/internal/artifacts/ComponentSelectionRulesInternal done
Event: 4.563 loading class org/gradle/api/internal/artifacts/ivyservice/resolutionstrategy/DefaultCachePolicy
Event: 4.563 loading class org/gradle/api/internal/artifacts/ivyservice/resolutionstrategy/DefaultCachePolicy done
Event: 4.564 loading class org/gradle/api/artifacts/ResolutionStrategy$SortOrder
Event: 4.564 loading class org/gradle/api/artifacts/ResolutionStrategy$SortOrder done
Event: 4.565 loading class org/gradle/api/internal/artifacts/configurations/ConflictResolution
Event: 4.565 loading class org/gradle/api/internal/artifacts/configurations/ConflictResolution done
Event: 4.566 loading class org/gradle/api/internal/artifacts/ivyservice/resolutionstrategy/DefaultComponentSelectionRules
Event: 4.566 loading class org/gradle/api/internal/artifacts/ivyservice/resolutionstrategy/DefaultComponentSelectionRules done
Event: 4.567 loading class org/gradle/api/artifacts/DependencySubstitution
Event: 4.567 loading class org/gradle/api/artifacts/DependencySubstitution done


Dynamic libraries:
0x00007ff6bd2a0000 - 0x00007ff6bd2aa000 	F:\progame\Android\jre\bin\java.exe
0x00007ffe4d700000 - 0x00007ffe4d909000 	C:\WINDOWS\SYSTEM32\ntdll.dll
0x00007ffe4cc90000 - 0x00007ffe4cd4d000 	C:\WINDOWS\System32\KERNEL32.DLL
0x00007ffe4aee0000 - 0x00007ffe4b254000 	C:\WINDOWS\System32\KERNELBASE.dll
0x00007ffe4b310000 - 0x00007ffe4b421000 	C:\WINDOWS\System32\ucrtbase.dll
0x00007ffe412d0000 - 0x00007ffe412e9000 	F:\progame\Android\jre\bin\jli.dll
0x00007ffe410d0000 - 0x00007ffe410e7000 	F:\progame\Android\jre\bin\VCRUNTIME140.dll
0x00007ffe4b600000 - 0x00007ffe4b7ac000 	C:\WINDOWS\System32\USER32.dll
0x00007ffe4b260000 - 0x00007ffe4b286000 	C:\WINDOWS\System32\win32u.dll
0x00007ffe4b5a0000 - 0x00007ffe4b5c9000 	C:\WINDOWS\System32\GDI32.dll
0x00007ffe39740000 - 0x00007ffe399e5000 	C:\WINDOWS\WinSxS\amd64_microsoft.windows.common-controls_6595b64144ccf1df_6.0.22000.120_none_9d947278b86cc467\COMCTL32.dll
0x00007ffe4c210000 - 0x00007ffe4c2b3000 	C:\WINDOWS\System32\msvcrt.dll
0x00007ffe4ac90000 - 0x00007ffe4ada2000 	C:\WINDOWS\System32\gdi32full.dll
0x00007ffe4abf0000 - 0x00007ffe4ac8d000 	C:\WINDOWS\System32\msvcp_win.dll
0x00007ffe4c7f0000 - 0x00007ffe4c821000 	C:\WINDOWS\System32\IMM32.DLL
0x00007ffe1ee00000 - 0x00007ffe1ee9d000 	F:\progame\Android\jre\bin\msvcp140.dll
0x00007ffe11d40000 - 0x00007ffe1280f000 	F:\progame\Android\jre\bin\server\jvm.dll
0x00007ffe4c610000 - 0x00007ffe4c6be000 	C:\WINDOWS\System32\ADVAPI32.dll
0x00007ffe4b8b0000 - 0x00007ffe4b94e000 	C:\WINDOWS\System32\sechost.dll
0x00007ffe4c0f0000 - 0x00007ffe4c210000 	C:\WINDOWS\System32\RPCRT4.dll
0x00007ffe4b8a0000 - 0x00007ffe4b8a8000 	C:\WINDOWS\System32\PSAPI.DLL
0x00007ffe0a410000 - 0x00007ffe0a419000 	C:\WINDOWS\SYSTEM32\WSOCK32.dll
0x00007ffe42240000 - 0x00007ffe4224a000 	C:\WINDOWS\SYSTEM32\VERSION.dll
0x00007ffe4c720000 - 0x00007ffe4c78f000 	C:\WINDOWS\System32\WS2_32.dll
0x00007ffe43de0000 - 0x00007ffe43e13000 	C:\WINDOWS\SYSTEM32\WINMM.dll
0x00007ffe49cf0000 - 0x00007ffe49d08000 	C:\WINDOWS\SYSTEM32\kernel.appcore.dll
0x00007ffe3ce90000 - 0x00007ffe3cea1000 	F:\progame\Android\jre\bin\verify.dll
0x00007ffe48780000 - 0x00007ffe489a1000 	C:\WINDOWS\SYSTEM32\DBGHELP.DLL
0x00007ffe34230000 - 0x00007ffe34261000 	C:\WINDOWS\SYSTEM32\dbgcore.DLL
0x00007ffe4b290000 - 0x00007ffe4b30f000 	C:\WINDOWS\System32\bcryptPrimitives.dll
0x00007ffe3ce60000 - 0x00007ffe3ce89000 	F:\progame\Android\jre\bin\java.dll
0x00007ffe466b0000 - 0x00007ffe466bb000 	F:\progame\Android\jre\bin\jimage.dll
0x00007ffe3ce40000 - 0x00007ffe3ce58000 	F:\progame\Android\jre\bin\zip.dll
0x00007ffe4cd50000 - 0x00007ffe4d4fe000 	C:\WINDOWS\System32\SHELL32.dll
0x00007ffe48d60000 - 0x00007ffe495c7000 	C:\WINDOWS\SYSTEM32\windows.storage.dll
0x00007ffe4c830000 - 0x00007ffe4cba8000 	C:\WINDOWS\System32\combase.dll
0x00007ffe48bf0000 - 0x00007ffe48d56000 	C:\WINDOWS\SYSTEM32\wintypes.dll
0x00007ffe4c3c0000 - 0x00007ffe4c4aa000 	C:\WINDOWS\System32\SHCORE.dll
0x00007ffe4c790000 - 0x00007ffe4c7ed000 	C:\WINDOWS\System32\shlwapi.dll
0x00007ffe4ab20000 - 0x00007ffe4ab41000 	C:\WINDOWS\SYSTEM32\profapi.dll
0x00007ffe39af0000 - 0x00007ffe39b0a000 	F:\progame\Android\jre\bin\net.dll
0x00007ffe442b0000 - 0x00007ffe443bc000 	C:\WINDOWS\SYSTEM32\WINHTTP.dll
0x00007ffe4a120000 - 0x00007ffe4a187000 	C:\WINDOWS\system32\mswsock.dll
0x00007ffe39a40000 - 0x00007ffe39a54000 	F:\progame\Android\jre\bin\nio.dll
0x00007ffe39aa0000 - 0x00007ffe39ac7000 	C:\Users\lenovo\.gradle\native\8bec1ad78214c89d9ad589b4d07fe93259594b29d510b10fafb7a158f7737e5d\windows-amd64\native-platform.dll
0x00007ffe18e00000 - 0x00007ffe18f3d000 	C:\Users\lenovo\.gradle\native\53dbd7edfb1c66fb8903c78663c9afc45aea4f116125fa6feffd364cf09443e8\windows-amd64\native-platform-file-events.dll
0x00007ffe465b0000 - 0x00007ffe465ba000 	F:\progame\Android\jre\bin\management.dll
0x00007ffe45390000 - 0x00007ffe4539c000 	F:\progame\Android\jre\bin\management_ext.dll
0x00007ffe4a360000 - 0x00007ffe4a378000 	C:\WINDOWS\SYSTEM32\CRYPTSP.dll
0x00007ffe49c50000 - 0x00007ffe49c85000 	C:\WINDOWS\system32\rsaenh.dll
0x00007ffe4a210000 - 0x00007ffe4a239000 	C:\WINDOWS\SYSTEM32\USERENV.dll
0x00007ffe4a4e0000 - 0x00007ffe4a507000 	C:\WINDOWS\SYSTEM32\bcrypt.dll
0x00007ffe4a380000 - 0x00007ffe4a38c000 	C:\WINDOWS\SYSTEM32\CRYPTBASE.dll
0x00007ffe49860000 - 0x00007ffe4988d000 	C:\WINDOWS\SYSTEM32\IPHLPAPI.DLL
0x00007ffe4c4b0000 - 0x00007ffe4c4b9000 	C:\WINDOWS\System32\NSI.dll
0x00007ffe44410000 - 0x00007ffe44429000 	C:\WINDOWS\SYSTEM32\dhcpcsvc6.DLL
0x00007ffe447f0000 - 0x00007ffe4480e000 	C:\WINDOWS\SYSTEM32\dhcpcsvc.DLL
0x00007ffe49890000 - 0x00007ffe49977000 	C:\WINDOWS\SYSTEM32\DNSAPI.dll

dbghelp: loaded successfully - version: 4.0.5 - missing functions: none
symbol engine: initialized successfully - sym options: 0x614 - pdb path: .;F:\progame\Android\jre\bin;C:\WINDOWS\SYSTEM32;C:\WINDOWS\WinSxS\amd64_microsoft.windows.common-controls_6595b64144ccf1df_6.0.22000.120_none_9d947278b86cc467;F:\progame\Android\jre\bin\server;C:\Users\lenovo\.gradle\native\8bec1ad78214c89d9ad589b4d07fe93259594b29d510b10fafb7a158f7737e5d\windows-amd64;C:\Users\lenovo\.gradle\native\53dbd7edfb1c66fb8903c78663c9afc45aea4f116125fa6feffd364cf09443e8\windows-amd64

VM Arguments:
jvm_args: --add-opens=java.base/java.util=ALL-UNNAMED --add-opens=java.base/java.lang=ALL-UNNAMED --add-opens=java.base/java.lang.invoke=ALL-UNNAMED --add-opens=java.base/java.util=ALL-UNNAMED --add-opens=java.prefs/java.util.prefs=ALL-UNNAMED --add-opens=java.prefs/java.util.prefs=ALL-UNNAMED --add-opens=java.base/java.nio.charset=ALL-UNNAMED --add-opens=java.base/java.net=ALL-UNNAMED --add-opens=java.base/java.util.concurrent.atomic=ALL-UNNAMED -Xmx2048m -Dfile.encoding=UTF-8 -Duser.country=CN -Duser.language=zh -Duser.variant 
java_command: org.gradle.launcher.daemon.bootstrap.GradleDaemon 7.0.2
java_class_path (initial): C:\Users\lenovo\.gradle\wrapper\dists\gradle-7.0.2-bin\857tjihv64xamwrf0h14cai3r\gradle-7.0.2\lib\gradle-launcher-7.0.2.jar
Launcher Type: SUN_STANDARD

[Global flags]
     intx CICompilerCount                          = 4                                         {product} {ergonomic}
     uint ConcGCThreads                            = 3                                         {product} {ergonomic}
     uint G1ConcRefinementThreads                  = 10                                        {product} {ergonomic}
   size_t G1HeapRegionSize                         = 1048576                                   {product} {ergonomic}
    uintx GCDrainStackTargetSize                   = 64                                        {product} {ergonomic}
   size_t InitialHeapSize                          = 232783872                                 {product} {ergonomic}
   size_t MarkStackSize                            = 4194304                                   {product} {ergonomic}
   size_t MaxHeapSize                              = 2147483648                                {product} {command line}
   size_t MaxNewSize                               = 1287651328                                {product} {ergonomic}
   size_t MinHeapDeltaBytes                        = 1048576                                   {product} {ergonomic}
    uintx NonNMethodCodeHeapSize                   = 5836300                                {pd product} {ergonomic}
    uintx NonProfiledCodeHeapSize                  = 122910970                              {pd product} {ergonomic}
    uintx ProfiledCodeHeapSize                     = 122910970                              {pd product} {ergonomic}
    uintx ReservedCodeCacheSize                    = 251658240                              {pd product} {ergonomic}
     bool SegmentedCodeCache                       = true                                      {product} {ergonomic}
     bool UseCompressedClassPointers               = true                                 {lp64_product} {ergonomic}
     bool UseCompressedOops                        = true                                 {lp64_product} {ergonomic}
     bool UseG1GC                                  = true                                      {product} {ergonomic}
     bool UseLargePagesIndividualAllocation        = false                                  {pd product} {ergonomic}

Logging:
Log output configuration:
 #0: stdout all=warning uptime,level,tags
 #1: stderr all=off uptime,level,tags

Environment Variables:
PATH=C:\Program Files\PlasticSCM5\server;C:\Program Files\PlasticSCM5\client;E:\新建文件夹\CodeBlocks\MinGW\bin;C:\P;ogram Files (x86)\Common Files\Oracle\Java\javapath;C:\WINDOWS\system32;C:\WINDOWS;C:\WINDOWS\System32\Wbem;C:\WINDOWS\System32\WindowsPowerShell\v1.0\;C:\WINDOWS\System32\OpenSSH\;F:\新建文件夹\Microsoft VS Code\bin;;E:\新建文件夹\Git\cmd;F:\;E:\Scripts\;E:\;C:\Users\lenovo\AppData\Local\Microsoft\WindowsApps;F:\新建文件夹\Microsoft VS Code\bin;E:\新建文件夹\CodeBlocks\MinGW\bin;C:\Users\lenovo\AppData\Local\GitHubDesktop\bin;C:\Users\lenovo\AppData\Roaming\npm;F:\node\node_modules;F:\node;
USERNAME=lenovo
OS=Windows_NT
PROCESSOR_IDENTIFIER=AMD64 Family 23 Model 96 Stepping 1, AuthenticAMD



---------------  S Y S T E M  ---------------

OS: Windows 10 , 64 bit Build 22000 (10.0.22000.434)
OS uptime: 8 days 20:18 hours

CPU:total 12 (initial active 12) (12 cores per cpu, 2 threads per core) family 23 model 96 stepping 1 microcode 0x0, cmov, cx8, fxsr, mmx, sse, sse2, sse3, ssse3, sse4.1, sse4.2, popcnt, avx, avx2, aes, clmul, mmxext, 3dnowpref, lzcnt, sse4a, ht, tsc, tscinvbit, tscinv, bmi1, bmi2, adx, 

Memory: 4k page, system-wide physical 14205M (5116M free)
TotalPageFile size 27005M (AvailPageFile size 4M)
current process WorkingSet (physical memory assigned to process): 303M, peak: 303M
current process commit charge ("private bytes"): 429M, peak: 430M

vm_info: OpenJDK 64-Bit Server VM (11.0.10+0-b96-7249189) for windows-amd64 JRE (11.0.10+0-b96-7249189), built on Mar 31 2021 21:44:00 by "builder" with MS VC++ 14.0 (VS2015)

END.
