#
# There is insufficient memory for the Java Runtime Environment to continue.
# Native memory allocation (malloc) failed to allocate 400256 bytes for Chunk::new
# Possible reasons:
#   The system is out of physical RAM or swap space
#   The process is running with CompressedOops enabled, and the Java Heap may be blocking the growth of the native heap
# Possible solutions:
#   Reduce memory load on the system
#   Increase physical memory or swap space
#   Check if swap backing store is full
#   Decrease Java heap size (-Xmx/-Xms)
#   Decrease number of Java threads
#   Decrease Java thread stack sizes (-Xss)
#   Set larger code cache with -XX:ReservedCodeCacheSize=
#   JVM is running with Unscaled Compressed Oops mode in which the Java heap is
#     placed in the first 4GB address space. The Java Heap base address is the
#     maximum limit for the native heap growth. Please use -XX:HeapBaseMinAddress
#     to set the Java Heap base and to place the Java Heap above 4GB virtual address.
# This output file may be truncated or incomplete.
#
#  Out of Memory Error (./src/hotspot/share/memory/arena.cpp:197), pid=79432, tid=78860
#
# JRE version: OpenJDK Runtime Environment (11.0.10) (build 11.0.10+0-b96-7249189)
# Java VM: OpenJDK 64-Bit Server VM (11.0.10+0-b96-7249189, mixed mode, tiered, compressed oops, g1 gc, windows-amd64)
# No core dump will be written. Minidumps are not enabled by default on client versions of Windows
#

---------------  S U M M A R Y ------------

Command Line: --add-opens=java.base/java.util=ALL-UNNAMED --add-opens=java.base/java.lang=ALL-UNNAMED --add-opens=java.base/java.lang.invoke=ALL-UNNAMED --add-opens=java.base/java.util=ALL-UNNAMED --add-opens=java.prefs/java.util.prefs=ALL-UNNAMED --add-opens=java.prefs/java.util.prefs=ALL-UNNAMED --add-opens=java.base/java.nio.charset=ALL-UNNAMED --add-opens=java.base/java.net=ALL-UNNAMED --add-opens=java.base/java.util.concurrent.atomic=ALL-UNNAMED -Xmx2048m -Dfile.encoding=UTF-8 -Duser.country=CN -Duser.language=zh -Duser.variant org.gradle.launcher.daemon.bootstrap.GradleDaemon 7.0.2

Host: AMD Ryzen 5 4600U with Radeon Graphics         , 12 cores, 13G,  Windows 10 , 64 bit Build 22000 (10.0.22000.434)
Time: Tue Mar  8 08:53:02 2022 中国标准时间 elapsed time: 6.781915 seconds (0d 0h 0m 6s)

---------------  T H R E A D  ---------------

Current thread (0x0000020aa1f91800):  JavaThread "C2 CompilerThread1" daemon [_thread_in_native, id=78860, stack(0x00000083d9100000,0x00000083d9200000)]


Current CompileTask:
C2:   6782 5996       4       groovyjarjarantlr4.v4.runtime.atn.PredictionContext::getCachedContext (297 bytes)

Stack: [0x00000083d9100000,0x00000083d9200000]
Native frames: (J=compiled Java code, j=interpreted, Vv=VM code, C=native code)
V  [jvm.dll+0x5ecfaa]
V  [jvm.dll+0x722bd5]
V  [jvm.dll+0x72412d]
V  [jvm.dll+0x7247e3]
V  [jvm.dll+0x242928]
V  [jvm.dll+0xbc4fc]
V  [jvm.dll+0xbca0c]
V  [jvm.dll+0xbc608]
V  [jvm.dll+0x648abc]
V  [jvm.dll+0x50d264]
V  [jvm.dll+0x515462]
V  [jvm.dll+0x502ada]
V  [jvm.dll+0x502e89]
V  [jvm.dll+0x4fec31]
V  [jvm.dll+0x4feafb]
V  [jvm.dll+0x4fea76]
V  [jvm.dll+0x4feb47]
V  [jvm.dll+0x4feb47]
V  [jvm.dll+0x4feb47]
V  [jvm.dll+0x4feb47]
V  [jvm.dll+0x4feb47]
V  [jvm.dll+0x4feb47]
V  [jvm.dll+0x4feb47]
V  [jvm.dll+0x4feb47]
V  [jvm.dll+0x4feb47]
V  [jvm.dll+0x4fea76]
V  [jvm.dll+0x4feb47]
V  [jvm.dll+0x4feb47]
V  [jvm.dll+0x4feb47]
V  [jvm.dll+0x4feb47]
V  [jvm.dll+0x4feb47]
V  [jvm.dll+0x4feb47]
V  [jvm.dll+0x4feb47]
V  [jvm.dll+0x4feb47]
V  [jvm.dll+0x4feb47]
V  [jvm.dll+0x5065f8]
V  [jvm.dll+0x203253]
V  [jvm.dll+0x1fd07c]
V  [jvm.dll+0x1fa77f]
V  [jvm.dll+0x18354c]
V  [jvm.dll+0x208ee7]
V  [jvm.dll+0x207731]
V  [jvm.dll+0x6eb1cf]
V  [jvm.dll+0x6e3d45]
V  [jvm.dll+0x5ebe96]
C  [ucrtbase.dll+0x26c0c]
C  [KERNEL32.DLL+0x154e0]
C  [ntdll.dll+0x485b]


---------------  P R O C E S S  ---------------

Threads class SMR info:
_java_thread_list=0x0000020aa4ea9b00, length=59, elements={
0x0000020a85dfd000, 0x0000020aa0f2d800, 0x0000020aa0f2e800, 0x0000020aa0fa1800,
0x0000020aa0fa2800, 0x0000020aa0fa4000, 0x0000020aa0fa7000, 0x0000020aa0faf000,
0x0000020aa0fb5000, 0x0000020aa113e800, 0x0000020aa291c000, 0x0000020aa2888800,
0x0000020aa1253000, 0x0000020aa3c1c800, 0x0000020aa35f2800, 0x0000020aa28ab800,
0x0000020aa1e95000, 0x0000020aa3244000, 0x0000020aa3568800, 0x0000020aa381f800,
0x0000020aa381d000, 0x0000020aa381d800, 0x0000020aa3821000, 0x0000020aa1f91800,
0x0000020aa381e800, 0x0000020aa381b000, 0x0000020aa381c000, 0x0000020aa3820000,
0x0000020aa3821800, 0x0000020aa64de800, 0x0000020aa64dd800, 0x0000020aa64e0000,
0x0000020aa64df800, 0x0000020aa64e1000, 0x0000020aa4993800, 0x0000020aa64dc000,
0x0000020aa64e2800, 0x0000020aa64e2000, 0x0000020aa64dd000, 0x0000020aa4807000,
0x0000020aa4802000, 0x0000020aa4806000, 0x0000020aa4807800, 0x0000020aa4804800,
0x0000020aa4808800, 0x0000020aa4803800, 0x0000020aa480d800, 0x0000020aa480e000,
0x0000020aa480f000, 0x0000020aa4810000, 0x0000020aa480a000, 0x0000020aa4810800,
0x0000020aa480b000, 0x0000020aa480b800, 0x0000020aa480c800, 0x0000020aa494c800,
0x0000020aa4953000, 0x0000020aa494e000, 0x0000020aa494f000
}

Java Threads: ( => current thread )
  0x0000020a85dfd000 JavaThread "main" [_thread_blocked, id=79216, stack(0x00000083d6800000,0x00000083d6900000)]
  0x0000020aa0f2d800 JavaThread "Reference Handler" daemon [_thread_blocked, id=24284, stack(0x00000083d6f00000,0x00000083d7000000)]
  0x0000020aa0f2e800 JavaThread "Finalizer" daemon [_thread_blocked, id=81248, stack(0x00000083d7000000,0x00000083d7100000)]
  0x0000020aa0fa1800 JavaThread "Signal Dispatcher" daemon [_thread_blocked, id=10624, stack(0x00000083d7100000,0x00000083d7200000)]
  0x0000020aa0fa2800 JavaThread "Attach Listener" daemon [_thread_blocked, id=57004, stack(0x00000083d7200000,0x00000083d7300000)]
  0x0000020aa0fa4000 JavaThread "Service Thread" daemon [_thread_blocked, id=79272, stack(0x00000083d7300000,0x00000083d7400000)]
  0x0000020aa0fa7000 JavaThread "C2 CompilerThread0" daemon [_thread_in_native, id=75972, stack(0x00000083d7400000,0x00000083d7500000)]
  0x0000020aa0faf000 JavaThread "C1 CompilerThread0" daemon [_thread_in_native, id=4420, stack(0x00000083d7500000,0x00000083d7600000)]
  0x0000020aa0fb5000 JavaThread "Sweeper thread" daemon [_thread_blocked, id=67524, stack(0x00000083d7600000,0x00000083d7700000)]
  0x0000020aa113e800 JavaThread "Common-Cleaner" daemon [_thread_blocked, id=80072, stack(0x00000083d7700000,0x00000083d7800000)]
  0x0000020aa291c000 JavaThread "Daemon health stats" [_thread_blocked, id=74116, stack(0x00000083d7f00000,0x00000083d8000000)]
  0x0000020aa2888800 JavaThread "Incoming local TCP Connector on port 63535" [_thread_in_native, id=36704, stack(0x00000083d7900000,0x00000083d7a00000)]
  0x0000020aa1253000 JavaThread "Daemon periodic checks" [_thread_blocked, id=65648, stack(0x00000083d7e00000,0x00000083d7f00000)]
  0x0000020aa3c1c800 JavaThread "Daemon" [_thread_blocked, id=76368, stack(0x00000083d8000000,0x00000083d8100000)]
  0x0000020aa35f2800 JavaThread "Handler for socket connection from /127.0.0.1:63535 to /127.0.0.1:63536" [_thread_in_native, id=78024, stack(0x00000083d8100000,0x00000083d8200000)]
  0x0000020aa28ab800 JavaThread "Cancel handler" [_thread_blocked, id=81128, stack(0x00000083d8200000,0x00000083d8300000)]
  0x0000020aa1e95000 JavaThread "Daemon worker" [_thread_in_Java, id=74052, stack(0x00000083d8300000,0x00000083d8400000)]
  0x0000020aa3244000 JavaThread "Asynchronous log dispatcher for DefaultDaemonConnection: socket connection from /127.0.0.1:63535 to /127.0.0.1:63536" [_thread_blocked, id=73164, stack(0x00000083d8400000,0x00000083d8500000)]
  0x0000020aa3568800 JavaThread "Stdin handler" [_thread_blocked, id=62308, stack(0x00000083d8500000,0x00000083d8600000)]
  0x0000020aa381f800 JavaThread "Daemon client event forwarder" [_thread_blocked, id=78212, stack(0x00000083d8600000,0x00000083d8700000)]
  0x0000020aa381d000 JavaThread "Cache worker for file hash cache (C:\Users\lenovo\.gradle\caches\7.0.2\fileHashes)" [_thread_blocked, id=79420, stack(0x00000083d8700000,0x00000083d8800000)]
  0x0000020aa381d800 JavaThread "File lock request listener" [_thread_in_native, id=73512, stack(0x00000083d8800000,0x00000083d8900000)]
  0x0000020aa3821000 JavaThread "Cache worker for journal cache (C:\Users\lenovo\.gradle\caches\journal-1)" [_thread_blocked, id=36968, stack(0x00000083d9000000,0x00000083d9100000)]
=>0x0000020aa1f91800 JavaThread "C2 CompilerThread1" daemon [_thread_in_native, id=78860, stack(0x00000083d9100000,0x00000083d9200000)]
  0x0000020aa381e800 JavaThread "Cache worker for file hash cache (E:\Android_Homework_XHJ\FirstHomework\.gradle\7.0.2\fileHashes)" [_thread_blocked, id=73748, stack(0x00000083d9200000,0x00000083d9300000)]
  0x0000020aa381b000 JavaThread "File watcher server" daemon [_thread_in_native, id=80576, stack(0x00000083d9300000,0x00000083d9400000)]
  0x0000020aa381c000 JavaThread "File watcher consumer" daemon [_thread_blocked, id=62756, stack(0x00000083d9400000,0x00000083d9500000)]
  0x0000020aa3820000 JavaThread "jar transforms" [_thread_blocked, id=75504, stack(0x00000083d9500000,0x00000083d9600000)]
  0x0000020aa3821800 JavaThread "jar transforms Thread 2" [_thread_blocked, id=81340, stack(0x00000083d9600000,0x00000083d9700000)]
  0x0000020aa64de800 JavaThread "jar transforms Thread 3" [_thread_blocked, id=81028, stack(0x00000083d9700000,0x00000083d9800000)]
  0x0000020aa64dd800 JavaThread "jar transforms Thread 4" [_thread_blocked, id=76528, stack(0x00000083d9800000,0x00000083d9900000)]
  0x0000020aa64e0000 JavaThread "jar transforms Thread 5" [_thread_blocked, id=61328, stack(0x00000083d9900000,0x00000083d9a00000)]
  0x0000020aa64df800 JavaThread "jar transforms Thread 6" [_thread_blocked, id=75584, stack(0x00000083d9a00000,0x00000083d9b00000)]
  0x0000020aa64e1000 JavaThread "jar transforms Thread 7" [_thread_blocked, id=18796, stack(0x00000083d9b00000,0x00000083d9c00000)]
  0x0000020aa4993800 JavaThread "C2 CompilerThread2" daemon [_thread_in_native, id=78220, stack(0x00000083d9c00000,0x00000083d9d00000)]
  0x0000020aa64dc000 JavaThread "jar transforms Thread 8" [_thread_blocked, id=80612, stack(0x00000083d9d00000,0x00000083d9e00000)]
  0x0000020aa64e2800 JavaThread "jar transforms Thread 9" [_thread_blocked, id=65344, stack(0x00000083d9e00000,0x00000083d9f00000)]
  0x0000020aa64e2000 JavaThread "jar transforms Thread 10" [_thread_blocked, id=80916, stack(0x00000083d9f00000,0x00000083da000000)]
  0x0000020aa64dd000 JavaThread "jar transforms Thread 11" [_thread_blocked, id=76024, stack(0x00000083da000000,0x00000083da100000)]
  0x0000020aa4807000 JavaThread "jar transforms Thread 12" [_thread_blocked, id=81680, stack(0x00000083da100000,0x00000083da200000)]
  0x0000020aa4802000 JavaThread "Cache worker for checksums cache (E:\Android_Homework_XHJ\FirstHomework\.gradle\checksums)" [_thread_blocked, id=10992, stack(0x00000083da200000,0x00000083da300000)]
  0x0000020aa4806000 JavaThread "Cache worker for cache directory md-supplier (C:\Users\lenovo\.gradle\caches\7.0.2\md-supplier)" [_thread_blocked, id=81552, stack(0x00000083da300000,0x00000083da400000)]
  0x0000020aa4807800 JavaThread "Cache worker for cache directory md-rule (C:\Users\lenovo\.gradle\caches\7.0.2\md-rule)" [_thread_blocked, id=81380, stack(0x00000083da400000,0x00000083da500000)]
  0x0000020aa4804800 JavaThread "Cache worker for execution history cache (C:\Users\lenovo\.gradle\caches\7.0.2\executionHistory)" [_thread_blocked, id=79644, stack(0x00000083da500000,0x00000083da600000)]
  0x0000020aa4808800 JavaThread "Cache worker for file content cache (C:\Users\lenovo\.gradle\caches\7.0.2\fileContent)" [_thread_blocked, id=77408, stack(0x00000083da600000,0x00000083da700000)]
  0x0000020aa4803800 JavaThread "Cache worker for dependencies-accessors (E:\Android_Homework_XHJ\FirstHomework\.gradle\7.0.2\dependencies-accessors)" [_thread_blocked, id=67072, stack(0x00000083da700000,0x00000083da800000)]
  0x0000020aa480d800 JavaThread "Cache worker for Build Output Cleanup Cache (E:\Android_Homework_XHJ\FirstHomework\.gradle\buildOutputCleanup)" [_thread_blocked, id=80144, stack(0x00000083da800000,0x00000083da900000)]
  0x0000020aa480e000 JavaThread "Build operations" [_thread_blocked, id=53000, stack(0x00000083da900000,0x00000083daa00000)]
  0x0000020aa480f000 JavaThread "Build operations Thread 2" [_thread_blocked, id=76316, stack(0x00000083daa00000,0x00000083dab00000)]
  0x0000020aa4810000 JavaThread "Build operations Thread 3" [_thread_blocked, id=78724, stack(0x00000083dab00000,0x00000083dac00000)]
  0x0000020aa480a000 JavaThread "Build operations Thread 4" [_thread_blocked, id=80512, stack(0x00000083dac00000,0x00000083dad00000)]
  0x0000020aa4810800 JavaThread "Build operations Thread 5" [_thread_blocked, id=80668, stack(0x00000083dad00000,0x00000083dae00000)]
  0x0000020aa480b000 JavaThread "Build operations Thread 6" [_thread_blocked, id=75708, stack(0x00000083dae00000,0x00000083daf00000)]
  0x0000020aa480b800 JavaThread "Build operations Thread 7" [_thread_blocked, id=80420, stack(0x00000083daf00000,0x00000083db000000)]
  0x0000020aa480c800 JavaThread "Build operations Thread 8" [_thread_blocked, id=79992, stack(0x00000083db000000,0x00000083db100000)]
  0x0000020aa494c800 JavaThread "Build operations Thread 9" [_thread_blocked, id=21216, stack(0x00000083db100000,0x00000083db200000)]
  0x0000020aa4953000 JavaThread "Build operations Thread 10" [_thread_blocked, id=72532, stack(0x00000083db200000,0x00000083db300000)]
  0x0000020aa494e000 JavaThread "Build operations Thread 11" [_thread_blocked, id=79684, stack(0x00000083db300000,0x00000083db400000)]
  0x0000020aa494f000 JavaThread "Build operations Thread 12" [_thread_blocked, id=36260, stack(0x00000083db400000,0x00000083db500000)]

Other Threads:
  0x0000020aa0f28800 VMThread "VM Thread" [stack: 0x00000083d6e00000,0x00000083d6f00000] [id=75116]
  0x0000020aa1154800 WatcherThread [stack: 0x00000083d7800000,0x00000083d7900000] [id=81744]
  0x0000020a85e17800 GCTaskThread "GC Thread#0" [stack: 0x00000083d6900000,0x00000083d6a00000] [id=67852]
  0x0000020aa1a3e000 GCTaskThread "GC Thread#1" [stack: 0x00000083d7a00000,0x00000083d7b00000] [id=77936]
  0x0000020aa1534800 GCTaskThread "GC Thread#2" [stack: 0x00000083d7b00000,0x00000083d7c00000] [id=79704]
  0x0000020aa1535000 GCTaskThread "GC Thread#3" [stack: 0x00000083d7c00000,0x00000083d7d00000] [id=80532]
  0x0000020aa18c1800 GCTaskThread "GC Thread#4" [stack: 0x00000083d7d00000,0x00000083d7e00000] [id=81912]
  0x0000020aa2ff2000 GCTaskThread "GC Thread#5" [stack: 0x00000083d8900000,0x00000083d8a00000] [id=81220]
  0x0000020aa2ff2800 GCTaskThread "GC Thread#6" [stack: 0x00000083d8a00000,0x00000083d8b00000] [id=66704]
  0x0000020aa2ff4000 GCTaskThread "GC Thread#7" [stack: 0x00000083d8b00000,0x00000083d8c00000] [id=79228]
  0x0000020aa2ff3800 GCTaskThread "GC Thread#8" [stack: 0x00000083d8c00000,0x00000083d8d00000] [id=47984]
  0x0000020aa2ff1000 GCTaskThread "GC Thread#9" [stack: 0x00000083d8d00000,0x00000083d8e00000] [id=63756]
  0x0000020a85e48800 ConcurrentGCThread "G1 Main Marker" [stack: 0x00000083d6a00000,0x00000083d6b00000] [id=73528]
  0x0000020a85e4a000 ConcurrentGCThread "G1 Conc#0" [stack: 0x00000083d6b00000,0x00000083d6c00000] [id=79712]
  0x0000020aa35cf000 ConcurrentGCThread "G1 Conc#1" [stack: 0x00000083d8e00000,0x00000083d8f00000] [id=8348]
  0x0000020aa35d4000 ConcurrentGCThread "G1 Conc#2" [stack: 0x00000083d8f00000,0x00000083d9000000] [id=70932]
  0x0000020aa057a800 ConcurrentGCThread "G1 Refine#0" [stack: 0x00000083d6c00000,0x00000083d6d00000] [id=77800]
  0x0000020aa7d53000 ConcurrentGCThread "G1 Refine#1" [stack: 0x00000083db500000,0x00000083db600000] [id=79800]
  0x0000020aa6221800 ConcurrentGCThread "G1 Refine#2" [stack: 0x00000083db600000,0x00000083db700000] [id=21880]
  0x0000020aa057b000 ConcurrentGCThread "G1 Young RemSet Sampling" [stack: 0x00000083d6d00000,0x00000083d6e00000] [id=71916]

Threads with active compile tasks:
C2 CompilerThread0   6813 5905       4       groovyjarjarantlr4.v4.runtime.atn.ATNConfigSet::add (356 bytes)
C2 CompilerThread1   6813 5996       4       groovyjarjarantlr4.v4.runtime.atn.PredictionContext::getCachedContext (297 bytes)
C2 CompilerThread2   6813 5823       4       groovyjarjarantlr4.v4.runtime.atn.ParserATNSimulator::closure (784 bytes)

VM state:not at safepoint (normal execution)

VM Mutex/Monitor currently owned by a thread: None

Heap address: 0x0000000080000000, size: 2048 MB, Compressed Oops mode: 32-bit
Narrow klass base: 0x0000000000000000, Narrow klass shift: 3
Compressed class space size: 1073741824 Address: 0x0000000100000000

Heap:
 garbage-first heap   total 227328K, used 123270K [0x0000000080000000, 0x0000000100000000)
  region size 1024K, 68 young (69632K), 16 survivors (16384K)
 Metaspace       used 54746K, capacity 56321K, committed 56576K, reserved 1101824K
  class space    used 7073K, capacity 7601K, committed 7680K, reserved 1048576K
Heap Regions: E=young(eden), S=young(survivor), O=old, HS=humongous(starts), HC=humongous(continues), CS=collection set, F=free, A=archive, TAMS=top-at-mark-start (previous, next)
|   0|0x0000000080000000, 0x0000000080100000, 0x0000000080100000|100%| O|  |TAMS 0x0000000080100000, 0x0000000080000000| Untracked 
|   1|0x0000000080100000, 0x0000000080200000, 0x0000000080200000|100%| O|  |TAMS 0x0000000080200000, 0x0000000080100000| Untracked 
|   2|0x0000000080200000, 0x0000000080300000, 0x0000000080300000|100%| O|  |TAMS 0x0000000080300000, 0x0000000080200000| Untracked 
|   3|0x0000000080300000, 0x0000000080400000, 0x0000000080400000|100%|HS|  |TAMS 0x0000000080400000, 0x0000000080300000| Complete 
|   4|0x0000000080400000, 0x0000000080500000, 0x0000000080500000|100%|HC|  |TAMS 0x0000000080500000, 0x0000000080400000| Complete 
|   5|0x0000000080500000, 0x0000000080600000, 0x0000000080600000|100%|HC|  |TAMS 0x0000000080600000, 0x0000000080500000| Complete 
|   6|0x0000000080600000, 0x0000000080700000, 0x0000000080700000|100%| O|  |TAMS 0x0000000080700000, 0x0000000080600000| Untracked 
|   7|0x0000000080700000, 0x0000000080800000, 0x0000000080800000|100%| O|  |TAMS 0x0000000080800000, 0x0000000080700000| Untracked 
|   8|0x0000000080800000, 0x0000000080900000, 0x0000000080900000|100%| O|  |TAMS 0x0000000080900000, 0x0000000080800000| Untracked 
|   9|0x0000000080900000, 0x0000000080a00000, 0x0000000080a00000|100%| O|  |TAMS 0x0000000080a00000, 0x0000000080900000| Untracked 
|  10|0x0000000080a00000, 0x0000000080b00000, 0x0000000080b00000|100%| O|  |TAMS 0x0000000080b00000, 0x0000000080a00000| Untracked 
|  11|0x0000000080b00000, 0x0000000080c00000, 0x0000000080c00000|100%| O|  |TAMS 0x0000000080c00000, 0x0000000080b00000| Untracked 
|  12|0x0000000080c00000, 0x0000000080d00000, 0x0000000080d00000|100%| O|  |TAMS 0x0000000080d00000, 0x0000000080c00000| Untracked 
|  13|0x0000000080d00000, 0x0000000080e00000, 0x0000000080e00000|100%| O|  |TAMS 0x0000000080e00000, 0x0000000080d00000| Untracked 
|  14|0x0000000080e00000, 0x0000000080f00000, 0x0000000080f00000|100%| O|  |TAMS 0x0000000080f00000, 0x0000000080e00000| Untracked 
|  15|0x0000000080f00000, 0x0000000081000000, 0x0000000081000000|100%| O|  |TAMS 0x0000000081000000, 0x0000000080f00000| Untracked 
|  16|0x0000000081000000, 0x0000000081100000, 0x0000000081100000|100%| O|  |TAMS 0x0000000081013200, 0x0000000081000000| Untracked 
|  17|0x0000000081100000, 0x0000000081200000, 0x0000000081200000|100%|HS|  |TAMS 0x0000000081200000, 0x0000000081100000| Complete 
|  18|0x0000000081200000, 0x0000000081300000, 0x0000000081300000|100%|HC|  |TAMS 0x0000000081300000, 0x0000000081200000| Complete 
|  19|0x0000000081300000, 0x0000000081400000, 0x0000000081400000|100%|HS|  |TAMS 0x0000000081400000, 0x0000000081300000| Complete 
|  20|0x0000000081400000, 0x0000000081500000, 0x0000000081500000|100%|HC|  |TAMS 0x0000000081500000, 0x0000000081400000| Complete 
|  21|0x0000000081500000, 0x0000000081600000, 0x0000000081600000|100%|HC|  |TAMS 0x0000000081600000, 0x0000000081500000| Complete 
|  22|0x0000000081600000, 0x0000000081700000, 0x0000000081700000|100%|HS|  |TAMS 0x0000000081700000, 0x0000000081600000| Complete 
|  23|0x0000000081700000, 0x0000000081800000, 0x0000000081800000|100%|HC|  |TAMS 0x0000000081800000, 0x0000000081700000| Complete 
|  24|0x0000000081800000, 0x0000000081900000, 0x0000000081900000|100%|HC|  |TAMS 0x0000000081900000, 0x0000000081800000| Complete 
|  25|0x0000000081900000, 0x0000000081a00000, 0x0000000081a00000|100%|HC|  |TAMS 0x0000000081a00000, 0x0000000081900000| Complete 
|  26|0x0000000081a00000, 0x0000000081b00000, 0x0000000081b00000|100%|HC|  |TAMS 0x0000000081b00000, 0x0000000081a00000| Complete 
|  27|0x0000000081b00000, 0x0000000081c00000, 0x0000000081c00000|100%|HS|  |TAMS 0x0000000081b00000, 0x0000000081b00000| Complete 
|  28|0x0000000081c00000, 0x0000000081d00000, 0x0000000081d00000|100%|HS|  |TAMS 0x0000000081c00000, 0x0000000081c00000| Complete 
|  29|0x0000000081d00000, 0x0000000081e00000, 0x0000000081e00000|100%|HS|  |TAMS 0x0000000081d00000, 0x0000000081d00000| Complete 
|  30|0x0000000081e00000, 0x0000000081f00000, 0x0000000081f00000|100%|HS|  |TAMS 0x0000000081e00000, 0x0000000081e00000| Complete 
|  31|0x0000000081f00000, 0x0000000082000000, 0x0000000082000000|100%|HC|  |TAMS 0x0000000081f00000, 0x0000000081f00000| Complete 
|  32|0x0000000082000000, 0x0000000082100000, 0x0000000082100000|100%|HC|  |TAMS 0x0000000082000000, 0x0000000082000000| Complete 
|  33|0x0000000082100000, 0x0000000082200000, 0x0000000082200000|100%|HC|  |TAMS 0x0000000082100000, 0x0000000082100000| Complete 
|  34|0x0000000082200000, 0x0000000082300000, 0x0000000082300000|100%|HC|  |TAMS 0x0000000082200000, 0x0000000082200000| Complete 
|  35|0x0000000082300000, 0x0000000082400000, 0x0000000082400000|100%|HS|  |TAMS 0x0000000082300000, 0x0000000082300000| Complete 
|  36|0x0000000082400000, 0x0000000082500000, 0x0000000082500000|100%|HC|  |TAMS 0x0000000082400000, 0x0000000082400000| Complete 
|  37|0x0000000082500000, 0x0000000082600000, 0x0000000082600000|100%|HC|  |TAMS 0x0000000082500000, 0x0000000082500000| Complete 
|  38|0x0000000082600000, 0x0000000082700000, 0x0000000082700000|100%| O|  |TAMS 0x0000000082600000, 0x0000000082600000| Untracked 
|  39|0x0000000082700000, 0x0000000082800000, 0x0000000082800000|100%| O|  |TAMS 0x0000000082700000, 0x0000000082700000| Untracked 
|  40|0x0000000082800000, 0x0000000082900000, 0x0000000082900000|100%|HS|  |TAMS 0x0000000082800000, 0x0000000082800000| Complete 
|  41|0x0000000082900000, 0x0000000082a00000, 0x0000000082a00000|100%|HC|  |TAMS 0x0000000082900000, 0x0000000082900000| Complete 
|  42|0x0000000082a00000, 0x0000000082b00000, 0x0000000082b00000|100%|HC|  |TAMS 0x0000000082a00000, 0x0000000082a00000| Complete 
|  43|0x0000000082b00000, 0x0000000082c00000, 0x0000000082c00000|100%| O|  |TAMS 0x0000000082b00000, 0x0000000082b00000| Untracked 
|  44|0x0000000082c00000, 0x0000000082d00000, 0x0000000082d00000|100%| O|  |TAMS 0x0000000082c00000, 0x0000000082c00000| Untracked 
|  45|0x0000000082d00000, 0x0000000082e00000, 0x0000000082e00000|100%| O|  |TAMS 0x0000000082d00000, 0x0000000082d00000| Untracked 
|  46|0x0000000082e00000, 0x0000000082f00000, 0x0000000082f00000|100%| O|  |TAMS 0x0000000082e00000, 0x0000000082e00000| Untracked 
|  47|0x0000000082f00000, 0x0000000083000000, 0x0000000083000000|100%| O|  |TAMS 0x0000000082f00000, 0x0000000082f00000| Untracked 
|  48|0x0000000083000000, 0x0000000083100000, 0x0000000083100000|100%| O|  |TAMS 0x0000000083000000, 0x0000000083000000| Untracked 
|  49|0x0000000083100000, 0x0000000083200000, 0x0000000083200000|100%| O|  |TAMS 0x0000000083100000, 0x0000000083100000| Untracked 
|  50|0x0000000083200000, 0x0000000083300000, 0x0000000083300000|100%| O|  |TAMS 0x0000000083200000, 0x0000000083200000| Untracked 
|  51|0x0000000083300000, 0x0000000083361800, 0x0000000083400000| 38%| O|  |TAMS 0x0000000083300000, 0x0000000083300000| Untracked 
|  52|0x0000000083400000, 0x0000000083500000, 0x0000000083500000|100%|HS|  |TAMS 0x0000000083400000, 0x0000000083400000| Complete 
|  53|0x0000000083500000, 0x0000000083600000, 0x0000000083600000|100%|HC|  |TAMS 0x0000000083500000, 0x0000000083500000| Complete 
|  54|0x0000000083600000, 0x0000000083600000, 0x0000000083700000|  0%| F|  |TAMS 0x0000000083600000, 0x0000000083600000| Untracked 
|  55|0x0000000083700000, 0x0000000083700000, 0x0000000083800000|  0%| F|  |TAMS 0x0000000083700000, 0x0000000083700000| Untracked 
|  56|0x0000000083800000, 0x0000000083800000, 0x0000000083900000|  0%| F|  |TAMS 0x0000000083800000, 0x0000000083800000| Untracked 
|  57|0x0000000083900000, 0x0000000083900000, 0x0000000083a00000|  0%| F|  |TAMS 0x0000000083900000, 0x0000000083900000| Untracked 
|  58|0x0000000083a00000, 0x0000000083a00000, 0x0000000083b00000|  0%| F|  |TAMS 0x0000000083a00000, 0x0000000083a00000| Untracked 
|  59|0x0000000083b00000, 0x0000000083b00000, 0x0000000083c00000|  0%| F|  |TAMS 0x0000000083b00000, 0x0000000083b00000| Untracked 
|  60|0x0000000083c00000, 0x0000000083c00000, 0x0000000083d00000|  0%| F|  |TAMS 0x0000000083c00000, 0x0000000083c00000| Untracked 
|  61|0x0000000083d00000, 0x0000000083d00000, 0x0000000083e00000|  0%| F|  |TAMS 0x0000000083d00000, 0x0000000083d00000| Untracked 
|  62|0x0000000083e00000, 0x0000000083e00000, 0x0000000083f00000|  0%| F|  |TAMS 0x0000000083e00000, 0x0000000083e00000| Untracked 
|  63|0x0000000083f00000, 0x0000000083f00000, 0x0000000084000000|  0%| F|  |TAMS 0x0000000083f00000, 0x0000000083f00000| Untracked 
|  64|0x0000000084000000, 0x0000000084000000, 0x0000000084100000|  0%| F|  |TAMS 0x0000000084000000, 0x0000000084000000| Untracked 
|  65|0x0000000084100000, 0x0000000084100000, 0x0000000084200000|  0%| F|  |TAMS 0x0000000084100000, 0x0000000084100000| Untracked 
|  66|0x0000000084200000, 0x0000000084200000, 0x0000000084300000|  0%| F|  |TAMS 0x0000000084200000, 0x0000000084200000| Untracked 
|  67|0x0000000084300000, 0x0000000084300000, 0x0000000084400000|  0%| F|  |TAMS 0x0000000084300000, 0x0000000084300000| Untracked 
|  68|0x0000000084400000, 0x0000000084400000, 0x0000000084500000|  0%| F|  |TAMS 0x0000000084400000, 0x0000000084400000| Untracked 
|  69|0x0000000084500000, 0x0000000084500000, 0x0000000084600000|  0%| F|  |TAMS 0x0000000084500000, 0x0000000084500000| Untracked 
|  70|0x0000000084600000, 0x0000000084600000, 0x0000000084700000|  0%| F|  |TAMS 0x0000000084600000, 0x0000000084600000| Untracked 
|  71|0x0000000084700000, 0x0000000084700000, 0x0000000084800000|  0%| F|  |TAMS 0x0000000084700000, 0x0000000084700000| Untracked 
|  72|0x0000000084800000, 0x0000000084800000, 0x0000000084900000|  0%| F|  |TAMS 0x0000000084800000, 0x0000000084800000| Untracked 
|  73|0x0000000084900000, 0x0000000084900000, 0x0000000084a00000|  0%| F|  |TAMS 0x0000000084900000, 0x0000000084900000| Untracked 
|  74|0x0000000084a00000, 0x0000000084a00000, 0x0000000084b00000|  0%| F|  |TAMS 0x0000000084a00000, 0x0000000084a00000| Untracked 
|  75|0x0000000084b00000, 0x0000000084b00000, 0x0000000084c00000|  0%| F|  |TAMS 0x0000000084b00000, 0x0000000084b00000| Untracked 
|  76|0x0000000084c00000, 0x0000000084c00000, 0x0000000084d00000|  0%| F|  |TAMS 0x0000000084c00000, 0x0000000084c00000| Untracked 
|  77|0x0000000084d00000, 0x0000000084d00000, 0x0000000084e00000|  0%| F|  |TAMS 0x0000000084d00000, 0x0000000084d00000| Untracked 
|  78|0x0000000084e00000, 0x0000000084e00000, 0x0000000084f00000|  0%| F|  |TAMS 0x0000000084e00000, 0x0000000084e00000| Untracked 
|  79|0x0000000084f00000, 0x0000000084f00000, 0x0000000085000000|  0%| F|  |TAMS 0x0000000084f00000, 0x0000000084f00000| Untracked 
|  80|0x0000000085000000, 0x0000000085000000, 0x0000000085100000|  0%| F|  |TAMS 0x0000000085000000, 0x0000000085000000| Untracked 
|  81|0x0000000085100000, 0x0000000085100000, 0x0000000085200000|  0%| F|  |TAMS 0x0000000085100000, 0x0000000085100000| Untracked 
|  82|0x0000000085200000, 0x0000000085300000, 0x0000000085300000|100%| S|CS|TAMS 0x0000000085200000, 0x0000000085200000| Complete 
|  83|0x0000000085300000, 0x0000000085400000, 0x0000000085400000|100%| S|CS|TAMS 0x0000000085300000, 0x0000000085300000| Complete 
|  84|0x0000000085400000, 0x0000000085500000, 0x0000000085500000|100%| S|CS|TAMS 0x0000000085400000, 0x0000000085400000| Complete 
|  85|0x0000000085500000, 0x0000000085600000, 0x0000000085600000|100%| S|CS|TAMS 0x0000000085500000, 0x0000000085500000| Complete 
|  86|0x0000000085600000, 0x0000000085700000, 0x0000000085700000|100%| S|CS|TAMS 0x0000000085600000, 0x0000000085600000| Complete 
|  87|0x0000000085700000, 0x0000000085800000, 0x0000000085800000|100%| S|CS|TAMS 0x0000000085700000, 0x0000000085700000| Complete 
|  88|0x0000000085800000, 0x0000000085900000, 0x0000000085900000|100%| S|CS|TAMS 0x0000000085800000, 0x0000000085800000| Complete 
|  89|0x0000000085900000, 0x0000000085a00000, 0x0000000085a00000|100%| S|CS|TAMS 0x0000000085900000, 0x0000000085900000| Complete 
|  90|0x0000000085a00000, 0x0000000085b00000, 0x0000000085b00000|100%| S|CS|TAMS 0x0000000085a00000, 0x0000000085a00000| Complete 
|  91|0x0000000085b00000, 0x0000000085b00000, 0x0000000085c00000|  0%| F|  |TAMS 0x0000000085b00000, 0x0000000085b00000| Untracked 
|  92|0x0000000085c00000, 0x0000000085c00000, 0x0000000085d00000|  0%| F|  |TAMS 0x0000000085c00000, 0x0000000085c00000| Untracked 
|  93|0x0000000085d00000, 0x0000000085d00000, 0x0000000085e00000|  0%| F|  |TAMS 0x0000000085d00000, 0x0000000085d00000| Untracked 
|  94|0x0000000085e00000, 0x0000000085e00000, 0x0000000085f00000|  0%| F|  |TAMS 0x0000000085e00000, 0x0000000085e00000| Untracked 
|  95|0x0000000085f00000, 0x0000000085f00000, 0x0000000086000000|  0%| F|  |TAMS 0x0000000085f00000, 0x0000000085f00000| Untracked 
|  96|0x0000000086000000, 0x0000000086000000, 0x0000000086100000|  0%| F|  |TAMS 0x0000000086000000, 0x0000000086000000| Untracked 
|  97|0x0000000086100000, 0x0000000086100000, 0x0000000086200000|  0%| F|  |TAMS 0x0000000086100000, 0x0000000086100000| Untracked 
|  98|0x0000000086200000, 0x0000000086200000, 0x0000000086300000|  0%| F|  |TAMS 0x0000000086200000, 0x0000000086200000| Untracked 
|  99|0x0000000086300000, 0x0000000086300000, 0x0000000086400000|  0%| F|  |TAMS 0x0000000086300000, 0x0000000086300000| Untracked 
| 100|0x0000000086400000, 0x0000000086400000, 0x0000000086500000|  0%| F|  |TAMS 0x0000000086400000, 0x0000000086400000| Untracked 
| 101|0x0000000086500000, 0x0000000086500000, 0x0000000086600000|  0%| F|  |TAMS 0x0000000086500000, 0x0000000086500000| Untracked 
| 102|0x0000000086600000, 0x0000000086600000, 0x0000000086700000|  0%| F|  |TAMS 0x0000000086600000, 0x0000000086600000| Untracked 
| 103|0x0000000086700000, 0x0000000086700000, 0x0000000086800000|  0%| F|  |TAMS 0x0000000086700000, 0x0000000086700000| Untracked 
| 104|0x0000000086800000, 0x0000000086800000, 0x0000000086900000|  0%| F|  |TAMS 0x0000000086800000, 0x0000000086800000| Untracked 
| 105|0x0000000086900000, 0x0000000086900000, 0x0000000086a00000|  0%| F|  |TAMS 0x0000000086900000, 0x0000000086900000| Untracked 
| 106|0x0000000086a00000, 0x0000000086b00000, 0x0000000086b00000|100%| S|CS|TAMS 0x0000000086a00000, 0x0000000086a00000| Complete 
| 107|0x0000000086b00000, 0x0000000086c00000, 0x0000000086c00000|100%| S|CS|TAMS 0x0000000086b00000, 0x0000000086b00000| Complete 
| 108|0x0000000086c00000, 0x0000000086d00000, 0x0000000086d00000|100%| S|CS|TAMS 0x0000000086c00000, 0x0000000086c00000| Complete 
| 109|0x0000000086d00000, 0x0000000086e00000, 0x0000000086e00000|100%| S|CS|TAMS 0x0000000086d00000, 0x0000000086d00000| Complete 
| 110|0x0000000086e00000, 0x0000000086f00000, 0x0000000086f00000|100%| S|CS|TAMS 0x0000000086e00000, 0x0000000086e00000| Complete 
| 111|0x0000000086f00000, 0x0000000087000000, 0x0000000087000000|100%| S|CS|TAMS 0x0000000086f00000, 0x0000000086f00000| Complete 
| 112|0x0000000087000000, 0x0000000087100000, 0x0000000087100000|100%| S|CS|TAMS 0x0000000087000000, 0x0000000087000000| Complete 
| 113|0x0000000087100000, 0x0000000087100000, 0x0000000087200000|  0%| F|  |TAMS 0x0000000087100000, 0x0000000087100000| Untracked 
| 114|0x0000000087200000, 0x0000000087200000, 0x0000000087300000|  0%| F|  |TAMS 0x0000000087200000, 0x0000000087200000| Untracked 
| 115|0x0000000087300000, 0x0000000087300000, 0x0000000087400000|  0%| F|  |TAMS 0x0000000087300000, 0x0000000087300000| Untracked 
| 116|0x0000000087400000, 0x0000000087400000, 0x0000000087500000|  0%| F|  |TAMS 0x0000000087400000, 0x0000000087400000| Untracked 
| 117|0x0000000087500000, 0x0000000087500000, 0x0000000087600000|  0%| F|  |TAMS 0x0000000087500000, 0x0000000087500000| Untracked 
| 118|0x0000000087600000, 0x0000000087600000, 0x0000000087700000|  0%| F|  |TAMS 0x0000000087600000, 0x0000000087600000| Untracked 
| 119|0x0000000087700000, 0x0000000087700000, 0x0000000087800000|  0%| F|  |TAMS 0x0000000087700000, 0x0000000087700000| Untracked 
| 120|0x0000000087800000, 0x0000000087800000, 0x0000000087900000|  0%| F|  |TAMS 0x0000000087800000, 0x0000000087800000| Untracked 
| 121|0x0000000087900000, 0x0000000087900000, 0x0000000087a00000|  0%| F|  |TAMS 0x0000000087900000, 0x0000000087900000| Untracked 
| 122|0x0000000087a00000, 0x0000000087a00000, 0x0000000087b00000|  0%| F|  |TAMS 0x0000000087a00000, 0x0000000087a00000| Untracked 
| 123|0x0000000087b00000, 0x0000000087b00000, 0x0000000087c00000|  0%| F|  |TAMS 0x0000000087b00000, 0x0000000087b00000| Untracked 
| 124|0x0000000087c00000, 0x0000000087c00000, 0x0000000087d00000|  0%| F|  |TAMS 0x0000000087c00000, 0x0000000087c00000| Untracked 
| 125|0x0000000087d00000, 0x0000000087d00000, 0x0000000087e00000|  0%| F|  |TAMS 0x0000000087d00000, 0x0000000087d00000| Untracked 
| 126|0x0000000087e00000, 0x0000000087e00000, 0x0000000087f00000|  0%| F|  |TAMS 0x0000000087e00000, 0x0000000087e00000| Untracked 
| 127|0x0000000087f00000, 0x0000000087f00000, 0x0000000088000000|  0%| F|  |TAMS 0x0000000087f00000, 0x0000000087f00000| Untracked 
| 128|0x0000000088000000, 0x0000000088000000, 0x0000000088100000|  0%| F|  |TAMS 0x0000000088000000, 0x0000000088000000| Untracked 
| 129|0x0000000088100000, 0x0000000088100000, 0x0000000088200000|  0%| F|  |TAMS 0x0000000088100000, 0x0000000088100000| Untracked 
| 130|0x0000000088200000, 0x0000000088200000, 0x0000000088300000|  0%| F|  |TAMS 0x0000000088200000, 0x0000000088200000| Untracked 
| 131|0x0000000088300000, 0x0000000088300000, 0x0000000088400000|  0%| F|  |TAMS 0x0000000088300000, 0x0000000088300000| Untracked 
| 132|0x0000000088400000, 0x0000000088400000, 0x0000000088500000|  0%| F|  |TAMS 0x0000000088400000, 0x0000000088400000| Untracked 
| 133|0x0000000088500000, 0x0000000088500000, 0x0000000088600000|  0%| F|  |TAMS 0x0000000088500000, 0x0000000088500000| Untracked 
| 134|0x0000000088600000, 0x0000000088600000, 0x0000000088700000|  0%| F|  |TAMS 0x0000000088600000, 0x0000000088600000| Untracked 
| 135|0x0000000088700000, 0x0000000088700000, 0x0000000088800000|  0%| F|  |TAMS 0x0000000088700000, 0x0000000088700000| Untracked 
| 136|0x0000000088800000, 0x0000000088800000, 0x0000000088900000|  0%| F|  |TAMS 0x0000000088800000, 0x0000000088800000| Untracked 
| 137|0x0000000088900000, 0x0000000088900000, 0x0000000088a00000|  0%| F|  |TAMS 0x0000000088900000, 0x0000000088900000| Untracked 
| 138|0x0000000088a00000, 0x0000000088a00000, 0x0000000088b00000|  0%| F|  |TAMS 0x0000000088a00000, 0x0000000088a00000| Untracked 
| 139|0x0000000088b00000, 0x0000000088b00000, 0x0000000088c00000|  0%| F|  |TAMS 0x0000000088b00000, 0x0000000088b00000| Untracked 
| 140|0x0000000088c00000, 0x0000000088c00000, 0x0000000088d00000|  0%| F|  |TAMS 0x0000000088c00000, 0x0000000088c00000| Untracked 
| 141|0x0000000088d00000, 0x0000000088d00000, 0x0000000088e00000|  0%| F|  |TAMS 0x0000000088d00000, 0x0000000088d00000| Untracked 
| 142|0x0000000088e00000, 0x0000000088e00000, 0x0000000088f00000|  0%| F|  |TAMS 0x0000000088e00000, 0x0000000088e00000| Untracked 
| 143|0x0000000088f00000, 0x0000000088f00000, 0x0000000089000000|  0%| F|  |TAMS 0x0000000088f00000, 0x0000000088f00000| Untracked 
| 144|0x0000000089000000, 0x0000000089000000, 0x0000000089100000|  0%| F|  |TAMS 0x0000000089000000, 0x0000000089000000| Untracked 
| 145|0x0000000089100000, 0x0000000089100000, 0x0000000089200000|  0%| F|  |TAMS 0x0000000089100000, 0x0000000089100000| Untracked 
| 146|0x0000000089200000, 0x0000000089200000, 0x0000000089300000|  0%| F|  |TAMS 0x0000000089200000, 0x0000000089200000| Untracked 
| 147|0x0000000089300000, 0x0000000089300000, 0x0000000089400000|  0%| F|  |TAMS 0x0000000089300000, 0x0000000089300000| Untracked 
| 148|0x0000000089400000, 0x0000000089400000, 0x0000000089500000|  0%| F|  |TAMS 0x0000000089400000, 0x0000000089400000| Untracked 
| 149|0x0000000089500000, 0x0000000089500000, 0x0000000089600000|  0%| F|  |TAMS 0x0000000089500000, 0x0000000089500000| Untracked 
| 150|0x0000000089600000, 0x0000000089600000, 0x0000000089700000|  0%| F|  |TAMS 0x0000000089600000, 0x0000000089600000| Untracked 
| 151|0x0000000089700000, 0x0000000089700000, 0x0000000089800000|  0%| F|  |TAMS 0x0000000089700000, 0x0000000089700000| Untracked 
| 152|0x0000000089800000, 0x0000000089800000, 0x0000000089900000|  0%| F|  |TAMS 0x0000000089800000, 0x0000000089800000| Untracked 
| 153|0x0000000089900000, 0x0000000089900000, 0x0000000089a00000|  0%| F|  |TAMS 0x0000000089900000, 0x0000000089900000| Untracked 
| 154|0x0000000089a00000, 0x0000000089a00000, 0x0000000089b00000|  0%| F|  |TAMS 0x0000000089a00000, 0x0000000089a00000| Untracked 
| 155|0x0000000089b00000, 0x0000000089b00000, 0x0000000089c00000|  0%| F|  |TAMS 0x0000000089b00000, 0x0000000089b00000| Untracked 
| 156|0x0000000089c00000, 0x0000000089c00000, 0x0000000089d00000|  0%| F|  |TAMS 0x0000000089c00000, 0x0000000089c00000| Untracked 
| 157|0x0000000089d00000, 0x0000000089d00000, 0x0000000089e00000|  0%| F|  |TAMS 0x0000000089d00000, 0x0000000089d00000| Untracked 
| 158|0x0000000089e00000, 0x0000000089e00000, 0x0000000089f00000|  0%| F|  |TAMS 0x0000000089e00000, 0x0000000089e00000| Untracked 
| 159|0x0000000089f00000, 0x0000000089f00000, 0x000000008a000000|  0%| F|  |TAMS 0x0000000089f00000, 0x0000000089f00000| Untracked 
| 160|0x000000008a000000, 0x000000008a000000, 0x000000008a100000|  0%| F|  |TAMS 0x000000008a000000, 0x000000008a000000| Untracked 
| 161|0x000000008a100000, 0x000000008a100000, 0x000000008a200000|  0%| F|  |TAMS 0x000000008a100000, 0x000000008a100000| Untracked 
| 162|0x000000008a200000, 0x000000008a200000, 0x000000008a300000|  0%| F|  |TAMS 0x000000008a200000, 0x000000008a200000| Untracked 
| 163|0x000000008a300000, 0x000000008a300000, 0x000000008a400000|  0%| F|  |TAMS 0x000000008a300000, 0x000000008a300000| Untracked 
| 164|0x000000008a400000, 0x000000008a400000, 0x000000008a500000|  0%| F|  |TAMS 0x000000008a400000, 0x000000008a400000| Untracked 
| 165|0x000000008a500000, 0x000000008a500000, 0x000000008a600000|  0%| F|  |TAMS 0x000000008a500000, 0x000000008a500000| Untracked 
| 166|0x000000008a600000, 0x000000008a600000, 0x000000008a700000|  0%| F|  |TAMS 0x000000008a600000, 0x000000008a600000| Untracked 
| 167|0x000000008a700000, 0x000000008a700000, 0x000000008a800000|  0%| F|  |TAMS 0x000000008a700000, 0x000000008a700000| Untracked 
| 168|0x000000008a800000, 0x000000008a800000, 0x000000008a900000|  0%| F|  |TAMS 0x000000008a800000, 0x000000008a800000| Untracked 
| 169|0x000000008a900000, 0x000000008a980800, 0x000000008aa00000| 50%| E|  |TAMS 0x000000008a900000, 0x000000008a900000| Complete 
| 170|0x000000008aa00000, 0x000000008ab00000, 0x000000008ab00000|100%| E|CS|TAMS 0x000000008aa00000, 0x000000008aa00000| Complete 
| 171|0x000000008ab00000, 0x000000008ac00000, 0x000000008ac00000|100%| E|CS|TAMS 0x000000008ab00000, 0x000000008ab00000| Complete 
| 172|0x000000008ac00000, 0x000000008ad00000, 0x000000008ad00000|100%| E|CS|TAMS 0x000000008ac00000, 0x000000008ac00000| Complete 
| 173|0x000000008ad00000, 0x000000008ae00000, 0x000000008ae00000|100%| E|CS|TAMS 0x000000008ad00000, 0x000000008ad00000| Complete 
| 174|0x000000008ae00000, 0x000000008af00000, 0x000000008af00000|100%| E|CS|TAMS 0x000000008ae00000, 0x000000008ae00000| Complete 
| 175|0x000000008af00000, 0x000000008b000000, 0x000000008b000000|100%| E|CS|TAMS 0x000000008af00000, 0x000000008af00000| Complete 
| 176|0x000000008b000000, 0x000000008b100000, 0x000000008b100000|100%| E|CS|TAMS 0x000000008b000000, 0x000000008b000000| Complete 
| 177|0x000000008b100000, 0x000000008b200000, 0x000000008b200000|100%| E|CS|TAMS 0x000000008b100000, 0x000000008b100000| Complete 
| 178|0x000000008b200000, 0x000000008b300000, 0x000000008b300000|100%| E|CS|TAMS 0x000000008b200000, 0x000000008b200000| Complete 
| 179|0x000000008b300000, 0x000000008b400000, 0x000000008b400000|100%| E|CS|TAMS 0x000000008b300000, 0x000000008b300000| Complete 
| 180|0x000000008b400000, 0x000000008b500000, 0x000000008b500000|100%| E|CS|TAMS 0x000000008b400000, 0x000000008b400000| Complete 
| 181|0x000000008b500000, 0x000000008b600000, 0x000000008b600000|100%| E|CS|TAMS 0x000000008b500000, 0x000000008b500000| Complete 
| 182|0x000000008b600000, 0x000000008b700000, 0x000000008b700000|100%| E|CS|TAMS 0x000000008b600000, 0x000000008b600000| Complete 
| 183|0x000000008b700000, 0x000000008b800000, 0x000000008b800000|100%| E|CS|TAMS 0x000000008b700000, 0x000000008b700000| Complete 
| 184|0x000000008b800000, 0x000000008b900000, 0x000000008b900000|100%| E|CS|TAMS 0x000000008b800000, 0x000000008b800000| Complete 
| 185|0x000000008b900000, 0x000000008ba00000, 0x000000008ba00000|100%| E|CS|TAMS 0x000000008b900000, 0x000000008b900000| Complete 
| 186|0x000000008ba00000, 0x000000008bb00000, 0x000000008bb00000|100%| E|CS|TAMS 0x000000008ba00000, 0x000000008ba00000| Complete 
| 187|0x000000008bb00000, 0x000000008bc00000, 0x000000008bc00000|100%| E|CS|TAMS 0x000000008bb00000, 0x000000008bb00000| Complete 
| 188|0x000000008bc00000, 0x000000008bd00000, 0x000000008bd00000|100%| E|CS|TAMS 0x000000008bc00000, 0x000000008bc00000| Complete 
| 189|0x000000008bd00000, 0x000000008be00000, 0x000000008be00000|100%| E|CS|TAMS 0x000000008bd00000, 0x000000008bd00000| Complete 
| 190|0x000000008be00000, 0x000000008bf00000, 0x000000008bf00000|100%| E|CS|TAMS 0x000000008be00000, 0x000000008be00000| Complete 
| 191|0x000000008bf00000, 0x000000008c000000, 0x000000008c000000|100%| E|CS|TAMS 0x000000008bf00000, 0x000000008bf00000| Complete 
| 192|0x000000008c000000, 0x000000008c100000, 0x000000008c100000|100%| E|CS|TAMS 0x000000008c000000, 0x000000008c000000| Complete 
| 193|0x000000008c100000, 0x000000008c200000, 0x000000008c200000|100%| E|CS|TAMS 0x000000008c100000, 0x000000008c100000| Complete 
| 194|0x000000008c200000, 0x000000008c300000, 0x000000008c300000|100%| E|CS|TAMS 0x000000008c200000, 0x000000008c200000| Complete 
| 195|0x000000008c300000, 0x000000008c400000, 0x000000008c400000|100%| E|CS|TAMS 0x000000008c300000, 0x000000008c300000| Complete 
| 196|0x000000008c400000, 0x000000008c500000, 0x000000008c500000|100%| E|CS|TAMS 0x000000008c400000, 0x000000008c400000| Complete 
| 197|0x000000008c500000, 0x000000008c600000, 0x000000008c600000|100%| E|CS|TAMS 0x000000008c500000, 0x000000008c500000| Complete 
| 198|0x000000008c600000, 0x000000008c700000, 0x000000008c700000|100%| E|CS|TAMS 0x000000008c600000, 0x000000008c600000| Complete 
| 199|0x000000008c700000, 0x000000008c800000, 0x000000008c800000|100%| E|CS|TAMS 0x000000008c700000, 0x000000008c700000| Complete 
| 200|0x000000008c800000, 0x000000008c900000, 0x000000008c900000|100%| E|CS|TAMS 0x000000008c800000, 0x000000008c800000| Complete 
| 201|0x000000008c900000, 0x000000008ca00000, 0x000000008ca00000|100%| E|CS|TAMS 0x000000008c900000, 0x000000008c900000| Complete 
| 202|0x000000008ca00000, 0x000000008cb00000, 0x000000008cb00000|100%| E|CS|TAMS 0x000000008ca00000, 0x000000008ca00000| Complete 
| 203|0x000000008cb00000, 0x000000008cc00000, 0x000000008cc00000|100%| E|CS|TAMS 0x000000008cb00000, 0x000000008cb00000| Complete 
| 204|0x000000008cc00000, 0x000000008cd00000, 0x000000008cd00000|100%| E|CS|TAMS 0x000000008cc00000, 0x000000008cc00000| Complete 
| 205|0x000000008cd00000, 0x000000008ce00000, 0x000000008ce00000|100%| E|CS|TAMS 0x000000008cd00000, 0x000000008cd00000| Complete 
| 206|0x000000008ce00000, 0x000000008cf00000, 0x000000008cf00000|100%| E|CS|TAMS 0x000000008ce00000, 0x000000008ce00000| Complete 
| 207|0x000000008cf00000, 0x000000008d000000, 0x000000008d000000|100%| E|CS|TAMS 0x000000008cf00000, 0x000000008cf00000| Complete 
| 208|0x000000008d000000, 0x000000008d100000, 0x000000008d100000|100%| E|CS|TAMS 0x000000008d000000, 0x000000008d000000| Complete 
| 209|0x000000008d100000, 0x000000008d200000, 0x000000008d200000|100%| E|CS|TAMS 0x000000008d100000, 0x000000008d100000| Complete 
| 210|0x000000008d200000, 0x000000008d300000, 0x000000008d300000|100%| E|CS|TAMS 0x000000008d200000, 0x000000008d200000| Complete 
| 211|0x000000008d300000, 0x000000008d400000, 0x000000008d400000|100%| E|CS|TAMS 0x000000008d300000, 0x000000008d300000| Complete 
| 212|0x000000008d400000, 0x000000008d500000, 0x000000008d500000|100%| E|CS|TAMS 0x000000008d400000, 0x000000008d400000| Complete 
| 213|0x000000008d500000, 0x000000008d600000, 0x000000008d600000|100%| E|CS|TAMS 0x000000008d500000, 0x000000008d500000| Complete 
| 214|0x000000008d600000, 0x000000008d700000, 0x000000008d700000|100%| E|CS|TAMS 0x000000008d600000, 0x000000008d600000| Complete 
| 215|0x000000008d700000, 0x000000008d800000, 0x000000008d800000|100%| E|CS|TAMS 0x000000008d700000, 0x000000008d700000| Complete 
| 216|0x000000008d800000, 0x000000008d900000, 0x000000008d900000|100%| E|CS|TAMS 0x000000008d800000, 0x000000008d800000| Complete 
| 217|0x000000008d900000, 0x000000008da00000, 0x000000008da00000|100%| E|CS|TAMS 0x000000008d900000, 0x000000008d900000| Complete 
| 218|0x000000008da00000, 0x000000008db00000, 0x000000008db00000|100%| E|CS|TAMS 0x000000008da00000, 0x000000008da00000| Complete 
| 219|0x000000008db00000, 0x000000008dc00000, 0x000000008dc00000|100%| E|CS|TAMS 0x000000008db00000, 0x000000008db00000| Complete 
| 220|0x000000008dc00000, 0x000000008dd00000, 0x000000008dd00000|100%| E|CS|TAMS 0x000000008dc00000, 0x000000008dc00000| Complete 
| 221|0x000000008dd00000, 0x000000008de00000, 0x000000008de00000|100%| E|CS|TAMS 0x000000008dd00000, 0x000000008dd00000| Complete 

Card table byte_map: [0x0000020a99240000,0x0000020a99640000] _byte_map_base: 0x0000020a98e40000

Marking Bits (Prev, Next): (CMBitMap*) 0x0000020a85e3fe08, (CMBitMap*) 0x0000020a85e3fe40
 Prev Bits: [0x0000020a99a40000, 0x0000020a9ba40000)
 Next Bits: [0x0000020a9ba40000, 0x0000020a9da40000)

Polling page: 0x0000020a83d90000

Metaspace:

Usage:
  Non-class:     47.59 MB capacity,    46.61 MB ( 98%) used,   855.43 KB (  2%) free+waste,   152.63 KB ( <1%) overhead. 
      Class:      7.43 MB capacity,     6.92 MB ( 93%) used,   449.34 KB (  6%) free+waste,    73.06 KB ( <1%) overhead. 
       Both:     55.02 MB capacity,    53.52 MB ( 97%) used,     1.27 MB (  2%) free+waste,   225.69 KB ( <1%) overhead. 

Virtual space:
  Non-class space:       52.00 MB reserved,      47.75 MB ( 92%) committed 
      Class space:        1.00 GB reserved,       7.50 MB ( <1%) committed 
             Both:        1.05 GB reserved,      55.25 MB (  5%) committed 

Chunk freelists:
   Non-Class:  0 bytes
       Class:  1.00 KB
        Both:  1.00 KB

MaxMetaspaceSize: 17179869184.00 GB
CompressedClassSpaceSize: 1.00 GB

CodeHeap 'non-profiled nmethods': size=120000Kb used=3605Kb max_used=3605Kb free=116394Kb
 bounds [0x0000020a913c0000, 0x0000020a91750000, 0x0000020a988f0000]
CodeHeap 'profiled nmethods': size=120000Kb used=12535Kb max_used=12535Kb free=107464Kb
 bounds [0x0000020a89e90000, 0x0000020a8aad0000, 0x0000020a913c0000]
CodeHeap 'non-nmethods': size=5760Kb used=2234Kb max_used=2275Kb free=3526Kb
 bounds [0x0000020a898f0000, 0x0000020a89b60000, 0x0000020a89e90000]
 total_blobs=6992 nmethods=6177 adapters=726
 compilation: enabled
              stopped_count=0, restarted_count=0
 full_count=0

Compilation events (20 events):
Event: 6.755 Thread 0x0000020aa0faf000 6165       2       org.codehaus.groovy.util.AbstractConcurrentMap::segmentFor (9 bytes)
Event: 6.755 Thread 0x0000020aa0faf000 nmethod 6165 0x0000020a8aab4190 code [0x0000020a8aab4340, 0x0000020a8aab4498]
Event: 6.755 Thread 0x0000020aa0faf000 6166       2       org.codehaus.groovy.util.AbstractConcurrentMapBase::segmentFor (17 bytes)
Event: 6.755 Thread 0x0000020aa0faf000 nmethod 6166 0x0000020a8aab4590 code [0x0000020a8aab4740, 0x0000020a8aab4878]
Event: 6.755 Thread 0x0000020aa0faf000 6161       2       org.codehaus.groovy.util.AbstractConcurrentMap::get (16 bytes)
Event: 6.756 Thread 0x0000020aa0faf000 nmethod 6161 0x0000020a8aab4990 code [0x0000020a8aab4b60, 0x0000020a8aab4d18]
Event: 6.768 Thread 0x0000020aa0faf000 6168   !   2       org.codehaus.groovy.ast.decompiled.DecompiledClassNode::lazyInitSupers (60 bytes)
Event: 6.769 Thread 0x0000020aa0faf000 nmethod 6168 0x0000020a8aab4e90 code [0x0000020a8aab5060, 0x0000020a8aab5398]
Event: 6.773 Thread 0x0000020aa0faf000 6169       1       org.codehaus.groovy.ast.ClassNode::getGenericsTypes (5 bytes)
Event: 6.774 Thread 0x0000020aa0faf000 nmethod 6169 0x0000020a91738710 code [0x0000020a917388c0, 0x0000020a91738978]
Event: 6.776 Thread 0x0000020aa0faf000 6170       2       java.util.LinkedList::clear (60 bytes)
Event: 6.777 Thread 0x0000020aa0faf000 nmethod 6170 0x0000020a8aab5510 code [0x0000020a8aab56c0, 0x0000020a8aab5918]
Event: 6.777 Thread 0x0000020aa0faf000 6172       2       groovyjarjarasm.asm.Type::getArgumentsAndReturnSizes (140 bytes)
Event: 6.778 Thread 0x0000020aa0faf000 nmethod 6172 0x0000020a8aab5a10 code [0x0000020a8aab5ca0, 0x0000020a8aab67f8]
Event: 6.778 Thread 0x0000020aa0faf000 6173       1       org.codehaus.groovy.ast.MethodNode::getModifiers (5 bytes)
Event: 6.778 Thread 0x0000020aa0faf000 nmethod 6173 0x0000020a91738a10 code [0x0000020a91738bc0, 0x0000020a91738c78]
Event: 6.778 Thread 0x0000020aa0faf000 6171       2       groovyjarjarasm.asm.Frame::pop (53 bytes)
Event: 6.778 Thread 0x0000020aa0faf000 nmethod 6171 0x0000020a8aab7010 code [0x0000020a8aab7220, 0x0000020a8aab7578]
Event: 6.778 Thread 0x0000020aa0faf000 6174       2       groovyjarjarasm.asm.Frame::push (59 bytes)
Event: 6.779 Thread 0x0000020aa0faf000 nmethod 6174 0x0000020a8aab7810 code [0x0000020a8aab7a20, 0x0000020a8aab7d98]

GC Heap History (12 events):
Event: 0.566 GC heap before
{Heap before GC invocations=0 (full 0):
 garbage-first heap   total 227328K, used 29696K [0x0000000080000000, 0x0000000100000000)
  region size 1024K, 24 young (24576K), 0 survivors (0K)
 Metaspace       used 10138K, capacity 10403K, committed 10624K, reserved 1058816K
  class space    used 1059K, capacity 1106K, committed 1152K, reserved 1048576K
}
Event: 0.570 GC heap after
{Heap after GC invocations=1 (full 0):
 garbage-first heap   total 227328K, used 9461K [0x0000000080000000, 0x0000000100000000)
  region size 1024K, 3 young (3072K), 3 survivors (3072K)
 Metaspace       used 10138K, capacity 10403K, committed 10624K, reserved 1058816K
  class space    used 1059K, capacity 1106K, committed 1152K, reserved 1048576K
}
Event: 2.265 GC heap before
{Heap before GC invocations=1 (full 0):
 garbage-first heap   total 227328K, used 105717K [0x0000000080000000, 0x0000000100000000)
  region size 1024K, 98 young (100352K), 3 survivors (3072K)
 Metaspace       used 20561K, capacity 21135K, committed 21248K, reserved 1067008K
  class space    used 2512K, capacity 2733K, committed 2816K, reserved 1048576K
}
Event: 2.272 GC heap after
{Heap after GC invocations=2 (full 0):
 garbage-first heap   total 227328K, used 16854K [0x0000000080000000, 0x0000000100000000)
  region size 1024K, 11 young (11264K), 11 survivors (11264K)
 Metaspace       used 20561K, capacity 21135K, committed 21248K, reserved 1067008K
  class space    used 2512K, capacity 2733K, committed 2816K, reserved 1048576K
}
Event: 2.523 GC heap before
{Heap before GC invocations=3 (full 0):
 garbage-first heap   total 227328K, used 43478K [0x0000000080000000, 0x0000000100000000)
  region size 1024K, 38 young (38912K), 11 survivors (11264K)
 Metaspace       used 23450K, capacity 24093K, committed 24192K, reserved 1071104K
  class space    used 2976K, capacity 3169K, committed 3200K, reserved 1048576K
}
Event: 2.528 GC heap after
{Heap after GC invocations=4 (full 0):
 garbage-first heap   total 227328K, used 17562K [0x0000000080000000, 0x0000000100000000)
  region size 1024K, 2 young (2048K), 2 survivors (2048K)
 Metaspace       used 23450K, capacity 24093K, committed 24192K, reserved 1071104K
  class space    used 2976K, capacity 3169K, committed 3200K, reserved 1048576K
}
Event: 3.634 GC heap before
{Heap before GC invocations=4 (full 0):
 garbage-first heap   total 227328K, used 119962K [0x0000000080000000, 0x0000000100000000)
  region size 1024K, 93 young (95232K), 2 survivors (2048K)
 Metaspace       used 34875K, capacity 35755K, committed 35840K, reserved 1081344K
  class space    used 4572K, capacity 4927K, committed 4992K, reserved 1048576K
}
Event: 3.644 GC heap after
{Heap after GC invocations=5 (full 0):
 garbage-first heap   total 227328K, used 34856K [0x0000000080000000, 0x0000000100000000)
  region size 1024K, 8 young (8192K), 8 survivors (8192K)
 Metaspace       used 34875K, capacity 35755K, committed 35840K, reserved 1081344K
  class space    used 4572K, capacity 4927K, committed 4992K, reserved 1048576K
}
Event: 4.831 GC heap before
{Heap before GC invocations=6 (full 0):
 garbage-first heap   total 227328K, used 156712K [0x0000000080000000, 0x0000000100000000)
  region size 1024K, 116 young (118784K), 8 survivors (8192K)
 Metaspace       used 44394K, capacity 45668K, committed 45824K, reserved 1089536K
  class space    used 5585K, capacity 6047K, committed 6144K, reserved 1048576K
}
Event: 4.841 GC heap after
{Heap after GC invocations=7 (full 0):
 garbage-first heap   total 227328K, used 51914K [0x0000000080000000, 0x0000000100000000)
  region size 1024K, 15 young (15360K), 15 survivors (15360K)
 Metaspace       used 44394K, capacity 45668K, committed 45824K, reserved 1089536K
  class space    used 5585K, capacity 6047K, committed 6144K, reserved 1048576K
}
Event: 6.185 GC heap before
{Heap before GC invocations=7 (full 0):
 garbage-first heap   total 227328K, used 168650K [0x0000000080000000, 0x0000000100000000)
  region size 1024K, 124 young (126976K), 15 survivors (15360K)
 Metaspace       used 49833K, capacity 51359K, committed 51456K, reserved 1093632K
  class space    used 6369K, capacity 6867K, committed 6912K, reserved 1048576K
}
Event: 6.198 GC heap after
{Heap after GC invocations=8 (full 0):
 garbage-first heap   total 227328K, used 68998K [0x0000000080000000, 0x0000000100000000)
  region size 1024K, 16 young (16384K), 16 survivors (16384K)
 Metaspace       used 49833K, capacity 51359K, committed 51456K, reserved 1093632K
  class space    used 6369K, capacity 6867K, committed 6912K, reserved 1048576K
}

Deoptimization events (20 events):
Event: 6.486 Thread 0x0000020aa1e95000 DEOPT PACKING pc=0x0000020a91430270 sp=0x00000083d83f78f0
Event: 6.486 Thread 0x0000020aa1e95000 DEOPT UNPACKING pc=0x0000020a899178af sp=0x00000083d83f7828 mode 2
Event: 6.574 Thread 0x0000020aa1e95000 Uncommon trap: trap_request=0xffffff4d fr.pc=0x0000020a915db71c relative=0x0000000000000d5c
Event: 6.574 Thread 0x0000020aa1e95000 Uncommon trap: reason=unstable_if action=reinterpret pc=0x0000020a915db71c method=java.util.regex.Pattern.atom()Ljava/util/regex/Pattern$Node; @ 14 c2
Event: 6.574 Thread 0x0000020aa1e95000 DEOPT PACKING pc=0x0000020a915db71c sp=0x00000083d83f6f30
Event: 6.574 Thread 0x0000020aa1e95000 DEOPT UNPACKING pc=0x0000020a899178af sp=0x00000083d83f6f18 mode 2
Event: 6.614 Thread 0x0000020aa1e95000 Uncommon trap: trap_request=0xffffff4d fr.pc=0x0000020a9153260c relative=0x000000000000058c
Event: 6.615 Thread 0x0000020aa1e95000 Uncommon trap: reason=unstable_if action=reinterpret pc=0x0000020a9153260c method=java.io.BufferedInputStream.read([BII)I @ 56 c2
Event: 6.615 Thread 0x0000020aa1e95000 DEOPT PACKING pc=0x0000020a9153260c sp=0x00000083d83f8d30
Event: 6.615 Thread 0x0000020aa1e95000 DEOPT UNPACKING pc=0x0000020a899178af sp=0x00000083d83f8d08 mode 2
Event: 6.657 Thread 0x0000020aa1e95000 DEOPT PACKING pc=0x0000020a8a7d9471 sp=0x00000083d83f8450
Event: 6.657 Thread 0x0000020aa1e95000 DEOPT UNPACKING pc=0x0000020a899176ce sp=0x00000083d83f7948 mode 0
Event: 6.660 Thread 0x0000020aa1e95000 DEOPT PACKING pc=0x0000020a8aa800a6 sp=0x00000083d83f83d0
Event: 6.660 Thread 0x0000020aa1e95000 DEOPT UNPACKING pc=0x0000020a899176ce sp=0x00000083d83f78b0 mode 0
Event: 6.670 Thread 0x0000020aa1e95000 DEOPT PACKING pc=0x0000020a8aa800a6 sp=0x00000083d83f8220
Event: 6.670 Thread 0x0000020aa1e95000 DEOPT UNPACKING pc=0x0000020a899176ce sp=0x00000083d83f7700 mode 0
Event: 6.779 Thread 0x0000020aa1e95000 Uncommon trap: trap_request=0xffffff4d fr.pc=0x0000020a916bd318 relative=0x00000000000002b8
Event: 6.779 Thread 0x0000020aa1e95000 Uncommon trap: reason=unstable_if action=reinterpret pc=0x0000020a916bd318 method=java.io.WinNTFileSystem.prefixLength(Ljava/lang/String;)I @ 42 c2
Event: 6.779 Thread 0x0000020aa1e95000 DEOPT PACKING pc=0x0000020a916bd318 sp=0x00000083d83f8ac0
Event: 6.779 Thread 0x0000020aa1e95000 DEOPT UNPACKING pc=0x0000020a899178af sp=0x00000083d83f8a38 mode 2

Classes redefined (0 events):
No events

Internal exceptions (20 events):
Event: 6.104 Thread 0x0000020aa1e95000 Exception <a 'java/security/PrivilegedActionException'{0x00000000875ea058}> (0x00000000875ea058) thrown at [./src/hotspot/share/prims/jvm.cpp, line 1306]
Event: 6.104 Thread 0x0000020aa1e95000 Exception <a 'java/security/PrivilegedActionException'{0x00000000875ecf10}> (0x00000000875ecf10) thrown at [./src/hotspot/share/prims/jvm.cpp, line 1306]
Event: 6.104 Thread 0x0000020aa1e95000 Exception <a 'java/security/PrivilegedActionException'{0x00000000875ee1d0}> (0x00000000875ee1d0) thrown at [./src/hotspot/share/prims/jvm.cpp, line 1306]
Event: 6.104 Thread 0x0000020aa1e95000 Exception <a 'java/security/PrivilegedActionException'{0x00000000875f10c8}> (0x00000000875f10c8) thrown at [./src/hotspot/share/prims/jvm.cpp, line 1306]
Event: 6.104 Thread 0x0000020aa1e95000 Exception <a 'java/security/PrivilegedActionException'{0x00000000875f2388}> (0x00000000875f2388) thrown at [./src/hotspot/share/prims/jvm.cpp, line 1306]
Event: 6.105 Thread 0x0000020aa1e95000 Exception <a 'java/security/PrivilegedActionException'{0x00000000875f52e0}> (0x00000000875f52e0) thrown at [./src/hotspot/share/prims/jvm.cpp, line 1306]
Event: 6.105 Thread 0x0000020aa1e95000 Exception <a 'java/security/PrivilegedActionException'{0x00000000875f65a0}> (0x00000000875f65a0) thrown at [./src/hotspot/share/prims/jvm.cpp, line 1306]
Event: 6.256 Thread 0x0000020aa1e95000 Exception <a 'java/lang/ClassNotFoundException'{0x000000008dcdf738}: org/gradle/api/tasks/Delete_DecoratedBeanInfo> (0x000000008dcdf738) thrown at [./src/hotspot/share/classfile/systemDictionary.cpp, line 231]
Event: 6.257 Thread 0x0000020aa1e95000 Exception <a 'java/lang/ClassNotFoundException'{0x000000008db08ea0}: org/gradle/api/tasks/DeleteBeanInfo> (0x000000008db08ea0) thrown at [./src/hotspot/share/classfile/systemDictionary.cpp, line 231]
Event: 6.257 Thread 0x0000020aa1e95000 Exception <a 'java/lang/ClassNotFoundException'{0x000000008db34fd0}: org/gradle/api/internal/ConventionTaskBeanInfo> (0x000000008db34fd0) thrown at [./src/hotspot/share/classfile/systemDictionary.cpp, line 231]
Event: 6.258 Thread 0x0000020aa1e95000 Exception <a 'java/lang/ClassNotFoundException'{0x000000008db5d908}: org/gradle/api/DefaultTaskBeanInfo> (0x000000008db5d908) thrown at [./src/hotspot/share/classfile/systemDictionary.cpp, line 231]
Event: 6.259 Thread 0x0000020aa1e95000 Exception <a 'java/lang/ClassNotFoundException'{0x000000008db8a780}: org/gradle/api/internal/AbstractTaskBeanInfo> (0x000000008db8a780) thrown at [./src/hotspot/share/classfile/systemDictionary.cpp, line 231]
Event: 6.259 Thread 0x0000020aa1e95000 Exception <a 'java/lang/ClassNotFoundException'{0x000000008dbb7328}: org/gradle/api/internal/AbstractTaskCustomizer> (0x000000008dbb7328) thrown at [./src/hotspot/share/classfile/systemDictionary.cpp, line 231]
Event: 6.262 Thread 0x0000020aa1e95000 Exception <a 'java/lang/ClassNotFoundException'{0x000000008da28888}: org/gradle/api/DefaultTaskCustomizer> (0x000000008da28888) thrown at [./src/hotspot/share/classfile/systemDictionary.cpp, line 231]
Event: 6.264 Thread 0x0000020aa1e95000 Exception <a 'java/lang/ClassNotFoundException'{0x000000008daa9650}: org/gradle/api/internal/ConventionTaskCustomizer> (0x000000008daa9650) thrown at [./src/hotspot/share/classfile/systemDictionary.cpp, line 231]
Event: 6.266 Thread 0x0000020aa1e95000 Exception <a 'java/lang/ClassNotFoundException'{0x000000008dae1598}: org/gradle/api/tasks/DeleteCustomizer> (0x000000008dae1598) thrown at [./src/hotspot/share/classfile/systemDictionary.cpp, line 231]
Event: 6.267 Thread 0x0000020aa1e95000 Exception <a 'java/lang/ClassNotFoundException'{0x000000008d920d40}: org/gradle/api/tasks/Delete_DecoratedCustomizer> (0x000000008d920d40) thrown at [./src/hotspot/share/classfile/systemDictionary.cpp, line 231]
Event: 6.300 Thread 0x0000020aa1e95000 Exception <a 'java/lang/NoSuchMethodError'{0x000000008d704bb0}: 'void java.lang.invoke.DirectMethodHandle$Holder.invokeVirtual(java.lang.Object, java.lang.Object)'> (0x000000008d704bb0) thrown at [./src/hotspot/share/interpreter/linkResolver.cpp, line 773]
Event: 6.601 Thread 0x0000020aa1e95000 Exception <a 'java/lang/NoSuchMethodError'{0x000000008b6d9548}: 'void java.lang.invoke.DirectMethodHandle$Holder.invokeSpecialIFC(java.lang.Object, java.lang.Object, java.lang.Object)'> (0x000000008b6d9548) thrown at [./src/hotspot/share/interpreter/linkResolver.cpp, line 773]
Event: 6.691 Thread 0x0000020aa1e95000 Exception <a 'java/lang/NoSuchMethodError'{0x000000008b1d0740}: 'int java.lang.invoke.DirectMethodHandle$Holder.invokeStatic(java.lang.Object, int, java.lang.Object, java.lang.Object)'> (0x000000008b1d0740) thrown at [./src/hotspot/share/interpreter/linkResolver.cpp, line 773]

Events (20 events):
Event: 6.775 loading class org/codehaus/groovy/classgen/asm/ClosureWriter
Event: 6.775 loading class org/codehaus/groovy/classgen/asm/ClosureWriter done
Event: 6.775 loading class org/codehaus/groovy/classgen/asm/BytecodeHelper$ReturnVarHandler
Event: 6.775 loading class org/codehaus/groovy/classgen/asm/BytecodeHelper$ReturnVarHandler done
Event: 6.777 loading class org/codehaus/groovy/ast/MethodNode
Event: 6.777 loading class org/codehaus/groovy/ast/MethodNode done
Event: 6.777 loading class org/codehaus/groovy/classgen/asm/MopWriter$MopKey
Event: 6.777 loading class org/codehaus/groovy/classgen/asm/MopWriter$MopKey done
Event: 6.777 loading class org/codehaus/groovy/ast/MethodNode
Event: 6.777 loading class org/codehaus/groovy/ast/MethodNode done
Event: 6.779 loading class groovyjarjarasm/asm/ClassVisitor
Event: 6.779 loading class groovyjarjarasm/asm/ClassVisitor done
Event: 6.779 loading class org/codehaus/groovy/control/CompilationUnit$ClassgenCallback
Event: 6.779 loading class org/codehaus/groovy/control/CompilationUnit$ClassgenCallback done
Event: 6.779 loading class groovyjarjarasm/asm/ClassVisitor
Event: 6.779 loading class groovyjarjarasm/asm/ClassVisitor done
Event: 6.779 loading class groovy/lang/GroovyClassLoader$2
Event: 6.779 loading class groovy/lang/GroovyClassLoader$2 done
Event: 6.779 loading class java/security/PermissionsEnumerator
Event: 6.780 loading class java/security/PermissionsEnumerator done


Dynamic libraries:
0x00007ff6bd2a0000 - 0x00007ff6bd2aa000 	F:\progame\Android\jre\bin\java.exe
0x00007ffe4d700000 - 0x00007ffe4d909000 	C:\WINDOWS\SYSTEM32\ntdll.dll
0x00007ffe4cc90000 - 0x00007ffe4cd4d000 	C:\WINDOWS\System32\KERNEL32.DLL
0x00007ffe4aee0000 - 0x00007ffe4b254000 	C:\WINDOWS\System32\KERNELBASE.dll
0x00007ffe4b310000 - 0x00007ffe4b421000 	C:\WINDOWS\System32\ucrtbase.dll
0x00007ffe412d0000 - 0x00007ffe412e7000 	F:\progame\Android\jre\bin\VCRUNTIME140.dll
0x00007ffe410d0000 - 0x00007ffe410e9000 	F:\progame\Android\jre\bin\jli.dll
0x00007ffe4b600000 - 0x00007ffe4b7ac000 	C:\WINDOWS\System32\USER32.dll
0x00007ffe4b260000 - 0x00007ffe4b286000 	C:\WINDOWS\System32\win32u.dll
0x00007ffe4b5a0000 - 0x00007ffe4b5c9000 	C:\WINDOWS\System32\GDI32.dll
0x00007ffe39740000 - 0x00007ffe399e5000 	C:\WINDOWS\WinSxS\amd64_microsoft.windows.common-controls_6595b64144ccf1df_6.0.22000.120_none_9d947278b86cc467\COMCTL32.dll
0x00007ffe4ac90000 - 0x00007ffe4ada2000 	C:\WINDOWS\System32\gdi32full.dll
0x00007ffe4c210000 - 0x00007ffe4c2b3000 	C:\WINDOWS\System32\msvcrt.dll
0x00007ffe4abf0000 - 0x00007ffe4ac8d000 	C:\WINDOWS\System32\msvcp_win.dll
0x00007ffe4c7f0000 - 0x00007ffe4c821000 	C:\WINDOWS\System32\IMM32.DLL
0x00007ffe1a970000 - 0x00007ffe1aa0d000 	F:\progame\Android\jre\bin\msvcp140.dll
0x00007ffe11d40000 - 0x00007ffe1280f000 	F:\progame\Android\jre\bin\server\jvm.dll
0x00007ffe4c610000 - 0x00007ffe4c6be000 	C:\WINDOWS\System32\ADVAPI32.dll
0x00007ffe4b8b0000 - 0x00007ffe4b94e000 	C:\WINDOWS\System32\sechost.dll
0x00007ffe4c0f0000 - 0x00007ffe4c210000 	C:\WINDOWS\System32\RPCRT4.dll
0x00007ffe4b8a0000 - 0x00007ffe4b8a8000 	C:\WINDOWS\System32\PSAPI.DLL
0x00007ffe43de0000 - 0x00007ffe43e13000 	C:\WINDOWS\SYSTEM32\WINMM.dll
0x00007ffe42240000 - 0x00007ffe4224a000 	C:\WINDOWS\SYSTEM32\VERSION.dll
0x00007ffe0a410000 - 0x00007ffe0a419000 	C:\WINDOWS\SYSTEM32\WSOCK32.dll
0x00007ffe4c720000 - 0x00007ffe4c78f000 	C:\WINDOWS\System32\WS2_32.dll
0x00007ffe49cf0000 - 0x00007ffe49d08000 	C:\WINDOWS\SYSTEM32\kernel.appcore.dll
0x00007ffe3ce90000 - 0x00007ffe3cea1000 	F:\progame\Android\jre\bin\verify.dll
0x00007ffe48780000 - 0x00007ffe489a1000 	C:\WINDOWS\SYSTEM32\DBGHELP.DLL
0x00007ffe34230000 - 0x00007ffe34261000 	C:\WINDOWS\SYSTEM32\dbgcore.DLL
0x00007ffe4b290000 - 0x00007ffe4b30f000 	C:\WINDOWS\System32\bcryptPrimitives.dll
0x00007ffe3ce60000 - 0x00007ffe3ce89000 	F:\progame\Android\jre\bin\java.dll
0x00007ffe466b0000 - 0x00007ffe466bb000 	F:\progame\Android\jre\bin\jimage.dll
0x00007ffe3ce40000 - 0x00007ffe3ce58000 	F:\progame\Android\jre\bin\zip.dll
0x00007ffe4cd50000 - 0x00007ffe4d4fe000 	C:\WINDOWS\System32\SHELL32.dll
0x00007ffe48d60000 - 0x00007ffe495c7000 	C:\WINDOWS\SYSTEM32\windows.storage.dll
0x00007ffe4c830000 - 0x00007ffe4cba8000 	C:\WINDOWS\System32\combase.dll
0x00007ffe48bf0000 - 0x00007ffe48d56000 	C:\WINDOWS\SYSTEM32\wintypes.dll
0x00007ffe4c3c0000 - 0x00007ffe4c4aa000 	C:\WINDOWS\System32\SHCORE.dll
0x00007ffe4c790000 - 0x00007ffe4c7ed000 	C:\WINDOWS\System32\shlwapi.dll
0x00007ffe4ab20000 - 0x00007ffe4ab41000 	C:\WINDOWS\SYSTEM32\profapi.dll
0x00007ffe39af0000 - 0x00007ffe39b0a000 	F:\progame\Android\jre\bin\net.dll
0x00007ffe442b0000 - 0x00007ffe443bc000 	C:\WINDOWS\SYSTEM32\WINHTTP.dll
0x00007ffe4a120000 - 0x00007ffe4a187000 	C:\WINDOWS\system32\mswsock.dll
0x00007ffe39a40000 - 0x00007ffe39a54000 	F:\progame\Android\jre\bin\nio.dll
0x00007ffe39aa0000 - 0x00007ffe39ac7000 	C:\Users\lenovo\.gradle\native\8bec1ad78214c89d9ad589b4d07fe93259594b29d510b10fafb7a158f7737e5d\windows-amd64\native-platform.dll
0x00007ffe18e00000 - 0x00007ffe18f3d000 	C:\Users\lenovo\.gradle\native\53dbd7edfb1c66fb8903c78663c9afc45aea4f116125fa6feffd364cf09443e8\windows-amd64\native-platform-file-events.dll
0x00007ffe465b0000 - 0x00007ffe465ba000 	F:\progame\Android\jre\bin\management.dll
0x00007ffe45390000 - 0x00007ffe4539c000 	F:\progame\Android\jre\bin\management_ext.dll
0x00007ffe4a360000 - 0x00007ffe4a378000 	C:\WINDOWS\SYSTEM32\CRYPTSP.dll
0x00007ffe49c50000 - 0x00007ffe49c85000 	C:\WINDOWS\system32\rsaenh.dll
0x00007ffe4a210000 - 0x00007ffe4a239000 	C:\WINDOWS\SYSTEM32\USERENV.dll
0x00007ffe4a4e0000 - 0x00007ffe4a507000 	C:\WINDOWS\SYSTEM32\bcrypt.dll
0x00007ffe4a380000 - 0x00007ffe4a38c000 	C:\WINDOWS\SYSTEM32\CRYPTBASE.dll
0x00007ffe49860000 - 0x00007ffe4988d000 	C:\WINDOWS\SYSTEM32\IPHLPAPI.DLL
0x00007ffe4c4b0000 - 0x00007ffe4c4b9000 	C:\WINDOWS\System32\NSI.dll
0x00007ffe44410000 - 0x00007ffe44429000 	C:\WINDOWS\SYSTEM32\dhcpcsvc6.DLL
0x00007ffe447f0000 - 0x00007ffe4480e000 	C:\WINDOWS\SYSTEM32\dhcpcsvc.DLL
0x00007ffe49890000 - 0x00007ffe49977000 	C:\WINDOWS\SYSTEM32\DNSAPI.dll

dbghelp: loaded successfully - version: 4.0.5 - missing functions: none
symbol engine: initialized successfully - sym options: 0x614 - pdb path: .;F:\progame\Android\jre\bin;C:\WINDOWS\SYSTEM32;C:\WINDOWS\WinSxS\amd64_microsoft.windows.common-controls_6595b64144ccf1df_6.0.22000.120_none_9d947278b86cc467;F:\progame\Android\jre\bin\server;C:\Users\lenovo\.gradle\native\8bec1ad78214c89d9ad589b4d07fe93259594b29d510b10fafb7a158f7737e5d\windows-amd64;C:\Users\lenovo\.gradle\native\53dbd7edfb1c66fb8903c78663c9afc45aea4f116125fa6feffd364cf09443e8\windows-amd64

VM Arguments:
jvm_args: --add-opens=java.base/java.util=ALL-UNNAMED --add-opens=java.base/java.lang=ALL-UNNAMED --add-opens=java.base/java.lang.invoke=ALL-UNNAMED --add-opens=java.base/java.util=ALL-UNNAMED --add-opens=java.prefs/java.util.prefs=ALL-UNNAMED --add-opens=java.prefs/java.util.prefs=ALL-UNNAMED --add-opens=java.base/java.nio.charset=ALL-UNNAMED --add-opens=java.base/java.net=ALL-UNNAMED --add-opens=java.base/java.util.concurrent.atomic=ALL-UNNAMED -Xmx2048m -Dfile.encoding=UTF-8 -Duser.country=CN -Duser.language=zh -Duser.variant 
java_command: org.gradle.launcher.daemon.bootstrap.GradleDaemon 7.0.2
java_class_path (initial): C:\Users\lenovo\.gradle\wrapper\dists\gradle-7.0.2-bin\857tjihv64xamwrf0h14cai3r\gradle-7.0.2\lib\gradle-launcher-7.0.2.jar
Launcher Type: SUN_STANDARD

[Global flags]
     intx CICompilerCount                          = 4                                         {product} {ergonomic}
     uint ConcGCThreads                            = 3                                         {product} {ergonomic}
     uint G1ConcRefinementThreads                  = 10                                        {product} {ergonomic}
   size_t G1HeapRegionSize                         = 1048576                                   {product} {ergonomic}
    uintx GCDrainStackTargetSize                   = 64                                        {product} {ergonomic}
   size_t InitialHeapSize                          = 232783872                                 {product} {ergonomic}
   size_t MarkStackSize                            = 4194304                                   {product} {ergonomic}
   size_t MaxHeapSize                              = 2147483648                                {product} {command line}
   size_t MaxNewSize                               = 1287651328                                {product} {ergonomic}
   size_t MinHeapDeltaBytes                        = 1048576                                   {product} {ergonomic}
    uintx NonNMethodCodeHeapSize                   = 5836300                                {pd product} {ergonomic}
    uintx NonProfiledCodeHeapSize                  = 122910970                              {pd product} {ergonomic}
    uintx ProfiledCodeHeapSize                     = 122910970                              {pd product} {ergonomic}
    uintx ReservedCodeCacheSize                    = 251658240                              {pd product} {ergonomic}
     bool SegmentedCodeCache                       = true                                      {product} {ergonomic}
     bool UseCompressedClassPointers               = true                                 {lp64_product} {ergonomic}
     bool UseCompressedOops                        = true                                 {lp64_product} {ergonomic}
     bool UseG1GC                                  = true                                      {product} {ergonomic}
     bool UseLargePagesIndividualAllocation        = false                                  {pd product} {ergonomic}

Logging:
Log output configuration:
 #0: stdout all=warning uptime,level,tags
 #1: stderr all=off uptime,level,tags

Environment Variables:
PATH=C:\Program Files\PlasticSCM5\server;C:\Program Files\PlasticSCM5\client;E:\新建文件夹\CodeBlocks\MinGW\bin;C:\P;ogram Files (x86)\Common Files\Oracle\Java\javapath;C:\WINDOWS\system32;C:\WINDOWS;C:\WINDOWS\System32\Wbem;C:\WINDOWS\System32\WindowsPowerShell\v1.0\;C:\WINDOWS\System32\OpenSSH\;F:\新建文件夹\Microsoft VS Code\bin;;E:\新建文件夹\Git\cmd;F:\;E:\Scripts\;E:\;C:\Users\lenovo\AppData\Local\Microsoft\WindowsApps;F:\新建文件夹\Microsoft VS Code\bin;E:\新建文件夹\CodeBlocks\MinGW\bin;C:\Users\lenovo\AppData\Local\GitHubDesktop\bin;C:\Users\lenovo\AppData\Roaming\npm;F:\node\node_modules;F:\node;
USERNAME=lenovo
OS=Windows_NT
PROCESSOR_IDENTIFIER=AMD64 Family 23 Model 96 Stepping 1, AuthenticAMD



---------------  S Y S T E M  ---------------

OS: Windows 10 , 64 bit Build 22000 (10.0.22000.434)
OS uptime: 8 days 20:16 hours

CPU:total 12 (initial active 12) (12 cores per cpu, 2 threads per core) family 23 model 96 stepping 1 microcode 0x0, cmov, cx8, fxsr, mmx, sse, sse2, sse3, ssse3, sse4.1, sse4.2, popcnt, avx, avx2, aes, clmul, mmxext, 3dnowpref, lzcnt, sse4a, ht, tsc, tscinvbit, tscinv, bmi1, bmi2, adx, 

Memory: 4k page, system-wide physical 14205M (5077M free)
TotalPageFile size 27005M (AvailPageFile size 3M)
current process WorkingSet (physical memory assigned to process): 409M, peak: 410M
current process commit charge ("private bytes"): 481M, peak: 483M

vm_info: OpenJDK 64-Bit Server VM (11.0.10+0-b96-7249189) for windows-amd64 JRE (11.0.10+0-b96-7249189), built on Mar 31 2021 21:44:00 by "builder" with MS VC++ 14.0 (VS2015)

END.
